#
# There is insufficient memory for the Java Runtime Environment to continue.
# Native memory allocation (malloc) failed to allocate 1525776 bytes for Chunk::new
# Possible reasons:
#   The system is out of physical RAM or swap space
#   The process is running with CompressedOops enabled, and the Java Heap may be blocking the growth of the native heap
# Possible solutions:
#   Reduce memory load on the system
#   Increase physical memory or swap space
#   Check if swap backing store is full
#   Decrease Java heap size (-Xmx/-Xms)
#   Decrease number of Java threads
#   Decrease Java thread stack sizes (-Xss)
#   Set larger code cache with -XX:ReservedCodeCacheSize=
#   JVM is running with Unscaled Compressed Oops mode in which the Java heap is
#     placed in the first 4GB address space. The Java Heap base address is the
#     maximum limit for the native heap growth. Please use -XX:HeapBaseMinAddress
#     to set the Java Heap base and to place the Java Heap above 4GB virtual address.
# This output file may be truncated or incomplete.
#
#  Out of Memory Error (arena.cpp:189), pid=19932, tid=6156
#
# JRE version: Java(TM) SE Runtime Environment (17.0.8+9) (build 17.0.8+9-LTS-211)
# Java VM: Java HotSpot(TM) 64-Bit Server VM (17.0.8+9-LTS-211, mixed mode, sharing, tiered, compressed oops, compressed class ptrs, g1 gc, windows-amd64)
# No core dump will be written. Minidumps are not enabled by default on client versions of Windows
#

---------------  S U M M A R Y ------------

Command Line: --add-opens=java.base/java.util=ALL-UNNAMED --add-opens=java.base/java.lang=ALL-UNNAMED --add-opens=java.base/java.lang.invoke=ALL-UNNAMED --add-opens=java.prefs/java.util.prefs=ALL-UNNAMED --add-opens=java.base/java.nio.charset=ALL-UNNAMED --add-opens=java.base/java.net=ALL-UNNAMED --add-opens=java.base/java.util.concurrent.atomic=ALL-UNNAMED -XX:MaxMetaspaceSize=384m -XX:+HeapDumpOnOutOfMemoryError -Xms256m -Xmx512m -Dfile.encoding=windows-1252 -Duser.country=US -Duser.language=en -Duser.variant -javaagent:C:\gradle-8.2.1\lib\agents\gradle-instrumentation-agent-8.2.1.jar org.gradle.launcher.daemon.bootstrap.GradleDaemon 8.2.1

Host: Intel(R) Core(TM) i5-1035G1 CPU @ 1.00GHz, 8 cores, 15G,  Windows 10 , 64 bit Build 19041 (10.0.19041.3636)
Time: Sun May 26 04:34:13 2024 SE Asia Standard Time elapsed time: 66.987294 seconds (0d 0h 1m 6s)

---------------  T H R E A D  ---------------

Current thread (0x000001df6b18e240):  JavaThread "C2 CompilerThread0" daemon [_thread_in_native, id=6156, stack(0x0000003847a00000,0x0000003847b00000)]


Current CompileTask:
C2:  66987 10963   !   4       org.gradle.internal.service.DefaultServiceRegistry$ManagedObjectServiceProvider::getInstance (47 bytes)

Stack: [0x0000003847a00000,0x0000003847b00000]
Native frames: (J=compiled Java code, j=interpreted, Vv=VM code, C=native code)
V  [jvm.dll+0x677d0a]
V  [jvm.dll+0x7d8c54]
V  [jvm.dll+0x7da3fe]
V  [jvm.dll+0x7daa63]
V  [jvm.dll+0x245c5f]
V  [jvm.dll+0xaaa6b]
V  [jvm.dll+0xab00c]
V  [jvm.dll+0x361e3f]
V  [jvm.dll+0x32c551]
V  [jvm.dll+0x32b9ea]
V  [jvm.dll+0x217fff]
V  [jvm.dll+0x217431]
V  [jvm.dll+0x1a3af0]
V  [jvm.dll+0x2270be]
V  [jvm.dll+0x22535b]
V  [jvm.dll+0x78e7bc]
V  [jvm.dll+0x788bba]
V  [jvm.dll+0x676b35]
C  [ucrtbase.dll+0x21bb2]
C  [KERNEL32.DLL+0x17344]
C  [ntdll.dll+0x526b1]


---------------  P R O C E S S  ---------------

Threads class SMR info:
_java_thread_list=0x000001df71090c60, length=48, elements={
0x000001df4e937fe0, 0x000001df6b16cbf0, 0x000001df6b16d6b0, 0x000001df6b187840,
0x000001df6b188300, 0x000001df6b18cce0, 0x000001df6b18d5a0, 0x000001df6b18e240,
0x000001df6b18f390, 0x000001df6b191ca0, 0x000001df6b158840, 0x000001df6b473650,
0x000001df70e66630, 0x000001df720614c0, 0x000001df7210c200, 0x000001df720d4a20,
0x000001df720d23a0, 0x000001df720d3bb0, 0x000001df720d1060, 0x000001df720d1a00,
0x000001df720d1ed0, 0x000001df720d1530, 0x000001df720d3210, 0x000001df72b392d0,
0x000001df72b3aae0, 0x000001df72b3fcb0, 0x000001df72b3c7c0, 0x000001df72b3be20,
0x000001df72b3db00, 0x000001df72b3e970, 0x000001df72b40650, 0x000001df72b3dfd0,
0x000001df73edd170, 0x000001df73edb960, 0x000001df73edafc0, 0x000001df75a97050,
0x000001df75a919b0, 0x000001df75a92350, 0x000001df75e4e5d0, 0x000001df75e4d760,
0x000001df75e480c0, 0x000001df75e4a270, 0x000001df75e4eaa0, 0x000001df75e4ba80,
0x000001df75e4a740, 0x000001df75e48590, 0x000001df75e4d290, 0x000001df75e4dc30
}

Java Threads: ( => current thread )
  0x000001df4e937fe0 JavaThread "main" [_thread_blocked, id=7816, stack(0x0000003846d00000,0x0000003846e00000)]
  0x000001df6b16cbf0 JavaThread "Reference Handler" daemon [_thread_blocked, id=5272, stack(0x0000003847400000,0x0000003847500000)]
  0x000001df6b16d6b0 JavaThread "Finalizer" daemon [_thread_blocked, id=16928, stack(0x0000003847500000,0x0000003847600000)]
  0x000001df6b187840 JavaThread "Signal Dispatcher" daemon [_thread_blocked, id=11228, stack(0x0000003847600000,0x0000003847700000)]
  0x000001df6b188300 JavaThread "Attach Listener" daemon [_thread_blocked, id=18068, stack(0x0000003847700000,0x0000003847800000)]
  0x000001df6b18cce0 JavaThread "Service Thread" daemon [_thread_blocked, id=9868, stack(0x0000003847800000,0x0000003847900000)]
  0x000001df6b18d5a0 JavaThread "Monitor Deflation Thread" daemon [_thread_blocked, id=12168, stack(0x0000003847900000,0x0000003847a00000)]
=>0x000001df6b18e240 JavaThread "C2 CompilerThread0" daemon [_thread_in_native, id=6156, stack(0x0000003847a00000,0x0000003847b00000)]
  0x000001df6b18f390 JavaThread "C1 CompilerThread0" daemon [_thread_blocked, id=6456, stack(0x0000003847b00000,0x0000003847c00000)]
  0x000001df6b191ca0 JavaThread "Sweeper thread" daemon [_thread_blocked, id=5100, stack(0x0000003847c00000,0x0000003847d00000)]
  0x000001df6b158840 JavaThread "Common-Cleaner" daemon [_thread_blocked, id=14004, stack(0x0000003847d00000,0x0000003847e00000)]
  0x000001df6b473650 JavaThread "Notification Thread" daemon [_thread_blocked, id=19640, stack(0x0000003847e00000,0x0000003847f00000)]
  0x000001df70e66630 JavaThread "Daemon health stats" [_thread_blocked, id=22104, stack(0x0000003848700000,0x0000003848800000)]
  0x000001df720614c0 JavaThread "Incoming local TCP Connector on port 54768" [_thread_in_native, id=6108, stack(0x0000003848000000,0x0000003848100000)]
  0x000001df7210c200 JavaThread "Daemon periodic checks" [_thread_blocked, id=22776, stack(0x0000003848600000,0x0000003848700000)]
  0x000001df720d4a20 JavaThread "Daemon" [_thread_blocked, id=24116, stack(0x0000003848900000,0x0000003848a00000)]
  0x000001df720d23a0 JavaThread "Daemon worker" [_thread_blocked, id=22896, stack(0x0000003848c00000,0x0000003848d00000)]
  0x000001df720d3bb0 JavaThread "Cache worker for journal cache (C:\gradle-8.2.1\caches\journal-1)" [_thread_blocked, id=18168, stack(0x0000003849000000,0x0000003849100000)]
  0x000001df720d1060 JavaThread "File lock request listener" [_thread_in_native, id=1748, stack(0x0000003849100000,0x0000003849200000)]
  0x000001df720d1a00 JavaThread "File lock release action executor" [_thread_blocked, id=8520, stack(0x0000003849200000,0x0000003849300000)]
  0x000001df720d1ed0 JavaThread "Cache worker for file hash cache (C:\gradle-8.2.1\caches\8.2.1\fileHashes)" [_thread_blocked, id=1784, stack(0x0000003848800000,0x0000003848900000)]
  0x000001df720d1530 JavaThread "File watcher server" daemon [_thread_in_native, id=20092, stack(0x0000003849400000,0x0000003849500000)]
  0x000001df720d3210 JavaThread "File watcher consumer" daemon [_thread_blocked, id=10280, stack(0x0000003849500000,0x0000003849600000)]
  0x000001df72b392d0 JavaThread "Cache worker for file content cache (C:\gradle-8.2.1\caches\8.2.1\fileContent)" [_thread_blocked, id=16516, stack(0x0000003849800000,0x0000003849900000)]
  0x000001df72b3aae0 JavaThread "Cache worker for execution history cache (C:\gradle-8.2.1\caches\8.2.1\executionHistory)" [_thread_blocked, id=19832, stack(0x0000003849d00000,0x0000003849e00000)]
  0x000001df72b3fcb0 JavaThread "jar transforms" [_thread_blocked, id=14492, stack(0x0000003849f00000,0x000000384a000000)]
  0x000001df72b3c7c0 JavaThread "jar transforms Thread 2" [_thread_blocked, id=14996, stack(0x0000003849e00000,0x0000003849f00000)]
  0x000001df72b3be20 JavaThread "jar transforms Thread 3" [_thread_blocked, id=19148, stack(0x000000384a200000,0x000000384a300000)]
  0x000001df72b3db00 JavaThread "jar transforms Thread 4" [_thread_blocked, id=13076, stack(0x000000384a300000,0x000000384a400000)]
  0x000001df72b3e970 JavaThread "jar transforms Thread 5" [_thread_blocked, id=22392, stack(0x000000384a400000,0x000000384a500000)]
  0x000001df72b40650 JavaThread "jar transforms Thread 6" [_thread_blocked, id=20920, stack(0x000000384a500000,0x000000384a600000)]
  0x000001df72b3dfd0 JavaThread "jar transforms Thread 7" [_thread_blocked, id=22196, stack(0x000000384a000000,0x000000384a100000)]
  0x000001df73edd170 JavaThread "jar transforms Thread 8" [_thread_blocked, id=15796, stack(0x000000384af00000,0x000000384b000000)]
  0x000001df73edb960 JavaThread "Memory manager" [_thread_blocked, id=16768, stack(0x000000384b000000,0x000000384b100000)]
  0x000001df73edafc0 JavaThread "included builds" [_thread_blocked, id=15112, stack(0x000000384b200000,0x000000384b300000)]
  0x000001df75a97050 JavaThread "Daemon Thread 2" [_thread_blocked, id=9124, stack(0x0000003848d00000,0x0000003848e00000)]
  0x000001df75a919b0 JavaThread "File lock release action executor Thread 2" [_thread_blocked, id=21040, stack(0x000000384b300000,0x000000384b400000)]
  0x000001df75a92350 JavaThread "included builds" [_thread_blocked, id=14308, stack(0x000000384b400000,0x000000384b500000)]
  0x000001df75e4e5d0 JavaThread "Handler for socket connection from /127.0.0.1:54768 to /127.0.0.1:54851" [_thread_in_native, id=5812, stack(0x0000003846b00000,0x0000003846c00000)]
  0x000001df75e4d760 JavaThread "Cancel handler" [_thread_blocked, id=18600, stack(0x0000003846c00000,0x0000003846d00000)]
  0x000001df75e480c0 JavaThread "Daemon Thread 3" [_thread_blocked, id=12452, stack(0x0000003848e00000,0x0000003848f00000)]
  0x000001df75e4a270 JavaThread "Asynchronous log dispatcher for DefaultDaemonConnection: socket connection from /127.0.0.1:54768 to /127.0.0.1:54851" [_thread_blocked, id=11584, stack(0x0000003849300000,0x0000003849400000)]
  0x000001df75e4eaa0 JavaThread "Stdin handler" [_thread_blocked, id=14280, stack(0x0000003849600000,0x0000003849700000)]
  0x000001df75e4ba80 JavaThread "Daemon client event forwarder" [_thread_blocked, id=16380, stack(0x0000003849700000,0x0000003849800000)]
  0x000001df75e4a740 JavaThread "Cache worker for checksums cache (C:\Users\LENOVO\OneDrive\Desktop\Nhom19_webSchool\Nhom19-WebSchool_Login\.gradle\8.2.1\checksums)" [_thread_blocked, id=24264, stack(0x0000003848b00000,0x0000003848c00000)]
  0x000001df75e48590 JavaThread "Cache worker for cache directory md-rule (C:\gradle-8.2.1\caches\8.2.1\md-rule)" [_thread_blocked, id=16864, stack(0x000000384a100000,0x000000384a200000)]
  0x000001df75e4d290 JavaThread "Cache worker for file hash cache (C:\Users\LENOVO\OneDrive\Desktop\Nhom19_webSchool\Nhom19-WebSchool_Login\.gradle\8.2.1\fileHashes)" [_thread_blocked, id=22692, stack(0x0000003848f00000,0x0000003849000000)]
  0x000001df75e4dc30 JavaThread "Cache worker for cache directory md-supplier (C:\gradle-8.2.1\caches\8.2.1\md-supplier)" [_thread_blocked, id=10516, stack(0x0000003849c00000,0x0000003849d00000)]

Other Threads:
  0x000001df6b1681f0 VMThread "VM Thread" [stack: 0x0000003847300000,0x0000003847400000] [id=20300]
  0x000001df6b4f66a0 WatcherThread [stack: 0x0000003847f00000,0x0000003848000000] [id=22144]
  0x000001df4e966fa0 GCTaskThread "GC Thread#0" [stack: 0x0000003846e00000,0x0000003846f00000] [id=18552]
  0x000001df6befec80 GCTaskThread "GC Thread#1" [stack: 0x0000003848100000,0x0000003848200000] [id=5896]
  0x000001df6be3d830 GCTaskThread "GC Thread#2" [stack: 0x0000003848200000,0x0000003848300000] [id=20840]
  0x000001df6be3c430 GCTaskThread "GC Thread#3" [stack: 0x0000003848300000,0x0000003848400000] [id=6872]
  0x000001df703b40b0 GCTaskThread "GC Thread#4" [stack: 0x0000003848400000,0x0000003848500000] [id=12480]
  0x000001df70021860 GCTaskThread "GC Thread#5" [stack: 0x0000003848500000,0x0000003848600000] [id=8696]
  0x000001df6b989c40 GCTaskThread "GC Thread#6" [stack: 0x0000003849900000,0x0000003849a00000] [id=18396]
  0x000001df6b98a1a0 GCTaskThread "GC Thread#7" [stack: 0x0000003849a00000,0x0000003849b00000] [id=18700]
  0x000001df4e96ce00 ConcurrentGCThread "G1 Main Marker" [stack: 0x0000003846f00000,0x0000003847000000] [id=19484]
  0x000001df4e96d720 ConcurrentGCThread "G1 Conc#0" [stack: 0x0000003847000000,0x0000003847100000] [id=1920]
  0x000001df6b989ef0 ConcurrentGCThread "G1 Conc#1" [stack: 0x0000003849b00000,0x0000003849c00000] [id=12352]
  0x000001df4ea0d5a0 ConcurrentGCThread "G1 Refine#0" [stack: 0x0000003847100000,0x0000003847200000] [id=6808]
  0x000001df73e930e0 ConcurrentGCThread "G1 Refine#1" [stack: 0x000000384bb00000,0x000000384bc00000] [id=18812]
  0x000001df4ea0ded0 ConcurrentGCThread "G1 Service" [stack: 0x0000003847200000,0x0000003847300000] [id=21144]

Threads with active compile tasks:
C2 CompilerThread0    67027 10963   !   4       org.gradle.internal.service.DefaultServiceRegistry$ManagedObjectServiceProvider::getInstance (47 bytes)

VM state: not at safepoint (normal execution)

VM Mutex/Monitor currently owned by a thread: None

Heap address: 0x00000000e0000000, size: 512 MB, Compressed Oops mode: 32-bit

CDS archive(s) mapped at: [0x000001df00000000-0x000001df00bd0000-0x000001df00bd0000), size 12386304, SharedBaseAddress: 0x000001df00000000, ArchiveRelocationMode: 1.
Compressed class space mapped at: 0x000001df01000000-0x000001df15000000, reserved size: 335544320
Narrow klass base: 0x000001df00000000, Narrow klass shift: 0, Narrow klass range: 0x100000000

GC Precious Log:
 CPUs: 8 total, 8 available
 Memory: 16086M
 Large Page Support: Disabled
 NUMA Support: Disabled
 Compressed Oops: Enabled (32-bit)
 Heap Region Size: 1M
 Heap Min Capacity: 256M
 Heap Initial Capacity: 256M
 Heap Max Capacity: 512M
 Pre-touch: Disabled
 Parallel Workers: 8
 Concurrent Workers: 2
 Concurrent Refinement Workers: 8
 Periodic GC: Disabled

Heap:
 garbage-first heap   total 262144K, used 177197K [0x00000000e0000000, 0x0000000100000000)
  region size 1024K, 136 young (139264K), 6 survivors (6144K)
 Metaspace       used 56367K, committed 56960K, reserved 393216K
  class space    used 7616K, committed 7936K, reserved 327680K

Heap Regions: E=young(eden), S=young(survivor), O=old, HS=humongous(starts), HC=humongous(continues), CS=collection set, F=free, OA=open archive, CA=closed archive, TAMS=top-at-mark-start (previous, next)
|   0|0x00000000e0000000, 0x00000000e0100000, 0x00000000e0100000|100%|HS|  |TAMS 0x00000000e0100000, 0x00000000e0000000| Complete 
|   1|0x00000000e0100000, 0x00000000e0200000, 0x00000000e0200000|100%|HC|  |TAMS 0x00000000e0200000, 0x00000000e0100000| Complete 
|   2|0x00000000e0200000, 0x00000000e0300000, 0x00000000e0300000|100%|HC|  |TAMS 0x00000000e0300000, 0x00000000e0200000| Complete 
|   3|0x00000000e0300000, 0x00000000e0400000, 0x00000000e0400000|100%|HC|  |TAMS 0x00000000e0400000, 0x00000000e0300000| Complete 
|   4|0x00000000e0400000, 0x00000000e0500000, 0x00000000e0500000|100%| O|  |TAMS 0x00000000e0500000, 0x00000000e0400000| Untracked 
|   5|0x00000000e0500000, 0x00000000e0600000, 0x00000000e0600000|100%| O|  |TAMS 0x00000000e0500000, 0x00000000e0500000| Untracked 
|   6|0x00000000e0600000, 0x00000000e0700000, 0x00000000e0700000|100%| O|  |TAMS 0x00000000e0700000, 0x00000000e0600000| Untracked 
|   7|0x00000000e0700000, 0x00000000e0800000, 0x00000000e0800000|100%| O|  |TAMS 0x00000000e0800000, 0x00000000e0700000| Untracked 
|   8|0x00000000e0800000, 0x00000000e0900000, 0x00000000e0900000|100%| O|  |TAMS 0x00000000e0900000, 0x00000000e0800000| Untracked 
|   9|0x00000000e0900000, 0x00000000e0a00000, 0x00000000e0a00000|100%| O|  |TAMS 0x00000000e0a00000, 0x00000000e0900000| Untracked 
|  10|0x00000000e0a00000, 0x00000000e0b00000, 0x00000000e0b00000|100%| O|  |TAMS 0x00000000e0b00000, 0x00000000e0a00000| Untracked 
|  11|0x00000000e0b00000, 0x00000000e0c00000, 0x00000000e0c00000|100%| O|  |TAMS 0x00000000e0c00000, 0x00000000e0b00000| Untracked 
|  12|0x00000000e0c00000, 0x00000000e0d00000, 0x00000000e0d00000|100%| O|  |TAMS 0x00000000e0d00000, 0x00000000e0c00000| Untracked 
|  13|0x00000000e0d00000, 0x00000000e0e00000, 0x00000000e0e00000|100%| O|  |TAMS 0x00000000e0e00000, 0x00000000e0d00000| Untracked 
|  14|0x00000000e0e00000, 0x00000000e0f00000, 0x00000000e0f00000|100%| O|  |TAMS 0x00000000e0f00000, 0x00000000e0e00000| Untracked 
|  15|0x00000000e0f00000, 0x00000000e1000000, 0x00000000e1000000|100%| O|  |TAMS 0x00000000e1000000, 0x00000000e0f00000| Untracked 
|  16|0x00000000e1000000, 0x00000000e1100000, 0x00000000e1100000|100%| O|  |TAMS 0x00000000e1100000, 0x00000000e1000000| Untracked 
|  17|0x00000000e1100000, 0x00000000e1200000, 0x00000000e1200000|100%| O|  |TAMS 0x00000000e1200000, 0x00000000e1100000| Untracked 
|  18|0x00000000e1200000, 0x00000000e1300000, 0x00000000e1300000|100%| O|  |TAMS 0x00000000e1300000, 0x00000000e1200000| Untracked 
|  19|0x00000000e1300000, 0x00000000e1400000, 0x00000000e1400000|100%| O|  |TAMS 0x00000000e1400000, 0x00000000e1300000| Untracked 
|  20|0x00000000e1400000, 0x00000000e1500000, 0x00000000e1500000|100%| O|  |TAMS 0x00000000e1500000, 0x00000000e1400000| Untracked 
|  21|0x00000000e1500000, 0x00000000e1600000, 0x00000000e1600000|100%| O|  |TAMS 0x00000000e1600000, 0x00000000e1500000| Untracked 
|  22|0x00000000e1600000, 0x00000000e1700000, 0x00000000e1700000|100%| O|  |TAMS 0x00000000e1700000, 0x00000000e1600000| Untracked 
|  23|0x00000000e1700000, 0x00000000e1800000, 0x00000000e1800000|100%| O|  |TAMS 0x00000000e1800000, 0x00000000e1700000| Untracked 
|  24|0x00000000e1800000, 0x00000000e1900000, 0x00000000e1900000|100%| O|  |TAMS 0x00000000e1900000, 0x00000000e1800000| Untracked 
|  25|0x00000000e1900000, 0x00000000e1a00000, 0x00000000e1a00000|100%| O|  |TAMS 0x00000000e1a00000, 0x00000000e1900000| Untracked 
|  26|0x00000000e1a00000, 0x00000000e1b00000, 0x00000000e1b00000|100%| O|  |TAMS 0x00000000e1b00000, 0x00000000e1a00000| Untracked 
|  27|0x00000000e1b00000, 0x00000000e1c00000, 0x00000000e1c00000|100%| O|  |TAMS 0x00000000e1c00000, 0x00000000e1b00000| Untracked 
|  28|0x00000000e1c00000, 0x00000000e1d00000, 0x00000000e1d00000|100%| O|  |TAMS 0x00000000e1d00000, 0x00000000e1c00000| Untracked 
|  29|0x00000000e1d00000, 0x00000000e1e00000, 0x00000000e1e00000|100%| O|  |TAMS 0x00000000e1d98c00, 0x00000000e1d00000| Untracked 
|  30|0x00000000e1e00000, 0x00000000e1f00000, 0x00000000e1f00000|100%| O|  |TAMS 0x00000000e1e00000, 0x00000000e1e00000| Untracked 
|  31|0x00000000e1f00000, 0x00000000e2000000, 0x00000000e2000000|100%| O|  |TAMS 0x00000000e1f00000, 0x00000000e1f00000| Untracked 
|  32|0x00000000e2000000, 0x00000000e2100000, 0x00000000e2100000|100%| O|  |TAMS 0x00000000e2000000, 0x00000000e2000000| Untracked 
|  33|0x00000000e2100000, 0x00000000e2200000, 0x00000000e2200000|100%| O|  |TAMS 0x00000000e2100000, 0x00000000e2100000| Untracked 
|  34|0x00000000e2200000, 0x00000000e2300000, 0x00000000e2300000|100%| O|  |TAMS 0x00000000e2200000, 0x00000000e2200000| Untracked 
|  35|0x00000000e2300000, 0x00000000e2400000, 0x00000000e2400000|100%| O|  |TAMS 0x00000000e2300000, 0x00000000e2300000| Untracked 
|  36|0x00000000e2400000, 0x00000000e2500000, 0x00000000e2500000|100%| O|  |TAMS 0x00000000e2400000, 0x00000000e2400000| Untracked 
|  37|0x00000000e2500000, 0x00000000e2600000, 0x00000000e2600000|100%| O|  |TAMS 0x00000000e2500000, 0x00000000e2500000| Untracked 
|  38|0x00000000e2600000, 0x00000000e2700000, 0x00000000e2700000|100%| O|  |TAMS 0x00000000e2600000, 0x00000000e2600000| Untracked 
|  39|0x00000000e2700000, 0x00000000e277da00, 0x00000000e2800000| 49%| O|  |TAMS 0x00000000e2700000, 0x00000000e2700000| Untracked 
|  40|0x00000000e2800000, 0x00000000e2800000, 0x00000000e2900000|  0%| F|  |TAMS 0x00000000e2800000, 0x00000000e2800000| Untracked 
|  41|0x00000000e2900000, 0x00000000e2900000, 0x00000000e2a00000|  0%| F|  |TAMS 0x00000000e2900000, 0x00000000e2900000| Untracked 
|  42|0x00000000e2a00000, 0x00000000e2a00000, 0x00000000e2b00000|  0%| F|  |TAMS 0x00000000e2a00000, 0x00000000e2a00000| Untracked 
|  43|0x00000000e2b00000, 0x00000000e2b00000, 0x00000000e2c00000|  0%| F|  |TAMS 0x00000000e2b00000, 0x00000000e2b00000| Untracked 
|  44|0x00000000e2c00000, 0x00000000e2c00000, 0x00000000e2d00000|  0%| F|  |TAMS 0x00000000e2c00000, 0x00000000e2c00000| Untracked 
|  45|0x00000000e2d00000, 0x00000000e2d00000, 0x00000000e2e00000|  0%| F|  |TAMS 0x00000000e2d00000, 0x00000000e2d00000| Untracked 
|  46|0x00000000e2e00000, 0x00000000e2e00000, 0x00000000e2f00000|  0%| F|  |TAMS 0x00000000e2e00000, 0x00000000e2e00000| Untracked 
|  47|0x00000000e2f00000, 0x00000000e2f00000, 0x00000000e3000000|  0%| F|  |TAMS 0x00000000e2f00000, 0x00000000e2f00000| Untracked 
|  48|0x00000000e3000000, 0x00000000e3000000, 0x00000000e3100000|  0%| F|  |TAMS 0x00000000e3000000, 0x00000000e3000000| Untracked 
|  49|0x00000000e3100000, 0x00000000e3100000, 0x00000000e3200000|  0%| F|  |TAMS 0x00000000e3100000, 0x00000000e3100000| Untracked 
|  50|0x00000000e3200000, 0x00000000e3200000, 0x00000000e3300000|  0%| F|  |TAMS 0x00000000e3200000, 0x00000000e3200000| Untracked 
|  51|0x00000000e3300000, 0x00000000e3300000, 0x00000000e3400000|  0%| F|  |TAMS 0x00000000e3300000, 0x00000000e3300000| Untracked 
|  52|0x00000000e3400000, 0x00000000e3400000, 0x00000000e3500000|  0%| F|  |TAMS 0x00000000e3400000, 0x00000000e3400000| Untracked 
|  53|0x00000000e3500000, 0x00000000e3500000, 0x00000000e3600000|  0%| F|  |TAMS 0x00000000e3500000, 0x00000000e3500000| Untracked 
|  54|0x00000000e3600000, 0x00000000e3600000, 0x00000000e3700000|  0%| F|  |TAMS 0x00000000e3600000, 0x00000000e3600000| Untracked 
|  55|0x00000000e3700000, 0x00000000e3700000, 0x00000000e3800000|  0%| F|  |TAMS 0x00000000e3700000, 0x00000000e3700000| Untracked 
|  56|0x00000000e3800000, 0x00000000e3800000, 0x00000000e3900000|  0%| F|  |TAMS 0x00000000e3800000, 0x00000000e3800000| Untracked 
|  57|0x00000000e3900000, 0x00000000e3900000, 0x00000000e3a00000|  0%| F|  |TAMS 0x00000000e3900000, 0x00000000e3900000| Untracked 
|  58|0x00000000e3a00000, 0x00000000e3a00000, 0x00000000e3b00000|  0%| F|  |TAMS 0x00000000e3a00000, 0x00000000e3a00000| Untracked 
|  59|0x00000000e3b00000, 0x00000000e3b00000, 0x00000000e3c00000|  0%| F|  |TAMS 0x00000000e3b00000, 0x00000000e3b00000| Untracked 
|  60|0x00000000e3c00000, 0x00000000e3c00000, 0x00000000e3d00000|  0%| F|  |TAMS 0x00000000e3c00000, 0x00000000e3c00000| Untracked 
|  61|0x00000000e3d00000, 0x00000000e3d00000, 0x00000000e3e00000|  0%| F|  |TAMS 0x00000000e3d00000, 0x00000000e3d00000| Untracked 
|  62|0x00000000e3e00000, 0x00000000e3e00000, 0x00000000e3f00000|  0%| F|  |TAMS 0x00000000e3e00000, 0x00000000e3e00000| Untracked 
|  63|0x00000000e3f00000, 0x00000000e3f00000, 0x00000000e4000000|  0%| F|  |TAMS 0x00000000e3f00000, 0x00000000e3f00000| Untracked 
|  64|0x00000000e4000000, 0x00000000e4000000, 0x00000000e4100000|  0%| F|  |TAMS 0x00000000e4000000, 0x00000000e4000000| Untracked 
|  65|0x00000000e4100000, 0x00000000e4100000, 0x00000000e4200000|  0%| F|  |TAMS 0x00000000e4100000, 0x00000000e4100000| Untracked 
|  66|0x00000000e4200000, 0x00000000e4200000, 0x00000000e4300000|  0%| F|  |TAMS 0x00000000e4200000, 0x00000000e4200000| Untracked 
|  67|0x00000000e4300000, 0x00000000e4300000, 0x00000000e4400000|  0%| F|  |TAMS 0x00000000e4300000, 0x00000000e4300000| Untracked 
|  68|0x00000000e4400000, 0x00000000e4400000, 0x00000000e4500000|  0%| F|  |TAMS 0x00000000e4400000, 0x00000000e4400000| Untracked 
|  69|0x00000000e4500000, 0x00000000e4500000, 0x00000000e4600000|  0%| F|  |TAMS 0x00000000e4500000, 0x00000000e4500000| Untracked 
|  70|0x00000000e4600000, 0x00000000e4600000, 0x00000000e4700000|  0%| F|  |TAMS 0x00000000e4600000, 0x00000000e4600000| Untracked 
|  71|0x00000000e4700000, 0x00000000e4700000, 0x00000000e4800000|  0%| F|  |TAMS 0x00000000e4700000, 0x00000000e4700000| Untracked 
|  72|0x00000000e4800000, 0x00000000e4800000, 0x00000000e4900000|  0%| F|  |TAMS 0x00000000e4800000, 0x00000000e4800000| Untracked 
|  73|0x00000000e4900000, 0x00000000e4900000, 0x00000000e4a00000|  0%| F|  |TAMS 0x00000000e4900000, 0x00000000e4900000| Untracked 
|  74|0x00000000e4a00000, 0x00000000e4a00000, 0x00000000e4b00000|  0%| F|  |TAMS 0x00000000e4a00000, 0x00000000e4a00000| Untracked 
|  75|0x00000000e4b00000, 0x00000000e4b00000, 0x00000000e4c00000|  0%| F|  |TAMS 0x00000000e4b00000, 0x00000000e4b00000| Untracked 
|  76|0x00000000e4c00000, 0x00000000e4c00000, 0x00000000e4d00000|  0%| F|  |TAMS 0x00000000e4c00000, 0x00000000e4c00000| Untracked 
|  77|0x00000000e4d00000, 0x00000000e4d00000, 0x00000000e4e00000|  0%| F|  |TAMS 0x00000000e4d00000, 0x00000000e4d00000| Untracked 
|  78|0x00000000e4e00000, 0x00000000e4e00000, 0x00000000e4f00000|  0%| F|  |TAMS 0x00000000e4e00000, 0x00000000e4e00000| Untracked 
|  79|0x00000000e4f00000, 0x00000000e4f00000, 0x00000000e5000000|  0%| F|  |TAMS 0x00000000e4f00000, 0x00000000e4f00000| Untracked 
|  80|0x00000000e5000000, 0x00000000e5000000, 0x00000000e5100000|  0%| F|  |TAMS 0x00000000e5000000, 0x00000000e5000000| Untracked 
|  81|0x00000000e5100000, 0x00000000e5100000, 0x00000000e5200000|  0%| F|  |TAMS 0x00000000e5100000, 0x00000000e5100000| Untracked 
|  82|0x00000000e5200000, 0x00000000e5200000, 0x00000000e5300000|  0%| F|  |TAMS 0x00000000e5200000, 0x00000000e5200000| Untracked 
|  83|0x00000000e5300000, 0x00000000e5300000, 0x00000000e5400000|  0%| F|  |TAMS 0x00000000e5300000, 0x00000000e5300000| Untracked 
|  84|0x00000000e5400000, 0x00000000e5400000, 0x00000000e5500000|  0%| F|  |TAMS 0x00000000e5400000, 0x00000000e5400000| Untracked 
|  85|0x00000000e5500000, 0x00000000e5500000, 0x00000000e5600000|  0%| F|  |TAMS 0x00000000e5500000, 0x00000000e5500000| Untracked 
|  86|0x00000000e5600000, 0x00000000e5600000, 0x00000000e5700000|  0%| F|  |TAMS 0x00000000e5600000, 0x00000000e5600000| Untracked 
|  87|0x00000000e5700000, 0x00000000e5700000, 0x00000000e5800000|  0%| F|  |TAMS 0x00000000e5700000, 0x00000000e5700000| Untracked 
|  88|0x00000000e5800000, 0x00000000e5800000, 0x00000000e5900000|  0%| F|  |TAMS 0x00000000e5800000, 0x00000000e5800000| Untracked 
|  89|0x00000000e5900000, 0x00000000e5900000, 0x00000000e5a00000|  0%| F|  |TAMS 0x00000000e5900000, 0x00000000e5900000| Untracked 
|  90|0x00000000e5a00000, 0x00000000e5a00000, 0x00000000e5b00000|  0%| F|  |TAMS 0x00000000e5a00000, 0x00000000e5a00000| Untracked 
|  91|0x00000000e5b00000, 0x00000000e5b00000, 0x00000000e5c00000|  0%| F|  |TAMS 0x00000000e5b00000, 0x00000000e5b00000| Untracked 
|  92|0x00000000e5c00000, 0x00000000e5c00000, 0x00000000e5d00000|  0%| F|  |TAMS 0x00000000e5c00000, 0x00000000e5c00000| Untracked 
|  93|0x00000000e5d00000, 0x00000000e5d00000, 0x00000000e5e00000|  0%| F|  |TAMS 0x00000000e5d00000, 0x00000000e5d00000| Untracked 
|  94|0x00000000e5e00000, 0x00000000e5e00000, 0x00000000e5f00000|  0%| F|  |TAMS 0x00000000e5e00000, 0x00000000e5e00000| Untracked 
|  95|0x00000000e5f00000, 0x00000000e5f00000, 0x00000000e6000000|  0%| F|  |TAMS 0x00000000e5f00000, 0x00000000e5f00000| Untracked 
|  96|0x00000000e6000000, 0x00000000e6000000, 0x00000000e6100000|  0%| F|  |TAMS 0x00000000e6000000, 0x00000000e6000000| Untracked 
|  97|0x00000000e6100000, 0x00000000e6100000, 0x00000000e6200000|  0%| F|  |TAMS 0x00000000e6100000, 0x00000000e6100000| Untracked 
|  98|0x00000000e6200000, 0x00000000e6200000, 0x00000000e6300000|  0%| F|  |TAMS 0x00000000e6200000, 0x00000000e6200000| Untracked 
|  99|0x00000000e6300000, 0x00000000e6300000, 0x00000000e6400000|  0%| F|  |TAMS 0x00000000e6300000, 0x00000000e6300000| Untracked 
| 100|0x00000000e6400000, 0x00000000e6400000, 0x00000000e6500000|  0%| F|  |TAMS 0x00000000e6400000, 0x00000000e6400000| Untracked 
| 101|0x00000000e6500000, 0x00000000e6500000, 0x00000000e6600000|  0%| F|  |TAMS 0x00000000e6500000, 0x00000000e6500000| Untracked 
| 102|0x00000000e6600000, 0x00000000e6600000, 0x00000000e6700000|  0%| F|  |TAMS 0x00000000e6600000, 0x00000000e6600000| Untracked 
| 103|0x00000000e6700000, 0x00000000e6700000, 0x00000000e6800000|  0%| F|  |TAMS 0x00000000e6700000, 0x00000000e6700000| Untracked 
| 104|0x00000000e6800000, 0x00000000e6800000, 0x00000000e6900000|  0%| F|  |TAMS 0x00000000e6800000, 0x00000000e6800000| Untracked 
| 105|0x00000000e6900000, 0x00000000e6900000, 0x00000000e6a00000|  0%| F|  |TAMS 0x00000000e6900000, 0x00000000e6900000| Untracked 
| 106|0x00000000e6a00000, 0x00000000e6a00000, 0x00000000e6b00000|  0%| F|  |TAMS 0x00000000e6a00000, 0x00000000e6a00000| Untracked 
| 107|0x00000000e6b00000, 0x00000000e6b00000, 0x00000000e6c00000|  0%| F|  |TAMS 0x00000000e6b00000, 0x00000000e6b00000| Untracked 
| 108|0x00000000e6c00000, 0x00000000e6c00000, 0x00000000e6d00000|  0%| F|  |TAMS 0x00000000e6c00000, 0x00000000e6c00000| Untracked 
| 109|0x00000000e6d00000, 0x00000000e6d8dcc0, 0x00000000e6e00000| 55%| S|CS|TAMS 0x00000000e6d00000, 0x00000000e6d00000| Complete 
| 110|0x00000000e6e00000, 0x00000000e6f00000, 0x00000000e6f00000|100%| S|CS|TAMS 0x00000000e6e00000, 0x00000000e6e00000| Complete 
| 111|0x00000000e6f00000, 0x00000000e7000000, 0x00000000e7000000|100%| S|CS|TAMS 0x00000000e6f00000, 0x00000000e6f00000| Complete 
| 112|0x00000000e7000000, 0x00000000e7100000, 0x00000000e7100000|100%| S|CS|TAMS 0x00000000e7000000, 0x00000000e7000000| Complete 
| 113|0x00000000e7100000, 0x00000000e7200000, 0x00000000e7200000|100%| S|CS|TAMS 0x00000000e7100000, 0x00000000e7100000| Complete 
| 114|0x00000000e7200000, 0x00000000e7300000, 0x00000000e7300000|100%| S|CS|TAMS 0x00000000e7200000, 0x00000000e7200000| Complete 
| 115|0x00000000e7300000, 0x00000000e7300000, 0x00000000e7400000|  0%| F|  |TAMS 0x00000000e7300000, 0x00000000e7300000| Untracked 
| 116|0x00000000e7400000, 0x00000000e7400000, 0x00000000e7500000|  0%| F|  |TAMS 0x00000000e7400000, 0x00000000e7400000| Untracked 
| 117|0x00000000e7500000, 0x00000000e7500000, 0x00000000e7600000|  0%| F|  |TAMS 0x00000000e7500000, 0x00000000e7500000| Untracked 
| 118|0x00000000e7600000, 0x00000000e7600000, 0x00000000e7700000|  0%| F|  |TAMS 0x00000000e7600000, 0x00000000e7600000| Untracked 
| 119|0x00000000e7700000, 0x00000000e7700000, 0x00000000e7800000|  0%| F|  |TAMS 0x00000000e7700000, 0x00000000e7700000| Untracked 
| 120|0x00000000e7800000, 0x00000000e7800000, 0x00000000e7900000|  0%| F|  |TAMS 0x00000000e7800000, 0x00000000e7800000| Untracked 
| 121|0x00000000e7900000, 0x00000000e7900000, 0x00000000e7a00000|  0%| F|  |TAMS 0x00000000e7900000, 0x00000000e7900000| Untracked 
| 122|0x00000000e7a00000, 0x00000000e7a00000, 0x00000000e7b00000|  0%| F|  |TAMS 0x00000000e7a00000, 0x00000000e7a00000| Untracked 
| 123|0x00000000e7b00000, 0x00000000e7b00000, 0x00000000e7c00000|  0%| F|  |TAMS 0x00000000e7b00000, 0x00000000e7b00000| Untracked 
| 124|0x00000000e7c00000, 0x00000000e7c00000, 0x00000000e7d00000|  0%| F|  |TAMS 0x00000000e7c00000, 0x00000000e7c00000| Untracked 
| 125|0x00000000e7d00000, 0x00000000e7d00000, 0x00000000e7e00000|  0%| F|  |TAMS 0x00000000e7d00000, 0x00000000e7d00000| Untracked 
| 126|0x00000000e7e00000, 0x00000000e7ecdbc0, 0x00000000e7f00000| 80%| E|  |TAMS 0x00000000e7e00000, 0x00000000e7e00000| Complete 
| 127|0x00000000e7f00000, 0x00000000e8000000, 0x00000000e8000000|100%| E|CS|TAMS 0x00000000e7f00000, 0x00000000e7f00000| Complete 
| 128|0x00000000e8000000, 0x00000000e8100000, 0x00000000e8100000|100%| E|CS|TAMS 0x00000000e8000000, 0x00000000e8000000| Complete 
| 129|0x00000000e8100000, 0x00000000e8200000, 0x00000000e8200000|100%| E|CS|TAMS 0x00000000e8100000, 0x00000000e8100000| Complete 
| 130|0x00000000e8200000, 0x00000000e8300000, 0x00000000e8300000|100%| E|CS|TAMS 0x00000000e8200000, 0x00000000e8200000| Complete 
| 131|0x00000000e8300000, 0x00000000e8400000, 0x00000000e8400000|100%| E|CS|TAMS 0x00000000e8300000, 0x00000000e8300000| Complete 
| 132|0x00000000e8400000, 0x00000000e8500000, 0x00000000e8500000|100%| E|CS|TAMS 0x00000000e8400000, 0x00000000e8400000| Complete 
| 133|0x00000000e8500000, 0x00000000e8600000, 0x00000000e8600000|100%| E|CS|TAMS 0x00000000e8500000, 0x00000000e8500000| Complete 
| 134|0x00000000e8600000, 0x00000000e8700000, 0x00000000e8700000|100%| E|CS|TAMS 0x00000000e8600000, 0x00000000e8600000| Complete 
| 135|0x00000000e8700000, 0x00000000e8800000, 0x00000000e8800000|100%| E|CS|TAMS 0x00000000e8700000, 0x00000000e8700000| Complete 
| 136|0x00000000e8800000, 0x00000000e8900000, 0x00000000e8900000|100%| E|CS|TAMS 0x00000000e8800000, 0x00000000e8800000| Complete 
| 137|0x00000000e8900000, 0x00000000e8a00000, 0x00000000e8a00000|100%| E|CS|TAMS 0x00000000e8900000, 0x00000000e8900000| Complete 
| 138|0x00000000e8a00000, 0x00000000e8b00000, 0x00000000e8b00000|100%| E|CS|TAMS 0x00000000e8a00000, 0x00000000e8a00000| Complete 
| 139|0x00000000e8b00000, 0x00000000e8c00000, 0x00000000e8c00000|100%| E|  |TAMS 0x00000000e8b00000, 0x00000000e8b00000| Complete 
| 140|0x00000000e8c00000, 0x00000000e8d00000, 0x00000000e8d00000|100%| E|CS|TAMS 0x00000000e8c00000, 0x00000000e8c00000| Complete 
| 141|0x00000000e8d00000, 0x00000000e8e00000, 0x00000000e8e00000|100%| E|CS|TAMS 0x00000000e8d00000, 0x00000000e8d00000| Complete 
| 142|0x00000000e8e00000, 0x00000000e8f00000, 0x00000000e8f00000|100%| E|CS|TAMS 0x00000000e8e00000, 0x00000000e8e00000| Complete 
| 143|0x00000000e8f00000, 0x00000000e9000000, 0x00000000e9000000|100%| E|CS|TAMS 0x00000000e8f00000, 0x00000000e8f00000| Complete 
| 144|0x00000000e9000000, 0x00000000e9100000, 0x00000000e9100000|100%| E|CS|TAMS 0x00000000e9000000, 0x00000000e9000000| Complete 
| 145|0x00000000e9100000, 0x00000000e9200000, 0x00000000e9200000|100%| E|CS|TAMS 0x00000000e9100000, 0x00000000e9100000| Complete 
| 146|0x00000000e9200000, 0x00000000e9300000, 0x00000000e9300000|100%| E|CS|TAMS 0x00000000e9200000, 0x00000000e9200000| Complete 
| 147|0x00000000e9300000, 0x00000000e9400000, 0x00000000e9400000|100%| E|CS|TAMS 0x00000000e9300000, 0x00000000e9300000| Complete 
| 148|0x00000000e9400000, 0x00000000e9500000, 0x00000000e9500000|100%| E|CS|TAMS 0x00000000e9400000, 0x00000000e9400000| Complete 
| 149|0x00000000e9500000, 0x00000000e9600000, 0x00000000e9600000|100%| E|CS|TAMS 0x00000000e9500000, 0x00000000e9500000| Complete 
| 150|0x00000000e9600000, 0x00000000e9700000, 0x00000000e9700000|100%| E|CS|TAMS 0x00000000e9600000, 0x00000000e9600000| Complete 
| 151|0x00000000e9700000, 0x00000000e9800000, 0x00000000e9800000|100%| E|CS|TAMS 0x00000000e9700000, 0x00000000e9700000| Complete 
| 152|0x00000000e9800000, 0x00000000e9900000, 0x00000000e9900000|100%| E|CS|TAMS 0x00000000e9800000, 0x00000000e9800000| Complete 
| 153|0x00000000e9900000, 0x00000000e9a00000, 0x00000000e9a00000|100%| E|CS|TAMS 0x00000000e9900000, 0x00000000e9900000| Complete 
| 154|0x00000000e9a00000, 0x00000000e9b00000, 0x00000000e9b00000|100%| E|CS|TAMS 0x00000000e9a00000, 0x00000000e9a00000| Complete 
| 155|0x00000000e9b00000, 0x00000000e9c00000, 0x00000000e9c00000|100%| E|CS|TAMS 0x00000000e9b00000, 0x00000000e9b00000| Complete 
| 156|0x00000000e9c00000, 0x00000000e9d00000, 0x00000000e9d00000|100%| E|CS|TAMS 0x00000000e9c00000, 0x00000000e9c00000| Complete 
| 157|0x00000000e9d00000, 0x00000000e9e00000, 0x00000000e9e00000|100%| E|CS|TAMS 0x00000000e9d00000, 0x00000000e9d00000| Complete 
| 158|0x00000000e9e00000, 0x00000000e9f00000, 0x00000000e9f00000|100%| E|CS|TAMS 0x00000000e9e00000, 0x00000000e9e00000| Complete 
| 159|0x00000000e9f00000, 0x00000000ea000000, 0x00000000ea000000|100%| E|CS|TAMS 0x00000000e9f00000, 0x00000000e9f00000| Complete 
| 160|0x00000000ea000000, 0x00000000ea100000, 0x00000000ea100000|100%| E|CS|TAMS 0x00000000ea000000, 0x00000000ea000000| Complete 
| 161|0x00000000ea100000, 0x00000000ea200000, 0x00000000ea200000|100%| E|CS|TAMS 0x00000000ea100000, 0x00000000ea100000| Complete 
| 162|0x00000000ea200000, 0x00000000ea300000, 0x00000000ea300000|100%| E|CS|TAMS 0x00000000ea200000, 0x00000000ea200000| Complete 
| 163|0x00000000ea300000, 0x00000000ea400000, 0x00000000ea400000|100%| E|CS|TAMS 0x00000000ea300000, 0x00000000ea300000| Complete 
| 164|0x00000000ea400000, 0x00000000ea500000, 0x00000000ea500000|100%| E|CS|TAMS 0x00000000ea400000, 0x00000000ea400000| Complete 
| 165|0x00000000ea500000, 0x00000000ea600000, 0x00000000ea600000|100%| E|CS|TAMS 0x00000000ea500000, 0x00000000ea500000| Complete 
| 166|0x00000000ea600000, 0x00000000ea700000, 0x00000000ea700000|100%| E|CS|TAMS 0x00000000ea600000, 0x00000000ea600000| Complete 
| 167|0x00000000ea700000, 0x00000000ea800000, 0x00000000ea800000|100%| E|CS|TAMS 0x00000000ea700000, 0x00000000ea700000| Complete 
| 168|0x00000000ea800000, 0x00000000ea900000, 0x00000000ea900000|100%| E|CS|TAMS 0x00000000ea800000, 0x00000000ea800000| Complete 
| 169|0x00000000ea900000, 0x00000000eaa00000, 0x00000000eaa00000|100%| E|CS|TAMS 0x00000000ea900000, 0x00000000ea900000| Complete 
| 170|0x00000000eaa00000, 0x00000000eab00000, 0x00000000eab00000|100%| E|CS|TAMS 0x00000000eaa00000, 0x00000000eaa00000| Complete 
| 171|0x00000000eab00000, 0x00000000eac00000, 0x00000000eac00000|100%| E|CS|TAMS 0x00000000eab00000, 0x00000000eab00000| Complete 
| 172|0x00000000eac00000, 0x00000000ead00000, 0x00000000ead00000|100%| E|CS|TAMS 0x00000000eac00000, 0x00000000eac00000| Complete 
| 173|0x00000000ead00000, 0x00000000eae00000, 0x00000000eae00000|100%| E|CS|TAMS 0x00000000ead00000, 0x00000000ead00000| Complete 
| 174|0x00000000eae00000, 0x00000000eaf00000, 0x00000000eaf00000|100%| E|CS|TAMS 0x00000000eae00000, 0x00000000eae00000| Complete 
| 175|0x00000000eaf00000, 0x00000000eb000000, 0x00000000eb000000|100%| E|CS|TAMS 0x00000000eaf00000, 0x00000000eaf00000| Complete 
| 176|0x00000000eb000000, 0x00000000eb100000, 0x00000000eb100000|100%| E|CS|TAMS 0x00000000eb000000, 0x00000000eb000000| Complete 
| 177|0x00000000eb100000, 0x00000000eb200000, 0x00000000eb200000|100%| E|CS|TAMS 0x00000000eb100000, 0x00000000eb100000| Complete 
| 178|0x00000000eb200000, 0x00000000eb300000, 0x00000000eb300000|100%| E|CS|TAMS 0x00000000eb200000, 0x00000000eb200000| Complete 
| 179|0x00000000eb300000, 0x00000000eb400000, 0x00000000eb400000|100%| E|CS|TAMS 0x00000000eb300000, 0x00000000eb300000| Complete 
| 180|0x00000000eb400000, 0x00000000eb500000, 0x00000000eb500000|100%| E|CS|TAMS 0x00000000eb400000, 0x00000000eb400000| Complete 
| 181|0x00000000eb500000, 0x00000000eb600000, 0x00000000eb600000|100%| E|CS|TAMS 0x00000000eb500000, 0x00000000eb500000| Complete 
| 182|0x00000000eb600000, 0x00000000eb700000, 0x00000000eb700000|100%| E|CS|TAMS 0x00000000eb600000, 0x00000000eb600000| Complete 
| 183|0x00000000eb700000, 0x00000000eb800000, 0x00000000eb800000|100%| E|CS|TAMS 0x00000000eb700000, 0x00000000eb700000| Complete 
| 184|0x00000000eb800000, 0x00000000eb900000, 0x00000000eb900000|100%| E|CS|TAMS 0x00000000eb800000, 0x00000000eb800000| Complete 
| 185|0x00000000eb900000, 0x00000000eba00000, 0x00000000eba00000|100%| E|CS|TAMS 0x00000000eb900000, 0x00000000eb900000| Complete 
| 186|0x00000000eba00000, 0x00000000ebb00000, 0x00000000ebb00000|100%| E|CS|TAMS 0x00000000eba00000, 0x00000000eba00000| Complete 
| 187|0x00000000ebb00000, 0x00000000ebc00000, 0x00000000ebc00000|100%| E|CS|TAMS 0x00000000ebb00000, 0x00000000ebb00000| Complete 
| 188|0x00000000ebc00000, 0x00000000ebd00000, 0x00000000ebd00000|100%| E|CS|TAMS 0x00000000ebc00000, 0x00000000ebc00000| Complete 
| 189|0x00000000ebd00000, 0x00000000ebe00000, 0x00000000ebe00000|100%| E|CS|TAMS 0x00000000ebd00000, 0x00000000ebd00000| Complete 
| 190|0x00000000ebe00000, 0x00000000ebf00000, 0x00000000ebf00000|100%| E|CS|TAMS 0x00000000ebe00000, 0x00000000ebe00000| Complete 
| 191|0x00000000ebf00000, 0x00000000ec000000, 0x00000000ec000000|100%| E|CS|TAMS 0x00000000ebf00000, 0x00000000ebf00000| Complete 
| 192|0x00000000ec000000, 0x00000000ec100000, 0x00000000ec100000|100%| E|CS|TAMS 0x00000000ec000000, 0x00000000ec000000| Complete 
| 193|0x00000000ec100000, 0x00000000ec200000, 0x00000000ec200000|100%| E|CS|TAMS 0x00000000ec100000, 0x00000000ec100000| Complete 
| 194|0x00000000ec200000, 0x00000000ec300000, 0x00000000ec300000|100%| E|CS|TAMS 0x00000000ec200000, 0x00000000ec200000| Complete 
| 195|0x00000000ec300000, 0x00000000ec400000, 0x00000000ec400000|100%| E|CS|TAMS 0x00000000ec300000, 0x00000000ec300000| Complete 
| 196|0x00000000ec400000, 0x00000000ec500000, 0x00000000ec500000|100%| E|CS|TAMS 0x00000000ec400000, 0x00000000ec400000| Complete 
| 197|0x00000000ec500000, 0x00000000ec600000, 0x00000000ec600000|100%| E|CS|TAMS 0x00000000ec500000, 0x00000000ec500000| Complete 
| 198|0x00000000ec600000, 0x00000000ec700000, 0x00000000ec700000|100%| E|CS|TAMS 0x00000000ec600000, 0x00000000ec600000| Complete 
| 199|0x00000000ec700000, 0x00000000ec800000, 0x00000000ec800000|100%| E|CS|TAMS 0x00000000ec700000, 0x00000000ec700000| Complete 
| 200|0x00000000ec800000, 0x00000000ec900000, 0x00000000ec900000|100%| E|CS|TAMS 0x00000000ec800000, 0x00000000ec800000| Complete 
| 201|0x00000000ec900000, 0x00000000eca00000, 0x00000000eca00000|100%| E|CS|TAMS 0x00000000ec900000, 0x00000000ec900000| Complete 
| 202|0x00000000eca00000, 0x00000000ecb00000, 0x00000000ecb00000|100%| E|CS|TAMS 0x00000000eca00000, 0x00000000eca00000| Complete 
| 203|0x00000000ecb00000, 0x00000000ecc00000, 0x00000000ecc00000|100%| E|CS|TAMS 0x00000000ecb00000, 0x00000000ecb00000| Complete 
| 204|0x00000000ecc00000, 0x00000000ecd00000, 0x00000000ecd00000|100%| E|CS|TAMS 0x00000000ecc00000, 0x00000000ecc00000| Complete 
| 205|0x00000000ecd00000, 0x00000000ece00000, 0x00000000ece00000|100%| E|CS|TAMS 0x00000000ecd00000, 0x00000000ecd00000| Complete 
| 206|0x00000000ece00000, 0x00000000ecf00000, 0x00000000ecf00000|100%| E|CS|TAMS 0x00000000ece00000, 0x00000000ece00000| Complete 
| 207|0x00000000ecf00000, 0x00000000ed000000, 0x00000000ed000000|100%| E|CS|TAMS 0x00000000ecf00000, 0x00000000ecf00000| Complete 
| 208|0x00000000ed000000, 0x00000000ed100000, 0x00000000ed100000|100%| E|CS|TAMS 0x00000000ed000000, 0x00000000ed000000| Complete 
| 209|0x00000000ed100000, 0x00000000ed200000, 0x00000000ed200000|100%| E|CS|TAMS 0x00000000ed100000, 0x00000000ed100000| Complete 
| 210|0x00000000ed200000, 0x00000000ed300000, 0x00000000ed300000|100%| E|CS|TAMS 0x00000000ed200000, 0x00000000ed200000| Complete 
| 211|0x00000000ed300000, 0x00000000ed400000, 0x00000000ed400000|100%| E|CS|TAMS 0x00000000ed300000, 0x00000000ed300000| Complete 
| 212|0x00000000ed400000, 0x00000000ed500000, 0x00000000ed500000|100%| E|CS|TAMS 0x00000000ed400000, 0x00000000ed400000| Complete 
| 213|0x00000000ed500000, 0x00000000ed600000, 0x00000000ed600000|100%| E|CS|TAMS 0x00000000ed500000, 0x00000000ed500000| Complete 
| 214|0x00000000ed600000, 0x00000000ed700000, 0x00000000ed700000|100%| E|CS|TAMS 0x00000000ed600000, 0x00000000ed600000| Complete 
| 215|0x00000000ed700000, 0x00000000ed800000, 0x00000000ed800000|100%| E|CS|TAMS 0x00000000ed700000, 0x00000000ed700000| Complete 
| 216|0x00000000ed800000, 0x00000000ed900000, 0x00000000ed900000|100%| E|CS|TAMS 0x00000000ed800000, 0x00000000ed800000| Complete 
| 217|0x00000000ed900000, 0x00000000eda00000, 0x00000000eda00000|100%| E|CS|TAMS 0x00000000ed900000, 0x00000000ed900000| Complete 
| 218|0x00000000eda00000, 0x00000000edb00000, 0x00000000edb00000|100%| E|CS|TAMS 0x00000000eda00000, 0x00000000eda00000| Complete 
| 219|0x00000000edb00000, 0x00000000edc00000, 0x00000000edc00000|100%| E|CS|TAMS 0x00000000edb00000, 0x00000000edb00000| Complete 
| 220|0x00000000edc00000, 0x00000000edd00000, 0x00000000edd00000|100%| E|CS|TAMS 0x00000000edc00000, 0x00000000edc00000| Complete 
| 221|0x00000000edd00000, 0x00000000ede00000, 0x00000000ede00000|100%| E|CS|TAMS 0x00000000edd00000, 0x00000000edd00000| Complete 
| 222|0x00000000ede00000, 0x00000000edf00000, 0x00000000edf00000|100%| E|CS|TAMS 0x00000000ede00000, 0x00000000ede00000| Complete 
| 223|0x00000000edf00000, 0x00000000ee000000, 0x00000000ee000000|100%| E|CS|TAMS 0x00000000edf00000, 0x00000000edf00000| Complete 
| 224|0x00000000ee000000, 0x00000000ee100000, 0x00000000ee100000|100%| E|CS|TAMS 0x00000000ee000000, 0x00000000ee000000| Complete 
| 225|0x00000000ee100000, 0x00000000ee200000, 0x00000000ee200000|100%| E|CS|TAMS 0x00000000ee100000, 0x00000000ee100000| Complete 
| 226|0x00000000ee200000, 0x00000000ee300000, 0x00000000ee300000|100%| E|CS|TAMS 0x00000000ee200000, 0x00000000ee200000| Complete 
| 227|0x00000000ee300000, 0x00000000ee400000, 0x00000000ee400000|100%| E|CS|TAMS 0x00000000ee300000, 0x00000000ee300000| Complete 
| 228|0x00000000ee400000, 0x00000000ee500000, 0x00000000ee500000|100%| E|CS|TAMS 0x00000000ee400000, 0x00000000ee400000| Complete 
| 229|0x00000000ee500000, 0x00000000ee600000, 0x00000000ee600000|100%| E|CS|TAMS 0x00000000ee500000, 0x00000000ee500000| Complete 
| 230|0x00000000ee600000, 0x00000000ee700000, 0x00000000ee700000|100%| E|CS|TAMS 0x00000000ee600000, 0x00000000ee600000| Complete 
| 231|0x00000000ee700000, 0x00000000ee800000, 0x00000000ee800000|100%| E|CS|TAMS 0x00000000ee700000, 0x00000000ee700000| Complete 
| 232|0x00000000ee800000, 0x00000000ee900000, 0x00000000ee900000|100%| E|CS|TAMS 0x00000000ee800000, 0x00000000ee800000| Complete 
| 233|0x00000000ee900000, 0x00000000eea00000, 0x00000000eea00000|100%| E|CS|TAMS 0x00000000ee900000, 0x00000000ee900000| Complete 
| 234|0x00000000eea00000, 0x00000000eeb00000, 0x00000000eeb00000|100%| E|CS|TAMS 0x00000000eea00000, 0x00000000eea00000| Complete 
| 235|0x00000000eeb00000, 0x00000000eec00000, 0x00000000eec00000|100%| E|CS|TAMS 0x00000000eeb00000, 0x00000000eeb00000| Complete 
| 236|0x00000000eec00000, 0x00000000eed00000, 0x00000000eed00000|100%| E|CS|TAMS 0x00000000eec00000, 0x00000000eec00000| Complete 
| 237|0x00000000eed00000, 0x00000000eee00000, 0x00000000eee00000|100%| E|CS|TAMS 0x00000000eed00000, 0x00000000eed00000| Complete 
| 238|0x00000000eee00000, 0x00000000eef00000, 0x00000000eef00000|100%| E|CS|TAMS 0x00000000eee00000, 0x00000000eee00000| Complete 
| 239|0x00000000eef00000, 0x00000000ef000000, 0x00000000ef000000|100%| E|CS|TAMS 0x00000000eef00000, 0x00000000eef00000| Complete 
| 240|0x00000000ef000000, 0x00000000ef100000, 0x00000000ef100000|100%| E|CS|TAMS 0x00000000ef000000, 0x00000000ef000000| Complete 
| 241|0x00000000ef100000, 0x00000000ef200000, 0x00000000ef200000|100%| E|CS|TAMS 0x00000000ef100000, 0x00000000ef100000| Complete 
| 242|0x00000000ef200000, 0x00000000ef300000, 0x00000000ef300000|100%| E|CS|TAMS 0x00000000ef200000, 0x00000000ef200000| Complete 
| 243|0x00000000ef300000, 0x00000000ef400000, 0x00000000ef400000|100%| E|CS|TAMS 0x00000000ef300000, 0x00000000ef300000| Complete 
| 244|0x00000000ef400000, 0x00000000ef500000, 0x00000000ef500000|100%| E|CS|TAMS 0x00000000ef400000, 0x00000000ef400000| Complete 
| 245|0x00000000ef500000, 0x00000000ef600000, 0x00000000ef600000|100%| E|CS|TAMS 0x00000000ef500000, 0x00000000ef500000| Complete 
| 246|0x00000000ef600000, 0x00000000ef700000, 0x00000000ef700000|100%| E|CS|TAMS 0x00000000ef600000, 0x00000000ef600000| Complete 
| 247|0x00000000ef700000, 0x00000000ef800000, 0x00000000ef800000|100%| E|CS|TAMS 0x00000000ef700000, 0x00000000ef700000| Complete 
| 248|0x00000000ef800000, 0x00000000ef900000, 0x00000000ef900000|100%| E|CS|TAMS 0x00000000ef800000, 0x00000000ef800000| Complete 
| 249|0x00000000ef900000, 0x00000000efa00000, 0x00000000efa00000|100%| E|CS|TAMS 0x00000000ef900000, 0x00000000ef900000| Complete 
| 250|0x00000000efa00000, 0x00000000efb00000, 0x00000000efb00000|100%| E|CS|TAMS 0x00000000efa00000, 0x00000000efa00000| Complete 
| 251|0x00000000efb00000, 0x00000000efc00000, 0x00000000efc00000|100%| E|CS|TAMS 0x00000000efb00000, 0x00000000efb00000| Complete 
| 252|0x00000000efc00000, 0x00000000efd00000, 0x00000000efd00000|100%| E|CS|TAMS 0x00000000efc00000, 0x00000000efc00000| Complete 
| 253|0x00000000efd00000, 0x00000000efe00000, 0x00000000efe00000|100%| E|CS|TAMS 0x00000000efd00000, 0x00000000efd00000| Complete 
| 254|0x00000000efe00000, 0x00000000eff00000, 0x00000000eff00000|100%| E|CS|TAMS 0x00000000efe00000, 0x00000000efe00000| Complete 
| 255|0x00000000eff00000, 0x00000000f0000000, 0x00000000f0000000|100%| E|CS|TAMS 0x00000000eff00000, 0x00000000eff00000| Complete 

Card table byte_map: [0x000001df67530000,0x000001df67630000] _byte_map_base: 0x000001df66e30000

Marking Bits (Prev, Next): (CMBitMap*) 0x000001df4e968510, (CMBitMap*) 0x000001df4e9684d0
 Prev Bits: [0x000001df67f30000, 0x000001df68730000)
 Next Bits: [0x000001df67730000, 0x000001df67f30000)

Polling page: 0x000001df4ea10000

Metaspace:

Usage:
  Non-class:     47.61 MB used.
      Class:      7.44 MB used.
       Both:     55.05 MB used.

Virtual space:
  Non-class space:       64.00 MB reserved,      47.88 MB ( 75%) committed,  1 nodes.
      Class space:      320.00 MB reserved,       7.75 MB (  2%) committed,  1 nodes.
             Both:      384.00 MB reserved,      55.62 MB ( 14%) committed. 

Chunk freelists:
   Non-Class:  10.00 KB
       Class:  8.25 MB
        Both:  8.26 MB

MaxMetaspaceSize: 384.00 MB
CompressedClassSpaceSize: 320.00 MB
Initial GC threshold: 21.00 MB
Current GC threshold: 80.31 MB
CDS: on
MetaspaceReclaimPolicy: balanced
 - commit_granule_bytes: 65536.
 - commit_granule_words: 8192.
 - virtual_space_node_default_size: 8388608.
 - enlarge_chunks_in_place: 1.
 - new_chunks_are_fully_committed: 0.
 - uncommit_free_chunks: 1.
 - use_allocation_guard: 0.
 - handle_deallocations: 1.


Internal statistics:

num_allocs_failed_limit: 12.
num_arena_births: 694.
num_arena_deaths: 0.
num_vsnodes_births: 2.
num_vsnodes_deaths: 0.
num_space_committed: 890.
num_space_uncommitted: 0.
num_chunks_returned_to_freelist: 12.
num_chunks_taken_from_freelist: 2938.
num_chunk_merges: 12.
num_chunk_splits: 1889.
num_chunks_enlarged: 1193.
num_purges: 0.
num_inconsistent_stats: 0.

CodeHeap 'non-profiled nmethods': size=120000Kb used=5750Kb max_used=6163Kb free=114250Kb
 bounds [0x000001df5f480000, 0x000001df5fa90000, 0x000001df669b0000]
CodeHeap 'profiled nmethods': size=120000Kb used=19098Kb max_used=20803Kb free=100901Kb
 bounds [0x000001df579b0000, 0x000001df58e10000, 0x000001df5eee0000]
CodeHeap 'non-nmethods': size=5760Kb used=2350Kb max_used=2414Kb free=3409Kb
 bounds [0x000001df5eee0000, 0x000001df5f150000, 0x000001df5f480000]
 total_blobs=10279 nmethods=9423 adapters=768
 compilation: enabled
              stopped_count=0, restarted_count=0
 full_count=0

Compilation events (20 events):
Event: 66.165 Thread 0x000001df6b18f390 10981       3       org.gradle.api.internal.collections.DefaultCollectionEventRegister::registerRemoveDecoratedAction (13 bytes)
Event: 66.166 Thread 0x000001df6b18f390 nmethod 10981 0x000001df5808c690 code [0x000001df5808c840, 0x000001df5808ca68]
Event: 66.170 Thread 0x000001df6b18f390 10982       3       org.gradle.internal.event.DefaultListenerManager$EventBroadcast::<init> (135 bytes)
Event: 66.172 Thread 0x000001df6b18f390 nmethod 10982 0x000001df584af790 code [0x000001df584afb00, 0x000001df584b1238]
Event: 66.172 Thread 0x000001df6b18f390 10983       3       org.codehaus.groovy.util.ManagedReference::get (10 bytes)
Event: 66.172 Thread 0x000001df6b18f390 nmethod 10983 0x000001df57f77790 code [0x000001df57f77940, 0x000001df57f77b08]
Event: 66.184 Thread 0x000001df6b18f390 10984       3       java.io.File::getCanonicalFile (38 bytes)
Event: 66.185 Thread 0x000001df6b18f390 nmethod 10984 0x000001df57b12690 code [0x000001df57b128c0, 0x000001df57b12ed8]
Event: 66.730 Thread 0x000001df6b18e240 nmethod 10962 0x000001df5f97a990 code [0x000001df5f97af20, 0x000001df5f9811d8]
Event: 66.730 Thread 0x000001df6b18e240 10966       4       java.util.LinkedHashMap::keysToArray (38 bytes)
Event: 66.735 Thread 0x000001df6b18e240 nmethod 10966 0x000001df5f6ea790 code [0x000001df5f6ea920, 0x000001df5f6eaaf8]
Event: 66.735 Thread 0x000001df6b18e240 10963   !   4       org.gradle.internal.service.DefaultServiceRegistry$ManagedObjectServiceProvider::getInstance (47 bytes)
Event: 66.809 Thread 0x000001df6b18f390 10985       3       org.gradle.internal.snapshot.AbstractInvalidateChildHandler::<init> (10 bytes)
Event: 66.809 Thread 0x000001df6b18f390 nmethod 10985 0x000001df57c86110 code [0x000001df57c862a0, 0x000001df57c86458]
Event: 66.809 Thread 0x000001df6b18f390 10986       3       org.gradle.internal.snapshot.AbstractInvalidateChildHandler::handleAsDescendantOfChild (7 bytes)
Event: 66.812 Thread 0x000001df6b18f390 nmethod 10986 0x000001df57a18510 code [0x000001df57a18840, 0x000001df57a19f98]
Event: 66.812 Thread 0x000001df6b18f390 10987       3       org.gradle.internal.snapshot.AbstractInvalidateChildHandler::handleAsDescendantOfChild (35 bytes)
Event: 66.814 Thread 0x000001df6b18f390 nmethod 10987 0x000001df58516b10 code [0x000001df58516e40, 0x000001df585183f8]
Event: 66.814 Thread 0x000001df6b18f390 10988       3       org.gradle.internal.snapshot.AbstractListChildMap::invalidate (72 bytes)
Event: 66.816 Thread 0x000001df6b18f390 nmethod 10988 0x000001df57a92b10 code [0x000001df57a92e20, 0x000001df57a94338]

GC Heap History (16 events):
Event: 1.438 GC heap before
{Heap before GC invocations=0 (full 0):
 garbage-first heap   total 262144K, used 26624K [0x00000000e0000000, 0x0000000100000000)
  region size 1024K, 23 young (23552K), 0 survivors (0K)
 Metaspace       used 3241K, committed 3328K, reserved 393216K
  class space    used 405K, committed 448K, reserved 327680K
}
Event: 1.443 GC heap after
{Heap after GC invocations=1 (full 0):
 garbage-first heap   total 262144K, used 10999K [0x00000000e0000000, 0x0000000100000000)
  region size 1024K, 3 young (3072K), 3 survivors (3072K)
 Metaspace       used 3241K, committed 3328K, reserved 393216K
  class space    used 405K, committed 448K, reserved 327680K
}
Event: 2.082 GC heap before
{Heap before GC invocations=1 (full 0):
 garbage-first heap   total 262144K, used 39671K [0x00000000e0000000, 0x0000000100000000)
  region size 1024K, 30 young (30720K), 3 survivors (3072K)
 Metaspace       used 4141K, committed 4352K, reserved 393216K
  class space    used 514K, committed 640K, reserved 327680K
}
Event: 2.086 GC heap after
{Heap after GC invocations=2 (full 0):
 garbage-first heap   total 262144K, used 15121K [0x00000000e0000000, 0x0000000100000000)
  region size 1024K, 4 young (4096K), 4 survivors (4096K)
 Metaspace       used 4141K, committed 4352K, reserved 393216K
  class space    used 514K, committed 640K, reserved 327680K
}
Event: 6.165 GC heap before
{Heap before GC invocations=2 (full 0):
 garbage-first heap   total 262144K, used 118545K [0x00000000e0000000, 0x0000000100000000)
  region size 1024K, 106 young (108544K), 4 survivors (4096K)
 Metaspace       used 21209K, committed 21504K, reserved 393216K
  class space    used 3142K, committed 3328K, reserved 327680K
}
Event: 6.177 GC heap after
{Heap after GC invocations=3 (full 0):
 garbage-first heap   total 262144K, used 22412K [0x00000000e0000000, 0x0000000100000000)
  region size 1024K, 12 young (12288K), 12 survivors (12288K)
 Metaspace       used 21209K, committed 21504K, reserved 393216K
  class space    used 3142K, committed 3328K, reserved 327680K
}
Event: 10.354 GC heap before
{Heap before GC invocations=4 (full 0):
 garbage-first heap   total 262144K, used 137100K [0x00000000e0000000, 0x0000000100000000)
  region size 1024K, 121 young (123904K), 12 survivors (12288K)
 Metaspace       used 35642K, committed 35968K, reserved 393216K
  class space    used 4965K, committed 5120K, reserved 327680K
}
Event: 10.367 GC heap after
{Heap after GC invocations=5 (full 0):
 garbage-first heap   total 262144K, used 30900K [0x00000000e0000000, 0x0000000100000000)
  region size 1024K, 16 young (16384K), 16 survivors (16384K)
 Metaspace       used 35642K, committed 35968K, reserved 393216K
  class space    used 4965K, committed 5120K, reserved 327680K
}
Event: 10.416 GC heap before
{Heap before GC invocations=5 (full 0):
 garbage-first heap   total 262144K, used 30900K [0x00000000e0000000, 0x0000000100000000)
  region size 1024K, 17 young (17408K), 16 survivors (16384K)
 Metaspace       used 35817K, committed 36224K, reserved 393216K
  class space    used 4973K, committed 5184K, reserved 327680K
}
Event: 10.428 GC heap after
{Heap after GC invocations=6 (full 0):
 garbage-first heap   total 262144K, used 31240K [0x00000000e0000000, 0x0000000100000000)
  region size 1024K, 2 young (2048K), 2 survivors (2048K)
 Metaspace       used 35817K, committed 36224K, reserved 393216K
  class space    used 4973K, committed 5184K, reserved 327680K
}
Event: 10.447 GC heap before
{Heap before GC invocations=6 (full 0):
 garbage-first heap   total 262144K, used 33288K [0x00000000e0000000, 0x0000000100000000)
  region size 1024K, 4 young (4096K), 2 survivors (2048K)
 Metaspace       used 35921K, committed 36288K, reserved 393216K
  class space    used 4973K, committed 5184K, reserved 327680K
}
Event: 10.449 GC heap after
{Heap after GC invocations=7 (full 0):
 garbage-first heap   total 262144K, used 30698K [0x00000000e0000000, 0x0000000100000000)
  region size 1024K, 1 young (1024K), 1 survivors (1024K)
 Metaspace       used 35921K, committed 36288K, reserved 393216K
  class space    used 4973K, committed 5184K, reserved 327680K
}
Event: 16.979 GC heap before
{Heap before GC invocations=8 (full 0):
 garbage-first heap   total 262144K, used 186346K [0x00000000e0000000, 0x0000000100000000)
  region size 1024K, 153 young (156672K), 1 survivors (1024K)
 Metaspace       used 48726K, committed 49280K, reserved 393216K
  class space    used 6933K, committed 7232K, reserved 327680K
}
Event: 16.997 GC heap after
{Heap after GC invocations=9 (full 0):
 garbage-first heap   total 262144K, used 40686K [0x00000000e0000000, 0x0000000100000000)
  region size 1024K, 12 young (12288K), 12 survivors (12288K)
 Metaspace       used 48726K, committed 49280K, reserved 393216K
  class space    used 6933K, committed 7232K, reserved 327680K
}
Event: 26.524 GC heap before
{Heap before GC invocations=10 (full 0):
 garbage-first heap   total 262144K, used 184046K [0x00000000e0000000, 0x0000000100000000)
  region size 1024K, 153 young (156672K), 12 survivors (12288K)
 Metaspace       used 54920K, committed 55488K, reserved 393216K
  class space    used 7539K, committed 7808K, reserved 327680K
}
Event: 26.540 GC heap after
{Heap after GC invocations=11 (full 0):
 garbage-first heap   total 262144K, used 46125K [0x00000000e0000000, 0x0000000100000000)
  region size 1024K, 6 young (6144K), 6 survivors (6144K)
 Metaspace       used 54920K, committed 55488K, reserved 393216K
  class space    used 7539K, committed 7808K, reserved 327680K
}

Deoptimization events (20 events):
Event: 63.201 Thread 0x000001df720d23a0 Uncommon trap: trap_request=0xffffff66 fr.pc=0x000001df5f9dabfc relative=0x00000000000000dc
Event: 63.201 Thread 0x000001df720d23a0 Uncommon trap: reason=speculate_class_check action=maybe_recompile pc=0x000001df5f9dabfc method=jdk.internal.reflect.UnsafeQualifiedObjectFieldAccessorImpl.get(Ljava/lang/Object;)Ljava/lang/Object; @ 13 c2
Event: 63.201 Thread 0x000001df720d23a0 DEOPT PACKING pc=0x000001df5f9dabfc sp=0x0000003848cfec20
Event: 63.201 Thread 0x000001df720d23a0 DEOPT UNPACKING pc=0x000001df5ef35ba3 sp=0x0000003848cfebb8 mode 2
Event: 63.201 Thread 0x000001df720d23a0 Uncommon trap: trap_request=0xffffff66 fr.pc=0x000001df5f9dabfc relative=0x00000000000000dc
Event: 63.201 Thread 0x000001df720d23a0 Uncommon trap: reason=speculate_class_check action=maybe_recompile pc=0x000001df5f9dabfc method=jdk.internal.reflect.UnsafeQualifiedObjectFieldAccessorImpl.get(Ljava/lang/Object;)Ljava/lang/Object; @ 13 c2
Event: 63.201 Thread 0x000001df720d23a0 DEOPT PACKING pc=0x000001df5f9dabfc sp=0x0000003848cfec20
Event: 63.201 Thread 0x000001df720d23a0 DEOPT UNPACKING pc=0x000001df5ef35ba3 sp=0x0000003848cfebb8 mode 2
Event: 63.201 Thread 0x000001df720d23a0 Uncommon trap: trap_request=0xffffff66 fr.pc=0x000001df5f9dabfc relative=0x00000000000000dc
Event: 63.201 Thread 0x000001df720d23a0 Uncommon trap: reason=speculate_class_check action=maybe_recompile pc=0x000001df5f9dabfc method=jdk.internal.reflect.UnsafeQualifiedObjectFieldAccessorImpl.get(Ljava/lang/Object;)Ljava/lang/Object; @ 13 c2
Event: 63.201 Thread 0x000001df720d23a0 DEOPT PACKING pc=0x000001df5f9dabfc sp=0x0000003848cfec20
Event: 63.201 Thread 0x000001df720d23a0 DEOPT UNPACKING pc=0x000001df5ef35ba3 sp=0x0000003848cfebb8 mode 2
Event: 63.201 Thread 0x000001df720d23a0 Uncommon trap: trap_request=0xffffff66 fr.pc=0x000001df5f9dabfc relative=0x00000000000000dc
Event: 63.201 Thread 0x000001df720d23a0 Uncommon trap: reason=speculate_class_check action=maybe_recompile pc=0x000001df5f9dabfc method=jdk.internal.reflect.UnsafeQualifiedObjectFieldAccessorImpl.get(Ljava/lang/Object;)Ljava/lang/Object; @ 13 c2
Event: 63.201 Thread 0x000001df720d23a0 DEOPT PACKING pc=0x000001df5f9dabfc sp=0x0000003848cfec20
Event: 63.201 Thread 0x000001df720d23a0 DEOPT UNPACKING pc=0x000001df5ef35ba3 sp=0x0000003848cfebb8 mode 2
Event: 65.990 Thread 0x000001df720d23a0 Uncommon trap: trap_request=0xffffffc6 fr.pc=0x000001df5f6ed95c relative=0x000000000000077c
Event: 65.990 Thread 0x000001df720d23a0 Uncommon trap: reason=bimorphic_or_optimized_type_check action=maybe_recompile pc=0x000001df5f6ed95c method=java.util.stream.MatchOps$MatchOp.evaluateSequential(Ljava/util/stream/PipelineHelper;Ljava/util/Spliterator;)Ljava/lang/Boolean; @ 14 c2
Event: 65.990 Thread 0x000001df720d23a0 DEOPT PACKING pc=0x000001df5f6ed95c sp=0x0000003848cfb7e0
Event: 65.990 Thread 0x000001df720d23a0 DEOPT UNPACKING pc=0x000001df5ef35ba3 sp=0x0000003848cfb718 mode 2

Classes unloaded (0 events):
No events

Classes redefined (0 events):
No events

Internal exceptions (20 events):
Event: 26.452 Thread 0x000001df720d2d40 Exception <a 'java/lang/NoSuchMethodError'{0x00000000e7343068}: static Lorg/gradle/internal/build/event/types/DefaultTaskFinishedProgressEvent;.<clinit>()V> (0x00000000e7343068) 
thrown [s\open\src\hotspot\share\prims\jni.cpp, line 1107]
Event: 26.455 Thread 0x000001df720d2d40 Exception <a 'java/lang/NoSuchMethodError'{0x00000000e73549d8}: static Lorg/gradle/internal/build/event/types/DefaultTaskSuccessResult;.<clinit>()V> (0x00000000e73549d8) 
thrown [s\open\src\hotspot\share\prims\jni.cpp, line 1107]
Event: 26.456 Thread 0x000001df720d2d40 Exception <a 'java/lang/NoSuchMethodError'{0x00000000e73587a0}: static Lorg/gradle/internal/build/event/types/AbstractTaskResult;.<clinit>()V> (0x00000000e73587a0) 
thrown [s\open\src\hotspot\share\prims\jni.cpp, line 1107]
Event: 26.569 Thread 0x000001df720d23a0 Exception <a 'java/lang/NoSuchMethodError'{0x00000000eff9bc78}: 'void java.lang.invoke.DirectMethodHandle$Holder.invokeSpecial(java.lang.Object, java.lang.Object, int)'> (0x00000000eff9bc78) 
thrown [s\open\src\hotspot\share\interpreter\linkResolver.cpp, line 759]
Event: 41.354 Thread 0x000001df720d23a0 Exception <a 'sun/nio/fs/WindowsException'{0x00000000ef17e638}> (0x00000000ef17e638) 
thrown [s\open\src\hotspot\share\prims\jni.cpp, line 516]
Event: 41.355 Thread 0x000001df720d23a0 Exception <a 'sun/nio/fs/WindowsException'{0x00000000ef17fb60}> (0x00000000ef17fb60) 
thrown [s\open\src\hotspot\share\prims\jni.cpp, line 516]
Event: 41.356 Thread 0x000001df720d23a0 Exception <a 'sun/nio/fs/WindowsException'{0x00000000ef181088}> (0x00000000ef181088) 
thrown [s\open\src\hotspot\share\prims\jni.cpp, line 516]
Event: 41.357 Thread 0x000001df720d23a0 Exception <a 'sun/nio/fs/WindowsException'{0x00000000ef182548}> (0x00000000ef182548) 
thrown [s\open\src\hotspot\share\prims\jni.cpp, line 516]
Event: 42.883 Thread 0x000001df720d23a0 Exception <a 'java/lang/ClassNotFoundException'{0x00000000ef0999a0}: settings_6zzfcoskxhmqmc35nr7e607v7BeanInfo> (0x00000000ef0999a0) 
thrown [s\open\src\hotspot\share\classfile\systemDictionary.cpp, line 256]
Event: 42.884 Thread 0x000001df720d23a0 Exception <a 'java/lang/ClassNotFoundException'{0x00000000ef0ee920}: settings_6zzfcoskxhmqmc35nr7e607v7Customizer> (0x00000000ef0ee920) 
thrown [s\open\src\hotspot\share\classfile\systemDictionary.cpp, line 256]
Event: 43.991 Thread 0x000001df720d23a0 Exception <a 'java/lang/ClassNotFoundException'{0x00000000eee75b60}: build_9h6lnk3c6qpkn91ljnvjuz0ztBeanInfo> (0x00000000eee75b60) 
thrown [s\open\src\hotspot\share\classfile\systemDictionary.cpp, line 256]
Event: 43.993 Thread 0x000001df720d23a0 Exception <a 'java/lang/ClassNotFoundException'{0x00000000eee7c5a0}: build_9h6lnk3c6qpkn91ljnvjuz0ztCustomizer> (0x00000000eee7c5a0) 
thrown [s\open\src\hotspot\share\classfile\systemDictionary.cpp, line 256]
Event: 46.064 Thread 0x000001df720d23a0 Exception <a 'java/lang/NoClassDefFoundError'{0x00000000ee8a1be0}: org/jetbrains/kotlin/gradle/plugin/KotlinPluginWrapper> (0x00000000ee8a1be0) 
thrown [s\open\src\hotspot\share\oops\constantPool.cpp, line 835]
Event: 46.064 Thread 0x000001df720d23a0 Exception <a 'java/lang/NoClassDefFoundError'{0x00000000ee8a4228}: org/graalvm/buildtools/gradle/NativeImagePlugin> (0x00000000ee8a4228) 
thrown [s\open\src\hotspot\share\oops\constantPool.cpp, line 835]
Event: 46.143 Thread 0x000001df720d23a0 Exception <a 'java/lang/ClassNotFoundException'{0x00000000ee7f0a18}: build_9h6lnk3c6qpkn91ljnvjuz0ztBeanInfo> (0x00000000ee7f0a18) 
thrown [s\open\src\hotspot\share\classfile\systemDictionary.cpp, line 256]
Event: 46.144 Thread 0x000001df720d23a0 Exception <a 'java/lang/ClassNotFoundException'{0x00000000ee7f73f8}: build_9h6lnk3c6qpkn91ljnvjuz0ztCustomizer> (0x00000000ee7f73f8) 
thrown [s\open\src\hotspot\share\classfile\systemDictionary.cpp, line 256]
Event: 66.179 Thread 0x000001df720d23a0 Exception <a 'sun/nio/fs/WindowsException'{0x00000000e7e776f0}> (0x00000000e7e776f0) 
thrown [s\open\src\hotspot\share\prims\jni.cpp, line 516]
Event: 66.180 Thread 0x000001df720d23a0 Exception <a 'sun/nio/fs/WindowsException'{0x00000000e7e78c18}> (0x00000000e7e78c18) 
thrown [s\open\src\hotspot\share\prims\jni.cpp, line 516]
Event: 66.181 Thread 0x000001df720d23a0 Exception <a 'sun/nio/fs/WindowsException'{0x00000000e7e7a140}> (0x00000000e7e7a140) 
thrown [s\open\src\hotspot\share\prims\jni.cpp, line 516]
Event: 66.182 Thread 0x000001df720d23a0 Exception <a 'sun/nio/fs/WindowsException'{0x00000000e7e7b600}> (0x00000000e7e7b600) 
thrown [s\open\src\hotspot\share\prims\jni.cpp, line 516]

VM Operations (20 events):
Event: 58.221 Executing VM operation: Cleanup
Event: 58.221 Executing VM operation: Cleanup done
Event: 59.235 Executing VM operation: Cleanup
Event: 59.235 Executing VM operation: Cleanup done
Event: 60.242 Executing VM operation: Cleanup
Event: 60.243 Executing VM operation: Cleanup done
Event: 60.422 Executing VM operation: HandshakeAllThreads
Event: 60.492 Executing VM operation: HandshakeAllThreads done
Event: 60.618 Executing VM operation: HandshakeAllThreads
Event: 60.632 Executing VM operation: HandshakeAllThreads done
Event: 60.712 Executing VM operation: HandshakeAllThreads
Event: 60.725 Executing VM operation: HandshakeAllThreads done
Event: 61.727 Executing VM operation: Cleanup
Event: 61.727 Executing VM operation: Cleanup done
Event: 63.745 Executing VM operation: Cleanup
Event: 63.746 Executing VM operation: Cleanup done
Event: 65.774 Executing VM operation: Cleanup
Event: 65.774 Executing VM operation: Cleanup done
Event: 66.779 Executing VM operation: Cleanup
Event: 66.779 Executing VM operation: Cleanup done

Events (20 events):
Event: 63.383 Thread 0x000001df75a94500 Thread exited: 0x000001df75a94500
Event: 63.392 Thread 0x000001df75a949d0 Thread exited: 0x000001df75a949d0
Event: 65.729 Thread 0x000001df75e4e5d0 Thread added: 0x000001df75e4e5d0
Event: 65.818 Thread 0x000001df75e4d760 Thread added: 0x000001df75e4d760
Event: 65.911 Thread 0x000001df75e4f910 Thread added: 0x000001df75e4f910
Event: 65.930 Thread 0x000001df75e480c0 Thread added: 0x000001df75e480c0
Event: 65.955 Thread 0x000001df75e49400 Thread added: 0x000001df75e49400
Event: 65.974 Thread 0x000001df75e4a270 Thread added: 0x000001df75e4a270
Event: 65.976 Thread 0x000001df75e4eaa0 Thread added: 0x000001df75e4eaa0
Event: 65.976 Thread 0x000001df75e4ba80 Thread added: 0x000001df75e4ba80
Event: 65.980 Thread 0x000001df75e4ef70 Thread added: 0x000001df75e4ef70
Event: 65.982 Thread 0x000001df75e4f910 Thread exited: 0x000001df75e4f910
Event: 65.982 Thread 0x000001df75e4ef70 Thread exited: 0x000001df75e4ef70
Event: 66.014 Thread 0x000001df75e4a740 Thread added: 0x000001df75e4a740
Event: 66.038 Thread 0x000001df75e4cdc0 Thread added: 0x000001df75e4cdc0
Event: 66.047 Thread 0x000001df75e48590 Thread added: 0x000001df75e48590
Event: 66.058 Thread 0x000001df75e4cdc0 Thread exited: 0x000001df75e4cdc0
Event: 66.059 Thread 0x000001df75e49400 Thread exited: 0x000001df75e49400
Event: 66.065 Thread 0x000001df75e4d290 Thread added: 0x000001df75e4d290
Event: 66.075 Thread 0x000001df75e4dc30 Thread added: 0x000001df75e4dc30


Dynamic libraries:
0x00007ff604150000 - 0x00007ff604160000 	C:\Program Files\Java\jdk-17\bin\java.exe
0x00007ffc8a470000 - 0x00007ffc8a668000 	C:\WINDOWS\SYSTEM32\ntdll.dll
0x00007ffc89bf0000 - 0x00007ffc89cad000 	C:\WINDOWS\System32\KERNEL32.DLL
0x00007ffc87b50000 - 0x00007ffc87e46000 	C:\WINDOWS\System32\KERNELBASE.dll
0x00007ffc88300000 - 0x00007ffc88400000 	C:\WINDOWS\System32\ucrtbase.dll
0x00007ffc60d00000 - 0x00007ffc60d1b000 	C:\Program Files\Java\jdk-17\bin\VCRUNTIME140.dll
0x00007ffc60ce0000 - 0x00007ffc60cf9000 	C:\Program Files\Java\jdk-17\bin\jli.dll
0x00007ffc89cb0000 - 0x00007ffc89d60000 	C:\WINDOWS\System32\ADVAPI32.dll
0x00007ffc88b40000 - 0x00007ffc88bde000 	C:\WINDOWS\System32\msvcrt.dll
0x00007ffc88cb0000 - 0x00007ffc88d50000 	C:\WINDOWS\System32\sechost.dll
0x00007ffc89d60000 - 0x00007ffc89e83000 	C:\WINDOWS\System32\RPCRT4.dll
0x00007ffc87b20000 - 0x00007ffc87b47000 	C:\WINDOWS\System32\bcrypt.dll
0x00007ffc88680000 - 0x00007ffc8881f000 	C:\WINDOWS\System32\USER32.dll
0x00007ffc87ec0000 - 0x00007ffc87ee2000 	C:\WINDOWS\System32\win32u.dll
0x00007ffc89e90000 - 0x00007ffc89ebb000 	C:\WINDOWS\System32\GDI32.dll
0x00007ffc88030000 - 0x00007ffc88147000 	C:\WINDOWS\System32\gdi32full.dll
0x00007ffc88400000 - 0x00007ffc8849d000 	C:\WINDOWS\System32\msvcp_win.dll
0x00007ffc7efc0000 - 0x00007ffc7f25a000 	C:\WINDOWS\WinSxS\amd64_microsoft.windows.common-controls_6595b64144ccf1df_6.0.19041.4355_none_60b8b9eb71f62e16\COMCTL32.dll
0x00007ffc808f0000 - 0x00007ffc808fa000 	C:\WINDOWS\SYSTEM32\VERSION.dll
0x00007ffc89bb0000 - 0x00007ffc89be2000 	C:\WINDOWS\System32\IMM32.DLL
0x00007ffc710b0000 - 0x00007ffc710bc000 	C:\Program Files\Java\jdk-17\bin\vcruntime140_1.dll
0x00007ffc4e720000 - 0x00007ffc4e7ae000 	C:\Program Files\Java\jdk-17\bin\msvcp140.dll
0x00007ffc44750000 - 0x00007ffc4532e000 	C:\Program Files\Java\jdk-17\bin\server\jvm.dll
0x00007ffc89a10000 - 0x00007ffc89a18000 	C:\WINDOWS\System32\PSAPI.DLL
0x00007ffc76f90000 - 0x00007ffc76f99000 	C:\WINDOWS\SYSTEM32\WSOCK32.dll
0x00007ffc82ce0000 - 0x00007ffc82d07000 	C:\WINDOWS\SYSTEM32\WINMM.dll
0x00007ffc88d50000 - 0x00007ffc88dbb000 	C:\WINDOWS\System32\WS2_32.dll
0x00007ffc85b40000 - 0x00007ffc85b52000 	C:\WINDOWS\SYSTEM32\kernel.appcore.dll
0x00007ffc64430000 - 0x00007ffc6443a000 	C:\Program Files\Java\jdk-17\bin\jimage.dll
0x00007ffc85710000 - 0x00007ffc858f4000 	C:\WINDOWS\SYSTEM32\DBGHELP.DLL
0x00007ffc82c60000 - 0x00007ffc82c94000 	C:\WINDOWS\SYSTEM32\dbgcore.DLL
0x00007ffc87fa0000 - 0x00007ffc88022000 	C:\WINDOWS\System32\bcryptPrimitives.dll
0x00007ffc63640000 - 0x00007ffc6364e000 	C:\Program Files\Java\jdk-17\bin\instrument.dll
0x00007ffc60cb0000 - 0x00007ffc60cd5000 	C:\Program Files\Java\jdk-17\bin\java.dll
0x00007ffc4bb90000 - 0x00007ffc4bc67000 	C:\Program Files\Java\jdk-17\bin\jsvml.dll
0x00007ffc892a0000 - 0x00007ffc89a0b000 	C:\WINDOWS\System32\SHELL32.dll
0x00007ffc85b60000 - 0x00007ffc862fd000 	C:\WINDOWS\SYSTEM32\windows.storage.dll
0x00007ffc89ff0000 - 0x00007ffc8a343000 	C:\WINDOWS\System32\combase.dll
0x00007ffc87470000 - 0x00007ffc8749e000 	C:\WINDOWS\SYSTEM32\Wldp.dll
0x00007ffc88be0000 - 0x00007ffc88cad000 	C:\WINDOWS\System32\OLEAUT32.dll
0x00007ffc89aa0000 - 0x00007ffc89b4d000 	C:\WINDOWS\System32\SHCORE.dll
0x00007ffc88ae0000 - 0x00007ffc88b35000 	C:\WINDOWS\System32\shlwapi.dll
0x00007ffc87a50000 - 0x00007ffc87a74000 	C:\WINDOWS\SYSTEM32\profapi.dll
0x00007ffc52b80000 - 0x00007ffc52b98000 	C:\Program Files\Java\jdk-17\bin\zip.dll
0x00007ffc50ef0000 - 0x00007ffc50f09000 	C:\Program Files\Java\jdk-17\bin\net.dll
0x00007ffc81250000 - 0x00007ffc8135a000 	C:\WINDOWS\SYSTEM32\WINHTTP.dll
0x00007ffc87180000 - 0x00007ffc871ea000 	C:\WINDOWS\system32\mswsock.dll
0x00007ffc50c40000 - 0x00007ffc50c56000 	C:\Program Files\Java\jdk-17\bin\nio.dll
0x00007ffc633e0000 - 0x00007ffc633f0000 	C:\Program Files\Java\jdk-17\bin\verify.dll
0x00007ffc4fbe0000 - 0x00007ffc4fc07000 	C:\gradle-8.2.1\native\68d5fa5c4cc2d200863cafc0d521ce42e7d3e7ee720ec0a83991735586a16f82\windows-amd64\native-platform.dll
0x00007ffc01e10000 - 0x00007ffc01f54000 	C:\gradle-8.2.1\native\e376f236ea51e6404a007f0833ffe2c6e607c4080706a723a18a27aeea778392\windows-amd64\native-platform-file-events.dll
0x00007ffc63370000 - 0x00007ffc6337a000 	C:\Program Files\Java\jdk-17\bin\management.dll
0x00007ffc61020000 - 0x00007ffc6102b000 	C:\Program Files\Java\jdk-17\bin\management_ext.dll
0x00007ffc873a0000 - 0x00007ffc873b8000 	C:\WINDOWS\SYSTEM32\CRYPTSP.dll
0x00007ffc86ab0000 - 0x00007ffc86ae4000 	C:\WINDOWS\system32\rsaenh.dll
0x00007ffc87a00000 - 0x00007ffc87a2e000 	C:\WINDOWS\SYSTEM32\USERENV.dll
0x00007ffc873c0000 - 0x00007ffc873cc000 	C:\WINDOWS\SYSTEM32\CRYPTBASE.dll
0x00007ffc86e80000 - 0x00007ffc86ebb000 	C:\WINDOWS\SYSTEM32\IPHLPAPI.DLL
0x00007ffc89ec0000 - 0x00007ffc89ec8000 	C:\WINDOWS\System32\NSI.dll
0x00007ffc808d0000 - 0x00007ffc808e7000 	C:\WINDOWS\SYSTEM32\dhcpcsvc6.DLL
0x00007ffc808b0000 - 0x00007ffc808cd000 	C:\WINDOWS\SYSTEM32\dhcpcsvc.DLL
0x00007ffc86ec0000 - 0x00007ffc86f8b000 	C:\WINDOWS\SYSTEM32\DNSAPI.dll
0x00007ffc60fd0000 - 0x00007ffc60fde000 	C:\Program Files\Java\jdk-17\bin\sunmscapi.dll
0x00007ffc88150000 - 0x00007ffc882ae000 	C:\WINDOWS\System32\CRYPT32.dll
0x00007ffc874e0000 - 0x00007ffc87509000 	C:\WINDOWS\SYSTEM32\ncrypt.dll
0x00007ffc874a0000 - 0x00007ffc874db000 	C:\WINDOWS\SYSTEM32\NTASN1.dll
0x00007ffc80da0000 - 0x00007ffc80da7000 	C:\WINDOWS\system32\wshunix.dll

dbghelp: loaded successfully - version: 4.0.5 - missing functions: none
symbol engine: initialized successfully - sym options: 0x614 - pdb path: .;C:\Program Files\Java\jdk-17\bin;C:\WINDOWS\SYSTEM32;C:\WINDOWS\WinSxS\amd64_microsoft.windows.common-controls_6595b64144ccf1df_6.0.19041.4355_none_60b8b9eb71f62e16;C:\Program Files\Java\jdk-17\bin\server;C:\gradle-8.2.1\native\68d5fa5c4cc2d200863cafc0d521ce42e7d3e7ee720ec0a83991735586a16f82\windows-amd64;C:\gradle-8.2.1\native\e376f236ea51e6404a007f0833ffe2c6e607c4080706a723a18a27aeea778392\windows-amd64

VM Arguments:
jvm_args: --add-opens=java.base/java.util=ALL-UNNAMED --add-opens=java.base/java.lang=ALL-UNNAMED --add-opens=java.base/java.lang.invoke=ALL-UNNAMED --add-opens=java.prefs/java.util.prefs=ALL-UNNAMED --add-opens=java.base/java.nio.charset=ALL-UNNAMED --add-opens=java.base/java.net=ALL-UNNAMED --add-opens=java.base/java.util.concurrent.atomic=ALL-UNNAMED -XX:MaxMetaspaceSize=384m -XX:+HeapDumpOnOutOfMemoryError -Xms256m -Xmx512m -Dfile.encoding=windows-1252 -Duser.country=US -Duser.language=en -Duser.variant -javaagent:C:\gradle-8.2.1\lib\agents\gradle-instrumentation-agent-8.2.1.jar 
java_command: org.gradle.launcher.daemon.bootstrap.GradleDaemon 8.2.1
java_class_path (initial): C:\gradle-8.2.1\lib\gradle-launcher-8.2.1.jar
Launcher Type: SUN_STANDARD

[Global flags]
     intx CICompilerCount                          = 4                                         {product} {ergonomic}
   size_t CompressedClassSpaceSize                 = 335544320                                 {product} {ergonomic}
     uint ConcGCThreads                            = 2                                         {product} {ergonomic}
     uint G1ConcRefinementThreads                  = 8                                         {product} {ergonomic}
   size_t G1HeapRegionSize                         = 1048576                                   {product} {ergonomic}
    uintx GCDrainStackTargetSize                   = 64                                        {product} {ergonomic}
     bool HeapDumpOnOutOfMemoryError               = true                                   {manageable} {command line}
   size_t InitialHeapSize                          = 268435456                                 {product} {command line}
   size_t MarkStackSize                            = 4194304                                   {product} {ergonomic}
   size_t MaxHeapSize                              = 536870912                                 {product} {command line}
   size_t MaxMetaspaceSize                         = 402653184                                 {product} {command line}
   size_t MaxNewSize                               = 321912832                                 {product} {ergonomic}
   size_t MinHeapDeltaBytes                        = 1048576                                   {product} {ergonomic}
   size_t MinHeapSize                              = 268435456                                 {product} {command line}
    uintx NonNMethodCodeHeapSize                   = 5839372                                {pd product} {ergonomic}
    uintx NonProfiledCodeHeapSize                  = 122909434                              {pd product} {ergonomic}
    uintx ProfiledCodeHeapSize                     = 122909434                              {pd product} {ergonomic}
    uintx ReservedCodeCacheSize                    = 251658240                              {pd product} {ergonomic}
     bool SegmentedCodeCache                       = true                                      {product} {ergonomic}
   size_t SoftMaxHeapSize                          = 536870912                              {manageable} {ergonomic}
     bool UseCompressedClassPointers               = true                           {product lp64_product} {ergonomic}
     bool UseCompressedOops                        = true                           {product lp64_product} {ergonomic}
     bool UseG1GC                                  = true                                      {product} {ergonomic}
     bool UseLargePagesIndividualAllocation        = false                                  {pd product} {ergonomic}

Logging:
Log output configuration:
 #0: stdout all=warning uptime,level,tags
 #1: stderr all=off uptime,level,tags

Environment Variables:
JAVA_HOME=C:\Program Files\Java\jdk-17
PATH=C:\Program Files\Common Files\Oracle\Java\javapath;C:\Program Files\Microsoft MPI\Bin\;C:\WINDOWS\system32;C:\WINDOWS;C:\WINDOWS\System32\Wbem;C:\WINDOWS\System32\WindowsPowerShell\v1.0\;C:\WINDOWS\System32\OpenSSH\;C:\Program Files\Microsoft SQL Server\Client SDK\ODBC\130\Tools\Binn\;C:\Program Files\Azure Data Studio\bin;C:\Program Files\MongoDB\Server\5.0\bin;C:\Program Files\MongoDB\Tools\100\bin;C:\Program Files\Microsoft SQL Server\Client SDK\ODBC\170\Tools\Binn\;C:\Program Files (x86)\Microsoft SQL Server\150\Tools\Binn\;C:\Program Files\Microsoft SQL Server\150\Tools\Binn\;C:\Program Files\Microsoft SQL Server\150\DTS\Binn\;C:\Program Files (x86)\Microsoft SQL Server\150\DTS\Binn\;C:\Program Files\nodejs\;C:\Program Files\Java\jdk-17\bin;C:\Program Files\dotnet\;C:\gradle-8.2.1\bin\;C:\apache-maven-3.9.4\bin\;C:\Program Files\TortoiseGit\bin;C:\Program Files\Docker\Docker\resources\bin;C:\kafka\bin;C:\Program Files\Git\cmd;C:\Users\LENOVO\AppData\Local\Programs\Python\Python311\Scripts\;C:\Users\LENOVO\AppData\Local\Programs\Python\Python311\;C:\Users\LENOVO\AppData\Local\Microsoft\WindowsApps;C:\Program Files\Azure Data Studio\bin;C:\Program Files\Azure Data Studio\bin;C:\Program Files\Azure Data Studio\bin;C:\Program Files\Azure Data Studio\bin;C:\Users\LENOVO\AppData\Local\Programs\mongosh\;C:\Users\LENOVO\AppData\Local\Programs\Microsoft VS Code\bin;C:\Users\LENOVO\AppData\Roaming\npm;C:\Program Files\JetBrains\IntelliJ IDEA 2023.2.1\bin;;C:\Users\LENOVO\.dotnet\tools;C:\Users\LENOVO\AppData\Local\Google\Cloud SDK\google-cloud-sdk\bin
USERNAME=LENOVO
OS=Windows_NT
PROCESSOR_IDENTIFIER=Intel64 Family 6 Model 126 Stepping 5, GenuineIntel



---------------  S Y S T E M  ---------------

OS:
 Windows 10 , 64 bit Build 19041 (10.0.19041.3636)
OS uptime: 3 days 5:26 hours
Hyper-V role detected

CPU: total 8 (initial active 8) (4 cores per cpu, 2 threads per core) family 6 model 126 stepping 5 microcode 0xa0, cx8, cmov, fxsr, ht, mmx, 3dnowpref, sse, sse2, sse3, ssse3, sse4.1, sse4.2, popcnt, lzcnt, tsc, tscinvbit, avx, avx2, aes, erms, clmul, bmi1, bmi2, adx, avx512f, avx512dq, avx512cd, avx512bw, avx512vl, sha, fma, vzeroupper, avx512_vpopcntdq, avx512_vpclmulqdq, avx512_vaes, avx512_vnni, clflush, clflushopt, avx512_vbmi2, avx512_vbmi, hv

Memory: 4k page, system-wide physical 16086M (2119M free)
TotalPageFile size 24086M (AvailPageFile size 769M)
current process WorkingSet (physical memory assigned to process): 394M, peak: 409M
current process commit charge ("private bytes"): 492M, peak: 509M

vm_info: Java HotSpot(TM) 64-Bit Server VM (17.0.8+9-LTS-211) for windows-amd64 JRE (17.0.8+9-LTS-211), built on Jun 14 2023 10:34:31 by "mach5one" with MS VC++ 17.1 (VS2022)

END.
