#
# There is insufficient memory for the Java Runtime Environment to continue.
# Native memory allocation (malloc) failed to allocate 1629072 bytes for Chunk::new
# Possible reasons:
#   The system is out of physical RAM or swap space
#   The process is running with CompressedOops enabled, and the Java Heap may be blocking the growth of the native heap
# Possible solutions:
#   Reduce memory load on the system
#   Increase physical memory or swap space
#   Check if swap backing store is full
#   Decrease Java heap size (-Xmx/-Xms)
#   Decrease number of Java threads
#   Decrease Java thread stack sizes (-Xss)
#   Set larger code cache with -XX:ReservedCodeCacheSize=
#   JVM is running with Unscaled Compressed Oops mode in which the Java heap is
#     placed in the first 4GB address space. The Java Heap base address is the
#     maximum limit for the native heap growth. Please use -XX:HeapBaseMinAddress
#     to set the Java Heap base and to place the Java Heap above 4GB virtual address.
# This output file may be truncated or incomplete.
#
#  Out of Memory Error (arena.cpp:189), pid=15596, tid=3816
#
# JRE version: Java(TM) SE Runtime Environment (17.0.8+9) (build 17.0.8+9-LTS-211)
# Java VM: Java HotSpot(TM) 64-Bit Server VM (17.0.8+9-LTS-211, mixed mode, sharing, tiered, compressed oops, compressed class ptrs, g1 gc, windows-amd64)
# No core dump will be written. Minidumps are not enabled by default on client versions of Windows
#

---------------  S U M M A R Y ------------

Command Line: --add-opens=java.base/java.util=ALL-UNNAMED --add-opens=java.base/java.lang=ALL-UNNAMED --add-opens=java.base/java.lang.invoke=ALL-UNNAMED --add-opens=java.prefs/java.util.prefs=ALL-UNNAMED --add-opens=java.base/java.nio.charset=ALL-UNNAMED --add-opens=java.base/java.net=ALL-UNNAMED --add-opens=java.base/java.util.concurrent.atomic=ALL-UNNAMED -XX:MaxMetaspaceSize=384m -XX:+HeapDumpOnOutOfMemoryError -Xms256m -Xmx512m -Dfile.encoding=windows-1252 -Duser.country=US -Duser.language=en -Duser.variant -javaagent:C:\gradle-8.2.1\lib\agents\gradle-instrumentation-agent-8.2.1.jar org.gradle.launcher.daemon.bootstrap.GradleDaemon 8.2.1

Host: Intel(R) Core(TM) i5-1035G1 CPU @ 1.00GHz, 8 cores, 15G,  Windows 10 , 64 bit Build 19041 (10.0.19041.3636)
Time: Sun May 26 04:34:13 2024 SE Asia Standard Time elapsed time: 24.934993 seconds (0d 0h 0m 24s)

---------------  T H R E A D  ---------------

Current thread (0x000001e7d91a55e0):  JavaThread "C2 CompilerThread0" daemon [_thread_in_native, id=3816, stack(0x0000008d39700000,0x0000008d39800000)]


Current CompileTask:
C2:  24935 3184       4       jdk.internal.loader.URLClassPath::getResource (74 bytes)

Stack: [0x0000008d39700000,0x0000008d39800000]
Native frames: (J=compiled Java code, j=interpreted, Vv=VM code, C=native code)
V  [jvm.dll+0x677d0a]
V  [jvm.dll+0x7d8c54]
V  [jvm.dll+0x7da3fe]
V  [jvm.dll+0x7daa63]
V  [jvm.dll+0x245c5f]
V  [jvm.dll+0xaaa6b]
V  [jvm.dll+0xab00c]
V  [jvm.dll+0x361e8e]
V  [jvm.dll+0x32c551]
V  [jvm.dll+0x32b9ea]
V  [jvm.dll+0x217fff]
V  [jvm.dll+0x217431]
V  [jvm.dll+0x1a3af0]
V  [jvm.dll+0x2270be]
V  [jvm.dll+0x22535b]
V  [jvm.dll+0x78e7bc]
V  [jvm.dll+0x788bba]
V  [jvm.dll+0x676b35]
C  [ucrtbase.dll+0x21bb2]
C  [KERNEL32.DLL+0x17344]
C  [ntdll.dll+0x526b1]


---------------  P R O C E S S  ---------------

Threads class SMR info:
_java_thread_list=0x000001e7f4025cb0, length=37, elements={
0x000001e7be8a9810, 0x000001e7d9180cc0, 0x000001e7d9181780, 0x000001e7d919b5e0,
0x000001e7d919c0a0, 0x000001e7d919eb70, 0x000001e7d91a1440, 0x000001e7d91a55e0,
0x000001e7d91a5f90, 0x000001e7d91a8ca0, 0x000001e7d9166a70, 0x000001e7d9487700,
0x000001e7f455b8e0, 0x000001e7f36458f0, 0x000001e7d93c74e0, 0x000001e7f4296270,
0x000001e7f3a23040, 0x000001e7f357a080, 0x000001e7f4924b10, 0x000001e7f4924fe0,
0x000001e7f364e920, 0x000001e7f364f790, 0x000001e7f3650fa0, 0x000001e7f364f2c0,
0x000001e7f3651940, 0x000001e7f364edf0, 0x000001e7f3650130, 0x000001e7f3650600,
0x000001e7f364fc60, 0x000001e7f364df80, 0x000001e7f3650ad0, 0x000001e7f364e450,
0x000001e7f618f220, 0x000001e7f6192be0, 0x000001e7f618ed50, 0x000001e7f61930b0,
0x000001e7f55dc0c0
}

Java Threads: ( => current thread )
  0x000001e7be8a9810 JavaThread "main" [_thread_blocked, id=13328, stack(0x0000008d38a00000,0x0000008d38b00000)]
  0x000001e7d9180cc0 JavaThread "Reference Handler" daemon [_thread_blocked, id=20984, stack(0x0000008d39100000,0x0000008d39200000)]
  0x000001e7d9181780 JavaThread "Finalizer" daemon [_thread_blocked, id=20324, stack(0x0000008d39200000,0x0000008d39300000)]
  0x000001e7d919b5e0 JavaThread "Signal Dispatcher" daemon [_thread_blocked, id=22636, stack(0x0000008d39300000,0x0000008d39400000)]
  0x000001e7d919c0a0 JavaThread "Attach Listener" daemon [_thread_blocked, id=15960, stack(0x0000008d39400000,0x0000008d39500000)]
  0x000001e7d919eb70 JavaThread "Service Thread" daemon [_thread_blocked, id=152, stack(0x0000008d39500000,0x0000008d39600000)]
  0x000001e7d91a1440 JavaThread "Monitor Deflation Thread" daemon [_thread_blocked, id=21276, stack(0x0000008d39600000,0x0000008d39700000)]
=>0x000001e7d91a55e0 JavaThread "C2 CompilerThread0" daemon [_thread_in_native, id=3816, stack(0x0000008d39700000,0x0000008d39800000)]
  0x000001e7d91a5f90 JavaThread "C1 CompilerThread0" daemon [_thread_blocked, id=23092, stack(0x0000008d39800000,0x0000008d39900000)]
  0x000001e7d91a8ca0 JavaThread "Sweeper thread" daemon [_thread_blocked, id=23864, stack(0x0000008d39900000,0x0000008d39a00000)]
  0x000001e7d9166a70 JavaThread "Common-Cleaner" daemon [_thread_blocked, id=21624, stack(0x0000008d39a00000,0x0000008d39b00000)]
  0x000001e7d9487700 JavaThread "Notification Thread" daemon [_thread_blocked, id=21788, stack(0x0000008d39c00000,0x0000008d39d00000)]
  0x000001e7f455b8e0 JavaThread "Daemon health stats" [_thread_blocked, id=22496, stack(0x0000008d3a200000,0x0000008d3a300000)]
  0x000001e7f36458f0 JavaThread "Incoming local TCP Connector on port 54826" [_thread_in_native, id=13980, stack(0x0000008d3a300000,0x0000008d3a400000)]
  0x000001e7d93c74e0 JavaThread "Daemon periodic checks" [_thread_blocked, id=8736, stack(0x0000008d3a400000,0x0000008d3a500000)]
  0x000001e7f4296270 JavaThread "Daemon" [_thread_blocked, id=19132, stack(0x0000008d3a500000,0x0000008d3a600000)]
  0x000001e7f3a23040 JavaThread "Handler for socket connection from /127.0.0.1:54826 to /127.0.0.1:54827" [_thread_in_native, id=10344, stack(0x0000008d3a600000,0x0000008d3a700000)]
  0x000001e7f357a080 JavaThread "Cancel handler" [_thread_blocked, id=1560, stack(0x0000008d3a700000,0x0000008d3a800000)]
  0x000001e7f4924b10 JavaThread "Daemon worker" [_thread_in_vm, id=21256, stack(0x0000008d3a800000,0x0000008d3a900000)]
  0x000001e7f4924fe0 JavaThread "Asynchronous log dispatcher for DefaultDaemonConnection: socket connection from /127.0.0.1:54826 to /127.0.0.1:54827" [_thread_blocked, id=7360, stack(0x0000008d3a900000,0x0000008d3aa00000)]
  0x000001e7f364e920 JavaThread "Stdin handler" [_thread_blocked, id=15320, stack(0x0000008d3aa00000,0x0000008d3ab00000)]
  0x000001e7f364f790 JavaThread "Daemon client event forwarder" [_thread_blocked, id=6776, stack(0x0000008d3ab00000,0x0000008d3ac00000)]
  0x000001e7f3650fa0 JavaThread "Cache worker for journal cache (C:\gradle-8.2.1\caches\journal-1)" [_thread_blocked, id=19216, stack(0x0000008d3ac00000,0x0000008d3ad00000)]
  0x000001e7f364f2c0 JavaThread "File lock request listener" [_thread_in_native, id=24368, stack(0x0000008d3ad00000,0x0000008d3ae00000)]
  0x000001e7f3651940 JavaThread "File lock release action executor" [_thread_blocked, id=8988, stack(0x0000008d3ae00000,0x0000008d3af00000)]
  0x000001e7f364edf0 JavaThread "Cache worker for file hash cache (C:\gradle-8.2.1\caches\8.2.1\fileHashes)" [_thread_blocked, id=11260, stack(0x0000008d3af00000,0x0000008d3b000000)]
  0x000001e7f3650130 JavaThread "File watcher server" daemon [_thread_in_native, id=23872, stack(0x0000008d3b100000,0x0000008d3b200000)]
  0x000001e7f3650600 JavaThread "File watcher consumer" daemon [_thread_blocked, id=12364, stack(0x0000008d3b200000,0x0000008d3b300000)]
  0x000001e7f364fc60 JavaThread "Cache worker for checksums cache (C:\Users\LENOVO\OneDrive\Desktop\Nhom19_webSchool\Nhom19-WebSchool_Login\.gradle\8.2.1\checksums)" [_thread_blocked, id=18216, stack(0x0000008d3b300000,0x0000008d3b400000)]
  0x000001e7f364df80 JavaThread "Cache worker for cache directory md-rule (C:\gradle-8.2.1\caches\8.2.1\md-rule)" [_thread_blocked, id=23508, stack(0x0000008d3b400000,0x0000008d3b500000)]
  0x000001e7f3650ad0 JavaThread "Cache worker for file content cache (C:\gradle-8.2.1\caches\8.2.1\fileContent)" [_thread_blocked, id=18344, stack(0x0000008d3b000000,0x0000008d3b100000)]
  0x000001e7f364e450 JavaThread "Cache worker for file hash cache (C:\Users\LENOVO\OneDrive\Desktop\Nhom19_webSchool\Nhom19-WebSchool_Login\.gradle\8.2.1\fileHashes)" [_thread_blocked, id=4036, stack(0x0000008d3b800000,0x0000008d3b900000)]
  0x000001e7f618f220 JavaThread "Cache worker for cache directory md-supplier (C:\gradle-8.2.1\caches\8.2.1\md-supplier)" [_thread_blocked, id=21864, stack(0x0000008d3b900000,0x0000008d3ba00000)]
  0x000001e7f6192be0 JavaThread "Cache worker for execution history cache (C:\gradle-8.2.1\caches\8.2.1\executionHistory)" [_thread_blocked, id=13156, stack(0x0000008d3ba00000,0x0000008d3bb00000)]
  0x000001e7f618ed50 JavaThread "jar transforms" [_thread_blocked, id=4384, stack(0x0000008d3bb00000,0x0000008d3bc00000)]
  0x000001e7f61930b0 JavaThread "jar transforms Thread 2" [_thread_blocked, id=16860, stack(0x0000008d3bc00000,0x0000008d3bd00000)]
  0x000001e7f55dc0c0 JavaThread "C2 CompilerThread1" daemon [_thread_blocked, id=2252, stack(0x0000008d3bd00000,0x0000008d3be00000)]

Other Threads:
  0x000001e7d9177640 VMThread "VM Thread" [stack: 0x0000008d39000000,0x0000008d39100000] [id=6444]
  0x000001e7be8aa5d0 WatcherThread [stack: 0x0000008d39d00000,0x0000008d39e00000] [id=3180]
  0x000001e7be8d6e10 GCTaskThread "GC Thread#0" [stack: 0x0000008d38b00000,0x0000008d38c00000] [id=2836]
  0x000001e7d9ae8c20 GCTaskThread "GC Thread#1" [stack: 0x0000008d39b00000,0x0000008d39c00000] [id=22752]
  0x000001e7d9d8ca00 GCTaskThread "GC Thread#2" [stack: 0x0000008d39e00000,0x0000008d39f00000] [id=9928]
  0x000001e7d9d8ccb0 GCTaskThread "GC Thread#3" [stack: 0x0000008d39f00000,0x0000008d3a000000] [id=20756]
  0x000001e7d9dd4ab0 GCTaskThread "GC Thread#4" [stack: 0x0000008d3a000000,0x0000008d3a100000] [id=4824]
  0x000001e7d9dd4d60 GCTaskThread "GC Thread#5" [stack: 0x0000008d3a100000,0x0000008d3a200000] [id=10228]
  0x000001e7f5a01020 GCTaskThread "GC Thread#6" [stack: 0x0000008d3b500000,0x0000008d3b600000] [id=15428]
  0x000001e7f619b860 GCTaskThread "GC Thread#7" [stack: 0x0000008d3b600000,0x0000008d3b700000] [id=7140]
  0x000001e7be8dcc70 ConcurrentGCThread "G1 Main Marker" [stack: 0x0000008d38c00000,0x0000008d38d00000] [id=19996]
  0x000001e7be8dd590 ConcurrentGCThread "G1 Conc#0" [stack: 0x0000008d38d00000,0x0000008d38e00000] [id=1408]
  0x000001e7f4cc9af0 ConcurrentGCThread "G1 Conc#1" [stack: 0x0000008d3b700000,0x0000008d3b800000] [id=7968]
  0x000001e7be97eb40 ConcurrentGCThread "G1 Refine#0" [stack: 0x0000008d38e00000,0x0000008d38f00000] [id=13588]
  0x000001e7d903a640 ConcurrentGCThread "G1 Service" [stack: 0x0000008d38f00000,0x0000008d39000000] [id=23008]

Threads with active compile tasks:
C2 CompilerThread0    24971 3184       4       jdk.internal.loader.URLClassPath::getResource (74 bytes)

VM state: not at safepoint (normal execution)

VM Mutex/Monitor currently owned by a thread: None

Heap address: 0x00000000e0000000, size: 512 MB, Compressed Oops mode: 32-bit

CDS archive(s) mapped at: [0x000001e7da000000-0x000001e7dabd0000-0x000001e7dabd0000), size 12386304, SharedBaseAddress: 0x000001e7da000000, ArchiveRelocationMode: 1.
Compressed class space mapped at: 0x000001e7db000000-0x000001e7ef000000, reserved size: 335544320
Narrow klass base: 0x000001e7da000000, Narrow klass shift: 0, Narrow klass range: 0x100000000

GC Precious Log:
 CPUs: 8 total, 8 available
 Memory: 16086M
 Large Page Support: Disabled
 NUMA Support: Disabled
 Compressed Oops: Enabled (32-bit)
 Heap Region Size: 1M
 Heap Min Capacity: 256M
 Heap Initial Capacity: 256M
 Heap Max Capacity: 512M
 Pre-touch: Disabled
 Parallel Workers: 8
 Concurrent Workers: 2
 Concurrent Refinement Workers: 8
 Periodic GC: Disabled

Heap:
 garbage-first heap   total 262144K, used 59529K [0x00000000e0000000, 0x0000000100000000)
  region size 1024K, 49 young (50176K), 12 survivors (12288K)
 Metaspace       used 26244K, committed 26624K, reserved 393216K
  class space    used 3914K, committed 4096K, reserved 327680K

Heap Regions: E=young(eden), S=young(survivor), O=old, HS=humongous(starts), HC=humongous(continues), CS=collection set, F=free, OA=open archive, CA=closed archive, TAMS=top-at-mark-start (previous, next)
|   0|0x00000000e0000000, 0x00000000e0100000, 0x00000000e0100000|100%|HS|  |TAMS 0x00000000e0100000, 0x00000000e0000000| Complete 
|   1|0x00000000e0100000, 0x00000000e0200000, 0x00000000e0200000|100%|HC|  |TAMS 0x00000000e0200000, 0x00000000e0100000| Complete 
|   2|0x00000000e0200000, 0x00000000e0300000, 0x00000000e0300000|100%|HC|  |TAMS 0x00000000e0300000, 0x00000000e0200000| Complete 
|   3|0x00000000e0300000, 0x00000000e0400000, 0x00000000e0400000|100%|HC|  |TAMS 0x00000000e0400000, 0x00000000e0300000| Complete 
|   4|0x00000000e0400000, 0x00000000e0500000, 0x00000000e0500000|100%| O|  |TAMS 0x00000000e0500000, 0x00000000e0400000| Untracked 
|   5|0x00000000e0500000, 0x00000000e0600000, 0x00000000e0600000|100%| O|  |TAMS 0x00000000e0600000, 0x00000000e0500000| Untracked 
|   6|0x00000000e0600000, 0x00000000e0700000, 0x00000000e0700000|100%| O|  |TAMS 0x00000000e0700000, 0x00000000e0600000| Untracked 
|   7|0x00000000e0700000, 0x00000000e0800000, 0x00000000e0800000|100%| O|  |TAMS 0x00000000e0800000, 0x00000000e0700000| Untracked 
|   8|0x00000000e0800000, 0x00000000e0800000, 0x00000000e0900000|  0%| F|  |TAMS 0x00000000e0800000, 0x00000000e0800000| Untracked 
|   9|0x00000000e0900000, 0x00000000e0a00000, 0x00000000e0a00000|100%| O|  |TAMS 0x00000000e0a00000, 0x00000000e0900000| Untracked 
|  10|0x00000000e0a00000, 0x00000000e0b00000, 0x00000000e0b00000|100%| O|  |TAMS 0x00000000e0b00000, 0x00000000e0a00000| Untracked 
|  11|0x00000000e0b00000, 0x00000000e0c00000, 0x00000000e0c00000|100%| O|  |TAMS 0x00000000e0c00000, 0x00000000e0b00000| Untracked 
|  12|0x00000000e0c00000, 0x00000000e0c0b200, 0x00000000e0d00000|  4%| O|  |TAMS 0x00000000e0c0b200, 0x00000000e0c00000| Untracked 
|  13|0x00000000e0d00000, 0x00000000e0d00000, 0x00000000e0e00000|  0%| F|  |TAMS 0x00000000e0d00000, 0x00000000e0d00000| Untracked 
|  14|0x00000000e0e00000, 0x00000000e0e00000, 0x00000000e0f00000|  0%| F|  |TAMS 0x00000000e0e00000, 0x00000000e0e00000| Untracked 
|  15|0x00000000e0f00000, 0x00000000e0f00000, 0x00000000e1000000|  0%| F|  |TAMS 0x00000000e0f00000, 0x00000000e0f00000| Untracked 
|  16|0x00000000e1000000, 0x00000000e1000000, 0x00000000e1100000|  0%| F|  |TAMS 0x00000000e1000000, 0x00000000e1000000| Untracked 
|  17|0x00000000e1100000, 0x00000000e1100000, 0x00000000e1200000|  0%| F|  |TAMS 0x00000000e1100000, 0x00000000e1100000| Untracked 
|  18|0x00000000e1200000, 0x00000000e1200000, 0x00000000e1300000|  0%| F|  |TAMS 0x00000000e1200000, 0x00000000e1200000| Untracked 
|  19|0x00000000e1300000, 0x00000000e1300000, 0x00000000e1400000|  0%| F|  |TAMS 0x00000000e1300000, 0x00000000e1300000| Untracked 
|  20|0x00000000e1400000, 0x00000000e1400000, 0x00000000e1500000|  0%| F|  |TAMS 0x00000000e1400000, 0x00000000e1400000| Untracked 
|  21|0x00000000e1500000, 0x00000000e1500000, 0x00000000e1600000|  0%| F|  |TAMS 0x00000000e1500000, 0x00000000e1500000| Untracked 
|  22|0x00000000e1600000, 0x00000000e1600000, 0x00000000e1700000|  0%| F|  |TAMS 0x00000000e1600000, 0x00000000e1600000| Untracked 
|  23|0x00000000e1700000, 0x00000000e1700000, 0x00000000e1800000|  0%| F|  |TAMS 0x00000000e1700000, 0x00000000e1700000| Untracked 
|  24|0x00000000e1800000, 0x00000000e1800000, 0x00000000e1900000|  0%| F|  |TAMS 0x00000000e1800000, 0x00000000e1800000| Untracked 
|  25|0x00000000e1900000, 0x00000000e1900000, 0x00000000e1a00000|  0%| F|  |TAMS 0x00000000e1900000, 0x00000000e1900000| Untracked 
|  26|0x00000000e1a00000, 0x00000000e1a00000, 0x00000000e1b00000|  0%| F|  |TAMS 0x00000000e1a00000, 0x00000000e1a00000| Untracked 
|  27|0x00000000e1b00000, 0x00000000e1b00000, 0x00000000e1c00000|  0%| F|  |TAMS 0x00000000e1b00000, 0x00000000e1b00000| Untracked 
|  28|0x00000000e1c00000, 0x00000000e1c00000, 0x00000000e1d00000|  0%| F|  |TAMS 0x00000000e1c00000, 0x00000000e1c00000| Untracked 
|  29|0x00000000e1d00000, 0x00000000e1d00000, 0x00000000e1e00000|  0%| F|  |TAMS 0x00000000e1d00000, 0x00000000e1d00000| Untracked 
|  30|0x00000000e1e00000, 0x00000000e1e00000, 0x00000000e1f00000|  0%| F|  |TAMS 0x00000000e1e00000, 0x00000000e1e00000| Untracked 
|  31|0x00000000e1f00000, 0x00000000e1f00000, 0x00000000e2000000|  0%| F|  |TAMS 0x00000000e1f00000, 0x00000000e1f00000| Untracked 
|  32|0x00000000e2000000, 0x00000000e2000000, 0x00000000e2100000|  0%| F|  |TAMS 0x00000000e2000000, 0x00000000e2000000| Untracked 
|  33|0x00000000e2100000, 0x00000000e2100000, 0x00000000e2200000|  0%| F|  |TAMS 0x00000000e2100000, 0x00000000e2100000| Untracked 
|  34|0x00000000e2200000, 0x00000000e2200000, 0x00000000e2300000|  0%| F|  |TAMS 0x00000000e2200000, 0x00000000e2200000| Untracked 
|  35|0x00000000e2300000, 0x00000000e2300000, 0x00000000e2400000|  0%| F|  |TAMS 0x00000000e2300000, 0x00000000e2300000| Untracked 
|  36|0x00000000e2400000, 0x00000000e2400000, 0x00000000e2500000|  0%| F|  |TAMS 0x00000000e2400000, 0x00000000e2400000| Untracked 
|  37|0x00000000e2500000, 0x00000000e2500000, 0x00000000e2600000|  0%| F|  |TAMS 0x00000000e2500000, 0x00000000e2500000| Untracked 
|  38|0x00000000e2600000, 0x00000000e2600000, 0x00000000e2700000|  0%| F|  |TAMS 0x00000000e2600000, 0x00000000e2600000| Untracked 
|  39|0x00000000e2700000, 0x00000000e2700000, 0x00000000e2800000|  0%| F|  |TAMS 0x00000000e2700000, 0x00000000e2700000| Untracked 
|  40|0x00000000e2800000, 0x00000000e2800000, 0x00000000e2900000|  0%| F|  |TAMS 0x00000000e2800000, 0x00000000e2800000| Untracked 
|  41|0x00000000e2900000, 0x00000000e2900000, 0x00000000e2a00000|  0%| F|  |TAMS 0x00000000e2900000, 0x00000000e2900000| Untracked 
|  42|0x00000000e2a00000, 0x00000000e2a00000, 0x00000000e2b00000|  0%| F|  |TAMS 0x00000000e2a00000, 0x00000000e2a00000| Untracked 
|  43|0x00000000e2b00000, 0x00000000e2b00000, 0x00000000e2c00000|  0%| F|  |TAMS 0x00000000e2b00000, 0x00000000e2b00000| Untracked 
|  44|0x00000000e2c00000, 0x00000000e2c00000, 0x00000000e2d00000|  0%| F|  |TAMS 0x00000000e2c00000, 0x00000000e2c00000| Untracked 
|  45|0x00000000e2d00000, 0x00000000e2d00000, 0x00000000e2e00000|  0%| F|  |TAMS 0x00000000e2d00000, 0x00000000e2d00000| Untracked 
|  46|0x00000000e2e00000, 0x00000000e2e00000, 0x00000000e2f00000|  0%| F|  |TAMS 0x00000000e2e00000, 0x00000000e2e00000| Untracked 
|  47|0x00000000e2f00000, 0x00000000e2f00000, 0x00000000e3000000|  0%| F|  |TAMS 0x00000000e2f00000, 0x00000000e2f00000| Untracked 
|  48|0x00000000e3000000, 0x00000000e3000000, 0x00000000e3100000|  0%| F|  |TAMS 0x00000000e3000000, 0x00000000e3000000| Untracked 
|  49|0x00000000e3100000, 0x00000000e3100000, 0x00000000e3200000|  0%| F|  |TAMS 0x00000000e3100000, 0x00000000e3100000| Untracked 
|  50|0x00000000e3200000, 0x00000000e3200000, 0x00000000e3300000|  0%| F|  |TAMS 0x00000000e3200000, 0x00000000e3200000| Untracked 
|  51|0x00000000e3300000, 0x00000000e3300000, 0x00000000e3400000|  0%| F|  |TAMS 0x00000000e3300000, 0x00000000e3300000| Untracked 
|  52|0x00000000e3400000, 0x00000000e3400000, 0x00000000e3500000|  0%| F|  |TAMS 0x00000000e3400000, 0x00000000e3400000| Untracked 
|  53|0x00000000e3500000, 0x00000000e3500000, 0x00000000e3600000|  0%| F|  |TAMS 0x00000000e3500000, 0x00000000e3500000| Untracked 
|  54|0x00000000e3600000, 0x00000000e3600000, 0x00000000e3700000|  0%| F|  |TAMS 0x00000000e3600000, 0x00000000e3600000| Untracked 
|  55|0x00000000e3700000, 0x00000000e3700000, 0x00000000e3800000|  0%| F|  |TAMS 0x00000000e3700000, 0x00000000e3700000| Untracked 
|  56|0x00000000e3800000, 0x00000000e3800000, 0x00000000e3900000|  0%| F|  |TAMS 0x00000000e3800000, 0x00000000e3800000| Untracked 
|  57|0x00000000e3900000, 0x00000000e3900000, 0x00000000e3a00000|  0%| F|  |TAMS 0x00000000e3900000, 0x00000000e3900000| Untracked 
|  58|0x00000000e3a00000, 0x00000000e3a00000, 0x00000000e3b00000|  0%| F|  |TAMS 0x00000000e3a00000, 0x00000000e3a00000| Untracked 
|  59|0x00000000e3b00000, 0x00000000e3b00000, 0x00000000e3c00000|  0%| F|  |TAMS 0x00000000e3b00000, 0x00000000e3b00000| Untracked 
|  60|0x00000000e3c00000, 0x00000000e3c00000, 0x00000000e3d00000|  0%| F|  |TAMS 0x00000000e3c00000, 0x00000000e3c00000| Untracked 
|  61|0x00000000e3d00000, 0x00000000e3d00000, 0x00000000e3e00000|  0%| F|  |TAMS 0x00000000e3d00000, 0x00000000e3d00000| Untracked 
|  62|0x00000000e3e00000, 0x00000000e3e00000, 0x00000000e3f00000|  0%| F|  |TAMS 0x00000000e3e00000, 0x00000000e3e00000| Untracked 
|  63|0x00000000e3f00000, 0x00000000e3f00000, 0x00000000e4000000|  0%| F|  |TAMS 0x00000000e3f00000, 0x00000000e3f00000| Untracked 
|  64|0x00000000e4000000, 0x00000000e4000000, 0x00000000e4100000|  0%| F|  |TAMS 0x00000000e4000000, 0x00000000e4000000| Untracked 
|  65|0x00000000e4100000, 0x00000000e4100000, 0x00000000e4200000|  0%| F|  |TAMS 0x00000000e4100000, 0x00000000e4100000| Untracked 
|  66|0x00000000e4200000, 0x00000000e4200000, 0x00000000e4300000|  0%| F|  |TAMS 0x00000000e4200000, 0x00000000e4200000| Untracked 
|  67|0x00000000e4300000, 0x00000000e4300000, 0x00000000e4400000|  0%| F|  |TAMS 0x00000000e4300000, 0x00000000e4300000| Untracked 
|  68|0x00000000e4400000, 0x00000000e4400000, 0x00000000e4500000|  0%| F|  |TAMS 0x00000000e4400000, 0x00000000e4400000| Untracked 
|  69|0x00000000e4500000, 0x00000000e4500000, 0x00000000e4600000|  0%| F|  |TAMS 0x00000000e4500000, 0x00000000e4500000| Untracked 
|  70|0x00000000e4600000, 0x00000000e4600000, 0x00000000e4700000|  0%| F|  |TAMS 0x00000000e4600000, 0x00000000e4600000| Untracked 
|  71|0x00000000e4700000, 0x00000000e4700000, 0x00000000e4800000|  0%| F|  |TAMS 0x00000000e4700000, 0x00000000e4700000| Untracked 
|  72|0x00000000e4800000, 0x00000000e4800000, 0x00000000e4900000|  0%| F|  |TAMS 0x00000000e4800000, 0x00000000e4800000| Untracked 
|  73|0x00000000e4900000, 0x00000000e4900000, 0x00000000e4a00000|  0%| F|  |TAMS 0x00000000e4900000, 0x00000000e4900000| Untracked 
|  74|0x00000000e4a00000, 0x00000000e4a00000, 0x00000000e4b00000|  0%| F|  |TAMS 0x00000000e4a00000, 0x00000000e4a00000| Untracked 
|  75|0x00000000e4b00000, 0x00000000e4b00000, 0x00000000e4c00000|  0%| F|  |TAMS 0x00000000e4b00000, 0x00000000e4b00000| Untracked 
|  76|0x00000000e4c00000, 0x00000000e4c00000, 0x00000000e4d00000|  0%| F|  |TAMS 0x00000000e4c00000, 0x00000000e4c00000| Untracked 
|  77|0x00000000e4d00000, 0x00000000e4d00000, 0x00000000e4e00000|  0%| F|  |TAMS 0x00000000e4d00000, 0x00000000e4d00000| Untracked 
|  78|0x00000000e4e00000, 0x00000000e4e00000, 0x00000000e4f00000|  0%| F|  |TAMS 0x00000000e4e00000, 0x00000000e4e00000| Untracked 
|  79|0x00000000e4f00000, 0x00000000e4f00000, 0x00000000e5000000|  0%| F|  |TAMS 0x00000000e4f00000, 0x00000000e4f00000| Untracked 
|  80|0x00000000e5000000, 0x00000000e5000000, 0x00000000e5100000|  0%| F|  |TAMS 0x00000000e5000000, 0x00000000e5000000| Untracked 
|  81|0x00000000e5100000, 0x00000000e5100000, 0x00000000e5200000|  0%| F|  |TAMS 0x00000000e5100000, 0x00000000e5100000| Untracked 
|  82|0x00000000e5200000, 0x00000000e5200000, 0x00000000e5300000|  0%| F|  |TAMS 0x00000000e5200000, 0x00000000e5200000| Untracked 
|  83|0x00000000e5300000, 0x00000000e5300000, 0x00000000e5400000|  0%| F|  |TAMS 0x00000000e5300000, 0x00000000e5300000| Untracked 
|  84|0x00000000e5400000, 0x00000000e5400000, 0x00000000e5500000|  0%| F|  |TAMS 0x00000000e5400000, 0x00000000e5400000| Untracked 
|  85|0x00000000e5500000, 0x00000000e5500000, 0x00000000e5600000|  0%| F|  |TAMS 0x00000000e5500000, 0x00000000e5500000| Untracked 
|  86|0x00000000e5600000, 0x00000000e5600000, 0x00000000e5700000|  0%| F|  |TAMS 0x00000000e5600000, 0x00000000e5600000| Untracked 
|  87|0x00000000e5700000, 0x00000000e5700000, 0x00000000e5800000|  0%| F|  |TAMS 0x00000000e5700000, 0x00000000e5700000| Untracked 
|  88|0x00000000e5800000, 0x00000000e5800000, 0x00000000e5900000|  0%| F|  |TAMS 0x00000000e5800000, 0x00000000e5800000| Untracked 
|  89|0x00000000e5900000, 0x00000000e5900000, 0x00000000e5a00000|  0%| F|  |TAMS 0x00000000e5900000, 0x00000000e5900000| Untracked 
|  90|0x00000000e5a00000, 0x00000000e5a00000, 0x00000000e5b00000|  0%| F|  |TAMS 0x00000000e5a00000, 0x00000000e5a00000| Untracked 
|  91|0x00000000e5b00000, 0x00000000e5b00000, 0x00000000e5c00000|  0%| F|  |TAMS 0x00000000e5b00000, 0x00000000e5b00000| Untracked 
|  92|0x00000000e5c00000, 0x00000000e5c00000, 0x00000000e5d00000|  0%| F|  |TAMS 0x00000000e5c00000, 0x00000000e5c00000| Untracked 
|  93|0x00000000e5d00000, 0x00000000e5d00000, 0x00000000e5e00000|  0%| F|  |TAMS 0x00000000e5d00000, 0x00000000e5d00000| Untracked 
|  94|0x00000000e5e00000, 0x00000000e5e00000, 0x00000000e5f00000|  0%| F|  |TAMS 0x00000000e5e00000, 0x00000000e5e00000| Untracked 
|  95|0x00000000e5f00000, 0x00000000e5f00000, 0x00000000e6000000|  0%| F|  |TAMS 0x00000000e5f00000, 0x00000000e5f00000| Untracked 
|  96|0x00000000e6000000, 0x00000000e6000000, 0x00000000e6100000|  0%| F|  |TAMS 0x00000000e6000000, 0x00000000e6000000| Untracked 
|  97|0x00000000e6100000, 0x00000000e6100000, 0x00000000e6200000|  0%| F|  |TAMS 0x00000000e6100000, 0x00000000e6100000| Untracked 
|  98|0x00000000e6200000, 0x00000000e6200000, 0x00000000e6300000|  0%| F|  |TAMS 0x00000000e6200000, 0x00000000e6200000| Untracked 
|  99|0x00000000e6300000, 0x00000000e6300000, 0x00000000e6400000|  0%| F|  |TAMS 0x00000000e6300000, 0x00000000e6300000| Untracked 
| 100|0x00000000e6400000, 0x00000000e6400000, 0x00000000e6500000|  0%| F|  |TAMS 0x00000000e6400000, 0x00000000e6400000| Untracked 
| 101|0x00000000e6500000, 0x00000000e6500000, 0x00000000e6600000|  0%| F|  |TAMS 0x00000000e6500000, 0x00000000e6500000| Untracked 
| 102|0x00000000e6600000, 0x00000000e6600000, 0x00000000e6700000|  0%| F|  |TAMS 0x00000000e6600000, 0x00000000e6600000| Untracked 
| 103|0x00000000e6700000, 0x00000000e6700000, 0x00000000e6800000|  0%| F|  |TAMS 0x00000000e6700000, 0x00000000e6700000| Untracked 
| 104|0x00000000e6800000, 0x00000000e6800000, 0x00000000e6900000|  0%| F|  |TAMS 0x00000000e6800000, 0x00000000e6800000| Untracked 
| 105|0x00000000e6900000, 0x00000000e6900000, 0x00000000e6a00000|  0%| F|  |TAMS 0x00000000e6900000, 0x00000000e6900000| Untracked 
| 106|0x00000000e6a00000, 0x00000000e6a00000, 0x00000000e6b00000|  0%| F|  |TAMS 0x00000000e6a00000, 0x00000000e6a00000| Untracked 
| 107|0x00000000e6b00000, 0x00000000e6b00000, 0x00000000e6c00000|  0%| F|  |TAMS 0x00000000e6b00000, 0x00000000e6b00000| Untracked 
| 108|0x00000000e6c00000, 0x00000000e6c00000, 0x00000000e6d00000|  0%| F|  |TAMS 0x00000000e6c00000, 0x00000000e6c00000| Untracked 
| 109|0x00000000e6d00000, 0x00000000e6d00000, 0x00000000e6e00000|  0%| F|  |TAMS 0x00000000e6d00000, 0x00000000e6d00000| Untracked 
| 110|0x00000000e6e00000, 0x00000000e6e00000, 0x00000000e6f00000|  0%| F|  |TAMS 0x00000000e6e00000, 0x00000000e6e00000| Untracked 
| 111|0x00000000e6f00000, 0x00000000e6f00000, 0x00000000e7000000|  0%| F|  |TAMS 0x00000000e6f00000, 0x00000000e6f00000| Untracked 
| 112|0x00000000e7000000, 0x00000000e7000000, 0x00000000e7100000|  0%| F|  |TAMS 0x00000000e7000000, 0x00000000e7000000| Untracked 
| 113|0x00000000e7100000, 0x00000000e7100000, 0x00000000e7200000|  0%| F|  |TAMS 0x00000000e7100000, 0x00000000e7100000| Untracked 
| 114|0x00000000e7200000, 0x00000000e7200000, 0x00000000e7300000|  0%| F|  |TAMS 0x00000000e7200000, 0x00000000e7200000| Untracked 
| 115|0x00000000e7300000, 0x00000000e7300000, 0x00000000e7400000|  0%| F|  |TAMS 0x00000000e7300000, 0x00000000e7300000| Untracked 
| 116|0x00000000e7400000, 0x00000000e7400000, 0x00000000e7500000|  0%| F|  |TAMS 0x00000000e7400000, 0x00000000e7400000| Untracked 
| 117|0x00000000e7500000, 0x00000000e7500000, 0x00000000e7600000|  0%| F|  |TAMS 0x00000000e7500000, 0x00000000e7500000| Untracked 
| 118|0x00000000e7600000, 0x00000000e7600000, 0x00000000e7700000|  0%| F|  |TAMS 0x00000000e7600000, 0x00000000e7600000| Untracked 
| 119|0x00000000e7700000, 0x00000000e7700000, 0x00000000e7800000|  0%| F|  |TAMS 0x00000000e7700000, 0x00000000e7700000| Untracked 
| 120|0x00000000e7800000, 0x00000000e7800000, 0x00000000e7900000|  0%| F|  |TAMS 0x00000000e7800000, 0x00000000e7800000| Untracked 
| 121|0x00000000e7900000, 0x00000000e7900000, 0x00000000e7a00000|  0%| F|  |TAMS 0x00000000e7900000, 0x00000000e7900000| Untracked 
| 122|0x00000000e7a00000, 0x00000000e7a00000, 0x00000000e7b00000|  0%| F|  |TAMS 0x00000000e7a00000, 0x00000000e7a00000| Untracked 
| 123|0x00000000e7b00000, 0x00000000e7b00000, 0x00000000e7c00000|  0%| F|  |TAMS 0x00000000e7b00000, 0x00000000e7b00000| Untracked 
| 124|0x00000000e7c00000, 0x00000000e7c00000, 0x00000000e7d00000|  0%| F|  |TAMS 0x00000000e7c00000, 0x00000000e7c00000| Untracked 
| 125|0x00000000e7d00000, 0x00000000e7d00000, 0x00000000e7e00000|  0%| F|  |TAMS 0x00000000e7d00000, 0x00000000e7d00000| Untracked 
| 126|0x00000000e7e00000, 0x00000000e7e00000, 0x00000000e7f00000|  0%| F|  |TAMS 0x00000000e7e00000, 0x00000000e7e00000| Untracked 
| 127|0x00000000e7f00000, 0x00000000e7f00000, 0x00000000e8000000|  0%| F|  |TAMS 0x00000000e7f00000, 0x00000000e7f00000| Untracked 
| 128|0x00000000e8000000, 0x00000000e8000000, 0x00000000e8100000|  0%| F|  |TAMS 0x00000000e8000000, 0x00000000e8000000| Untracked 
| 129|0x00000000e8100000, 0x00000000e8100000, 0x00000000e8200000|  0%| F|  |TAMS 0x00000000e8100000, 0x00000000e8100000| Untracked 
| 130|0x00000000e8200000, 0x00000000e8200000, 0x00000000e8300000|  0%| F|  |TAMS 0x00000000e8200000, 0x00000000e8200000| Untracked 
| 131|0x00000000e8300000, 0x00000000e8300000, 0x00000000e8400000|  0%| F|  |TAMS 0x00000000e8300000, 0x00000000e8300000| Untracked 
| 132|0x00000000e8400000, 0x00000000e8400000, 0x00000000e8500000|  0%| F|  |TAMS 0x00000000e8400000, 0x00000000e8400000| Untracked 
| 133|0x00000000e8500000, 0x00000000e8500000, 0x00000000e8600000|  0%| F|  |TAMS 0x00000000e8500000, 0x00000000e8500000| Untracked 
| 134|0x00000000e8600000, 0x00000000e8600000, 0x00000000e8700000|  0%| F|  |TAMS 0x00000000e8600000, 0x00000000e8600000| Untracked 
| 135|0x00000000e8700000, 0x00000000e8700000, 0x00000000e8800000|  0%| F|  |TAMS 0x00000000e8700000, 0x00000000e8700000| Untracked 
| 136|0x00000000e8800000, 0x00000000e8817298, 0x00000000e8900000|  9%| S|CS|TAMS 0x00000000e8800000, 0x00000000e8800000| Complete 
| 137|0x00000000e8900000, 0x00000000e8a00000, 0x00000000e8a00000|100%| S|CS|TAMS 0x00000000e8900000, 0x00000000e8900000| Complete 
| 138|0x00000000e8a00000, 0x00000000e8b00000, 0x00000000e8b00000|100%| S|CS|TAMS 0x00000000e8a00000, 0x00000000e8a00000| Complete 
| 139|0x00000000e8b00000, 0x00000000e8c00000, 0x00000000e8c00000|100%| S|CS|TAMS 0x00000000e8b00000, 0x00000000e8b00000| Complete 
| 140|0x00000000e8c00000, 0x00000000e8d00000, 0x00000000e8d00000|100%| S|CS|TAMS 0x00000000e8c00000, 0x00000000e8c00000| Complete 
| 141|0x00000000e8d00000, 0x00000000e8e00000, 0x00000000e8e00000|100%| S|CS|TAMS 0x00000000e8d00000, 0x00000000e8d00000| Complete 
| 142|0x00000000e8e00000, 0x00000000e8f00000, 0x00000000e8f00000|100%| S|CS|TAMS 0x00000000e8e00000, 0x00000000e8e00000| Complete 
| 143|0x00000000e8f00000, 0x00000000e9000000, 0x00000000e9000000|100%| S|CS|TAMS 0x00000000e8f00000, 0x00000000e8f00000| Complete 
| 144|0x00000000e9000000, 0x00000000e9100000, 0x00000000e9100000|100%| S|CS|TAMS 0x00000000e9000000, 0x00000000e9000000| Complete 
| 145|0x00000000e9100000, 0x00000000e9200000, 0x00000000e9200000|100%| S|CS|TAMS 0x00000000e9100000, 0x00000000e9100000| Complete 
| 146|0x00000000e9200000, 0x00000000e9300000, 0x00000000e9300000|100%| S|CS|TAMS 0x00000000e9200000, 0x00000000e9200000| Complete 
| 147|0x00000000e9300000, 0x00000000e9400000, 0x00000000e9400000|100%| S|CS|TAMS 0x00000000e9300000, 0x00000000e9300000| Complete 
| 148|0x00000000e9400000, 0x00000000e9400000, 0x00000000e9500000|  0%| F|  |TAMS 0x00000000e9400000, 0x00000000e9400000| Untracked 
| 149|0x00000000e9500000, 0x00000000e9500000, 0x00000000e9600000|  0%| F|  |TAMS 0x00000000e9500000, 0x00000000e9500000| Untracked 
| 150|0x00000000e9600000, 0x00000000e9600000, 0x00000000e9700000|  0%| F|  |TAMS 0x00000000e9600000, 0x00000000e9600000| Untracked 
| 151|0x00000000e9700000, 0x00000000e9700000, 0x00000000e9800000|  0%| F|  |TAMS 0x00000000e9700000, 0x00000000e9700000| Untracked 
| 152|0x00000000e9800000, 0x00000000e9800000, 0x00000000e9900000|  0%| F|  |TAMS 0x00000000e9800000, 0x00000000e9800000| Untracked 
| 153|0x00000000e9900000, 0x00000000e9900000, 0x00000000e9a00000|  0%| F|  |TAMS 0x00000000e9900000, 0x00000000e9900000| Untracked 
| 154|0x00000000e9a00000, 0x00000000e9a00000, 0x00000000e9b00000|  0%| F|  |TAMS 0x00000000e9a00000, 0x00000000e9a00000| Untracked 
| 155|0x00000000e9b00000, 0x00000000e9b00000, 0x00000000e9c00000|  0%| F|  |TAMS 0x00000000e9b00000, 0x00000000e9b00000| Untracked 
| 156|0x00000000e9c00000, 0x00000000e9c00000, 0x00000000e9d00000|  0%| F|  |TAMS 0x00000000e9c00000, 0x00000000e9c00000| Untracked 
| 157|0x00000000e9d00000, 0x00000000e9d00000, 0x00000000e9e00000|  0%| F|  |TAMS 0x00000000e9d00000, 0x00000000e9d00000| Untracked 
| 158|0x00000000e9e00000, 0x00000000e9e00000, 0x00000000e9f00000|  0%| F|  |TAMS 0x00000000e9e00000, 0x00000000e9e00000| Untracked 
| 159|0x00000000e9f00000, 0x00000000e9f00000, 0x00000000ea000000|  0%| F|  |TAMS 0x00000000e9f00000, 0x00000000e9f00000| Untracked 
| 160|0x00000000ea000000, 0x00000000ea000000, 0x00000000ea100000|  0%| F|  |TAMS 0x00000000ea000000, 0x00000000ea000000| Untracked 
| 161|0x00000000ea100000, 0x00000000ea100000, 0x00000000ea200000|  0%| F|  |TAMS 0x00000000ea100000, 0x00000000ea100000| Untracked 
| 162|0x00000000ea200000, 0x00000000ea200000, 0x00000000ea300000|  0%| F|  |TAMS 0x00000000ea200000, 0x00000000ea200000| Untracked 
| 163|0x00000000ea300000, 0x00000000ea300000, 0x00000000ea400000|  0%| F|  |TAMS 0x00000000ea300000, 0x00000000ea300000| Untracked 
| 164|0x00000000ea400000, 0x00000000ea400000, 0x00000000ea500000|  0%| F|  |TAMS 0x00000000ea400000, 0x00000000ea400000| Untracked 
| 165|0x00000000ea500000, 0x00000000ea500000, 0x00000000ea600000|  0%| F|  |TAMS 0x00000000ea500000, 0x00000000ea500000| Untracked 
| 166|0x00000000ea600000, 0x00000000ea600000, 0x00000000ea700000|  0%| F|  |TAMS 0x00000000ea600000, 0x00000000ea600000| Untracked 
| 167|0x00000000ea700000, 0x00000000ea700000, 0x00000000ea800000|  0%| F|  |TAMS 0x00000000ea700000, 0x00000000ea700000| Untracked 
| 168|0x00000000ea800000, 0x00000000ea800000, 0x00000000ea900000|  0%| F|  |TAMS 0x00000000ea800000, 0x00000000ea800000| Untracked 
| 169|0x00000000ea900000, 0x00000000ea900000, 0x00000000eaa00000|  0%| F|  |TAMS 0x00000000ea900000, 0x00000000ea900000| Untracked 
| 170|0x00000000eaa00000, 0x00000000eaa00000, 0x00000000eab00000|  0%| F|  |TAMS 0x00000000eaa00000, 0x00000000eaa00000| Untracked 
| 171|0x00000000eab00000, 0x00000000eab00000, 0x00000000eac00000|  0%| F|  |TAMS 0x00000000eab00000, 0x00000000eab00000| Untracked 
| 172|0x00000000eac00000, 0x00000000eac00000, 0x00000000ead00000|  0%| F|  |TAMS 0x00000000eac00000, 0x00000000eac00000| Untracked 
| 173|0x00000000ead00000, 0x00000000ead00000, 0x00000000eae00000|  0%| F|  |TAMS 0x00000000ead00000, 0x00000000ead00000| Untracked 
| 174|0x00000000eae00000, 0x00000000eae00000, 0x00000000eaf00000|  0%| F|  |TAMS 0x00000000eae00000, 0x00000000eae00000| Untracked 
| 175|0x00000000eaf00000, 0x00000000eaf00000, 0x00000000eb000000|  0%| F|  |TAMS 0x00000000eaf00000, 0x00000000eaf00000| Untracked 
| 176|0x00000000eb000000, 0x00000000eb000000, 0x00000000eb100000|  0%| F|  |TAMS 0x00000000eb000000, 0x00000000eb000000| Untracked 
| 177|0x00000000eb100000, 0x00000000eb100000, 0x00000000eb200000|  0%| F|  |TAMS 0x00000000eb100000, 0x00000000eb100000| Untracked 
| 178|0x00000000eb200000, 0x00000000eb200000, 0x00000000eb300000|  0%| F|  |TAMS 0x00000000eb200000, 0x00000000eb200000| Untracked 
| 179|0x00000000eb300000, 0x00000000eb300000, 0x00000000eb400000|  0%| F|  |TAMS 0x00000000eb300000, 0x00000000eb300000| Untracked 
| 180|0x00000000eb400000, 0x00000000eb400000, 0x00000000eb500000|  0%| F|  |TAMS 0x00000000eb400000, 0x00000000eb400000| Untracked 
| 181|0x00000000eb500000, 0x00000000eb500000, 0x00000000eb600000|  0%| F|  |TAMS 0x00000000eb500000, 0x00000000eb500000| Untracked 
| 182|0x00000000eb600000, 0x00000000eb600000, 0x00000000eb700000|  0%| F|  |TAMS 0x00000000eb600000, 0x00000000eb600000| Untracked 
| 183|0x00000000eb700000, 0x00000000eb700000, 0x00000000eb800000|  0%| F|  |TAMS 0x00000000eb700000, 0x00000000eb700000| Untracked 
| 184|0x00000000eb800000, 0x00000000eb800000, 0x00000000eb900000|  0%| F|  |TAMS 0x00000000eb800000, 0x00000000eb800000| Untracked 
| 185|0x00000000eb900000, 0x00000000eb900000, 0x00000000eba00000|  0%| F|  |TAMS 0x00000000eb900000, 0x00000000eb900000| Untracked 
| 186|0x00000000eba00000, 0x00000000eba00000, 0x00000000ebb00000|  0%| F|  |TAMS 0x00000000eba00000, 0x00000000eba00000| Untracked 
| 187|0x00000000ebb00000, 0x00000000ebb00000, 0x00000000ebc00000|  0%| F|  |TAMS 0x00000000ebb00000, 0x00000000ebb00000| Untracked 
| 188|0x00000000ebc00000, 0x00000000ebc00000, 0x00000000ebd00000|  0%| F|  |TAMS 0x00000000ebc00000, 0x00000000ebc00000| Untracked 
| 189|0x00000000ebd00000, 0x00000000ebd00000, 0x00000000ebe00000|  0%| F|  |TAMS 0x00000000ebd00000, 0x00000000ebd00000| Untracked 
| 190|0x00000000ebe00000, 0x00000000ebe00000, 0x00000000ebf00000|  0%| F|  |TAMS 0x00000000ebe00000, 0x00000000ebe00000| Untracked 
| 191|0x00000000ebf00000, 0x00000000ebf00000, 0x00000000ec000000|  0%| F|  |TAMS 0x00000000ebf00000, 0x00000000ebf00000| Untracked 
| 192|0x00000000ec000000, 0x00000000ec000000, 0x00000000ec100000|  0%| F|  |TAMS 0x00000000ec000000, 0x00000000ec000000| Untracked 
| 193|0x00000000ec100000, 0x00000000ec100000, 0x00000000ec200000|  0%| F|  |TAMS 0x00000000ec100000, 0x00000000ec100000| Untracked 
| 194|0x00000000ec200000, 0x00000000ec200000, 0x00000000ec300000|  0%| F|  |TAMS 0x00000000ec200000, 0x00000000ec200000| Untracked 
| 195|0x00000000ec300000, 0x00000000ec300000, 0x00000000ec400000|  0%| F|  |TAMS 0x00000000ec300000, 0x00000000ec300000| Untracked 
| 196|0x00000000ec400000, 0x00000000ec400000, 0x00000000ec500000|  0%| F|  |TAMS 0x00000000ec400000, 0x00000000ec400000| Untracked 
| 197|0x00000000ec500000, 0x00000000ec500000, 0x00000000ec600000|  0%| F|  |TAMS 0x00000000ec500000, 0x00000000ec500000| Untracked 
| 198|0x00000000ec600000, 0x00000000ec600000, 0x00000000ec700000|  0%| F|  |TAMS 0x00000000ec600000, 0x00000000ec600000| Untracked 
| 199|0x00000000ec700000, 0x00000000ec700000, 0x00000000ec800000|  0%| F|  |TAMS 0x00000000ec700000, 0x00000000ec700000| Untracked 
| 200|0x00000000ec800000, 0x00000000ec800000, 0x00000000ec900000|  0%| F|  |TAMS 0x00000000ec800000, 0x00000000ec800000| Untracked 
| 201|0x00000000ec900000, 0x00000000ec900000, 0x00000000eca00000|  0%| F|  |TAMS 0x00000000ec900000, 0x00000000ec900000| Untracked 
| 202|0x00000000eca00000, 0x00000000eca00000, 0x00000000ecb00000|  0%| F|  |TAMS 0x00000000eca00000, 0x00000000eca00000| Untracked 
| 203|0x00000000ecb00000, 0x00000000ecb00000, 0x00000000ecc00000|  0%| F|  |TAMS 0x00000000ecb00000, 0x00000000ecb00000| Untracked 
| 204|0x00000000ecc00000, 0x00000000ecc00000, 0x00000000ecd00000|  0%| F|  |TAMS 0x00000000ecc00000, 0x00000000ecc00000| Untracked 
| 205|0x00000000ecd00000, 0x00000000ecd00000, 0x00000000ece00000|  0%| F|  |TAMS 0x00000000ecd00000, 0x00000000ecd00000| Untracked 
| 206|0x00000000ece00000, 0x00000000ece00000, 0x00000000ecf00000|  0%| F|  |TAMS 0x00000000ece00000, 0x00000000ece00000| Untracked 
| 207|0x00000000ecf00000, 0x00000000ecf00000, 0x00000000ed000000|  0%| F|  |TAMS 0x00000000ecf00000, 0x00000000ecf00000| Untracked 
| 208|0x00000000ed000000, 0x00000000ed000000, 0x00000000ed100000|  0%| F|  |TAMS 0x00000000ed000000, 0x00000000ed000000| Untracked 
| 209|0x00000000ed100000, 0x00000000ed100000, 0x00000000ed200000|  0%| F|  |TAMS 0x00000000ed100000, 0x00000000ed100000| Untracked 
| 210|0x00000000ed200000, 0x00000000ed200000, 0x00000000ed300000|  0%| F|  |TAMS 0x00000000ed200000, 0x00000000ed200000| Untracked 
| 211|0x00000000ed300000, 0x00000000ed300000, 0x00000000ed400000|  0%| F|  |TAMS 0x00000000ed300000, 0x00000000ed300000| Untracked 
| 212|0x00000000ed400000, 0x00000000ed400000, 0x00000000ed500000|  0%| F|  |TAMS 0x00000000ed400000, 0x00000000ed400000| Untracked 
| 213|0x00000000ed500000, 0x00000000ed500000, 0x00000000ed600000|  0%| F|  |TAMS 0x00000000ed500000, 0x00000000ed500000| Untracked 
| 214|0x00000000ed600000, 0x00000000ed600000, 0x00000000ed700000|  0%| F|  |TAMS 0x00000000ed600000, 0x00000000ed600000| Untracked 
| 215|0x00000000ed700000, 0x00000000ed700000, 0x00000000ed800000|  0%| F|  |TAMS 0x00000000ed700000, 0x00000000ed700000| Untracked 
| 216|0x00000000ed800000, 0x00000000ed800000, 0x00000000ed900000|  0%| F|  |TAMS 0x00000000ed800000, 0x00000000ed800000| Untracked 
| 217|0x00000000ed900000, 0x00000000ed900000, 0x00000000eda00000|  0%| F|  |TAMS 0x00000000ed900000, 0x00000000ed900000| Untracked 
| 218|0x00000000eda00000, 0x00000000eda00000, 0x00000000edb00000|  0%| F|  |TAMS 0x00000000eda00000, 0x00000000eda00000| Untracked 
| 219|0x00000000edb00000, 0x00000000edb87538, 0x00000000edc00000| 52%| E|  |TAMS 0x00000000edb00000, 0x00000000edb00000| Complete 
| 220|0x00000000edc00000, 0x00000000edd00000, 0x00000000edd00000|100%| E|CS|TAMS 0x00000000edc00000, 0x00000000edc00000| Complete 
| 221|0x00000000edd00000, 0x00000000ede00000, 0x00000000ede00000|100%| E|CS|TAMS 0x00000000edd00000, 0x00000000edd00000| Complete 
| 222|0x00000000ede00000, 0x00000000edf00000, 0x00000000edf00000|100%| E|CS|TAMS 0x00000000ede00000, 0x00000000ede00000| Complete 
| 223|0x00000000edf00000, 0x00000000ee000000, 0x00000000ee000000|100%| E|CS|TAMS 0x00000000edf00000, 0x00000000edf00000| Complete 
| 224|0x00000000ee000000, 0x00000000ee100000, 0x00000000ee100000|100%| E|CS|TAMS 0x00000000ee000000, 0x00000000ee000000| Complete 
| 225|0x00000000ee100000, 0x00000000ee200000, 0x00000000ee200000|100%| E|CS|TAMS 0x00000000ee100000, 0x00000000ee100000| Complete 
| 226|0x00000000ee200000, 0x00000000ee300000, 0x00000000ee300000|100%| E|CS|TAMS 0x00000000ee200000, 0x00000000ee200000| Complete 
| 227|0x00000000ee300000, 0x00000000ee400000, 0x00000000ee400000|100%| E|CS|TAMS 0x00000000ee300000, 0x00000000ee300000| Complete 
| 228|0x00000000ee400000, 0x00000000ee500000, 0x00000000ee500000|100%| E|CS|TAMS 0x00000000ee400000, 0x00000000ee400000| Complete 
| 229|0x00000000ee500000, 0x00000000ee600000, 0x00000000ee600000|100%| E|CS|TAMS 0x00000000ee500000, 0x00000000ee500000| Complete 
| 230|0x00000000ee600000, 0x00000000ee700000, 0x00000000ee700000|100%| E|CS|TAMS 0x00000000ee600000, 0x00000000ee600000| Complete 
| 231|0x00000000ee700000, 0x00000000ee800000, 0x00000000ee800000|100%| E|CS|TAMS 0x00000000ee700000, 0x00000000ee700000| Complete 
| 232|0x00000000ee800000, 0x00000000ee900000, 0x00000000ee900000|100%| E|CS|TAMS 0x00000000ee800000, 0x00000000ee800000| Complete 
| 233|0x00000000ee900000, 0x00000000eea00000, 0x00000000eea00000|100%| E|CS|TAMS 0x00000000ee900000, 0x00000000ee900000| Complete 
| 234|0x00000000eea00000, 0x00000000eeb00000, 0x00000000eeb00000|100%| E|CS|TAMS 0x00000000eea00000, 0x00000000eea00000| Complete 
| 235|0x00000000eeb00000, 0x00000000eec00000, 0x00000000eec00000|100%| E|CS|TAMS 0x00000000eeb00000, 0x00000000eeb00000| Complete 
| 236|0x00000000eec00000, 0x00000000eed00000, 0x00000000eed00000|100%| E|CS|TAMS 0x00000000eec00000, 0x00000000eec00000| Complete 
| 237|0x00000000eed00000, 0x00000000eee00000, 0x00000000eee00000|100%| E|CS|TAMS 0x00000000eed00000, 0x00000000eed00000| Complete 
| 238|0x00000000eee00000, 0x00000000eef00000, 0x00000000eef00000|100%| E|CS|TAMS 0x00000000eee00000, 0x00000000eee00000| Complete 
| 239|0x00000000eef00000, 0x00000000ef000000, 0x00000000ef000000|100%| E|CS|TAMS 0x00000000eef00000, 0x00000000eef00000| Complete 
| 240|0x00000000ef000000, 0x00000000ef100000, 0x00000000ef100000|100%| E|CS|TAMS 0x00000000ef000000, 0x00000000ef000000| Complete 
| 241|0x00000000ef100000, 0x00000000ef200000, 0x00000000ef200000|100%| E|CS|TAMS 0x00000000ef100000, 0x00000000ef100000| Complete 
| 242|0x00000000ef200000, 0x00000000ef300000, 0x00000000ef300000|100%| E|CS|TAMS 0x00000000ef200000, 0x00000000ef200000| Complete 
| 243|0x00000000ef300000, 0x00000000ef400000, 0x00000000ef400000|100%| E|CS|TAMS 0x00000000ef300000, 0x00000000ef300000| Complete 
| 244|0x00000000ef400000, 0x00000000ef500000, 0x00000000ef500000|100%| E|CS|TAMS 0x00000000ef400000, 0x00000000ef400000| Complete 
| 245|0x00000000ef500000, 0x00000000ef600000, 0x00000000ef600000|100%| E|CS|TAMS 0x00000000ef500000, 0x00000000ef500000| Complete 
| 246|0x00000000ef600000, 0x00000000ef700000, 0x00000000ef700000|100%| E|CS|TAMS 0x00000000ef600000, 0x00000000ef600000| Complete 
| 247|0x00000000ef700000, 0x00000000ef800000, 0x00000000ef800000|100%| E|CS|TAMS 0x00000000ef700000, 0x00000000ef700000| Complete 
| 248|0x00000000ef800000, 0x00000000ef900000, 0x00000000ef900000|100%| E|CS|TAMS 0x00000000ef800000, 0x00000000ef800000| Complete 
| 249|0x00000000ef900000, 0x00000000efa00000, 0x00000000efa00000|100%| E|CS|TAMS 0x00000000ef900000, 0x00000000ef900000| Complete 
| 250|0x00000000efa00000, 0x00000000efb00000, 0x00000000efb00000|100%| E|CS|TAMS 0x00000000efa00000, 0x00000000efa00000| Complete 
| 251|0x00000000efb00000, 0x00000000efc00000, 0x00000000efc00000|100%| E|CS|TAMS 0x00000000efb00000, 0x00000000efb00000| Complete 
| 252|0x00000000efc00000, 0x00000000efd00000, 0x00000000efd00000|100%| E|CS|TAMS 0x00000000efc00000, 0x00000000efc00000| Complete 
| 253|0x00000000efd00000, 0x00000000efe00000, 0x00000000efe00000|100%| E|CS|TAMS 0x00000000efd00000, 0x00000000efd00000| Complete 
| 254|0x00000000efe00000, 0x00000000eff00000, 0x00000000eff00000|100%| E|CS|TAMS 0x00000000efe00000, 0x00000000efe00000| Complete 
| 255|0x00000000eff00000, 0x00000000f0000000, 0x00000000f0000000|100%| E|CS|TAMS 0x00000000eff00000, 0x00000000eff00000| Complete 

Card table byte_map: [0x000001e7d5580000,0x000001e7d5680000] _byte_map_base: 0x000001e7d4e80000

Marking Bits (Prev, Next): (CMBitMap*) 0x000001e7be8d8380, (CMBitMap*) 0x000001e7be8d8340
 Prev Bits: [0x000001e7d5f80000, 0x000001e7d6780000)
 Next Bits: [0x000001e7d5780000, 0x000001e7d5f80000)

Polling page: 0x000001e7bc7a0000

Metaspace:

Usage:
  Non-class:     21.91 MB used.
      Class:      3.83 MB used.
       Both:     25.74 MB used.

Virtual space:
  Non-class space:       64.00 MB reserved,      22.06 MB ( 34%) committed,  1 nodes.
      Class space:      320.00 MB reserved,       4.00 MB (  1%) committed,  1 nodes.
             Both:      384.00 MB reserved,      26.06 MB (  7%) committed. 

Chunk freelists:
   Non-Class:  9.50 MB
       Class:  12.05 MB
        Both:  21.55 MB

MaxMetaspaceSize: 384.00 MB
CompressedClassSpaceSize: 320.00 MB
Initial GC threshold: 21.00 MB
Current GC threshold: 35.25 MB
CDS: on
MetaspaceReclaimPolicy: balanced
 - commit_granule_bytes: 65536.
 - commit_granule_words: 8192.
 - virtual_space_node_default_size: 8388608.
 - enlarge_chunks_in_place: 1.
 - new_chunks_are_fully_committed: 0.
 - uncommit_free_chunks: 1.
 - use_allocation_guard: 0.
 - handle_deallocations: 1.


Internal statistics:

num_allocs_failed_limit: 3.
num_arena_births: 312.
num_arena_deaths: 0.
num_vsnodes_births: 2.
num_vsnodes_deaths: 0.
num_space_committed: 417.
num_space_uncommitted: 0.
num_chunks_returned_to_freelist: 3.
num_chunks_taken_from_freelist: 1268.
num_chunk_merges: 3.
num_chunk_splits: 863.
num_chunks_enlarged: 617.
num_purges: 0.
num_inconsistent_stats: 0.

CodeHeap 'non-profiled nmethods': size=120000Kb used=1796Kb max_used=1796Kb free=118203Kb
 bounds [0x000001e7cdc20000, 0x000001e7cde90000, 0x000001e7d5150000]
CodeHeap 'profiled nmethods': size=120000Kb used=6842Kb max_used=6842Kb free=113157Kb
 bounds [0x000001e7c6150000, 0x000001e7c6800000, 0x000001e7cd680000]
CodeHeap 'non-nmethods': size=5760Kb used=1251Kb max_used=1296Kb free=4508Kb
 bounds [0x000001e7cd680000, 0x000001e7cd8f0000, 0x000001e7cdc20000]
 total_blobs=3753 nmethods=3202 adapters=463
 compilation: enabled
              stopped_count=0, restarted_count=0
 full_count=0

Compilation events (20 events):
Event: 24.695 Thread 0x000001e7f55dc0c0 nmethod 3181 0x000001e7cdddb390 code [0x000001e7cdddb520, 0x000001e7cdddba58]
Event: 24.703 Thread 0x000001e7d91a5f90 3197       3       java.lang.invoke.LambdaFormBuffer::changeName (149 bytes)
Event: 24.703 Thread 0x000001e7d91a5f90 nmethod 3197 0x000001e7c67f9a90 code [0x000001e7c67f9c60, 0x000001e7c67fa1a8]
Event: 24.713 Thread 0x000001e7d91a5f90 3198       1       java.lang.invoke.InvokerBytecodeGenerator::setClassWriter (6 bytes)
Event: 24.713 Thread 0x000001e7d91a5f90 nmethod 3198 0x000001e7cdddbd10 code [0x000001e7cdddbea0, 0x000001e7cdddbfb8]
Event: 24.713 Thread 0x000001e7d91a5f90 3199       3       jdk.internal.org.objectweb.asm.AnnotationVisitor::<init> (7 bytes)
Event: 24.713 Thread 0x000001e7d91a5f90 nmethod 3199 0x000001e7c67fa390 code [0x000001e7c67fa540, 0x000001e7c67fa688]
Event: 24.713 Thread 0x000001e7d91a5f90 3200       3       jdk.internal.org.objectweb.asm.AnnotationVisitor::<init> (88 bytes)
Event: 24.715 Thread 0x000001e7d91a5f90 nmethod 3200 0x000001e7c67fa710 code [0x000001e7c67fa960, 0x000001e7c67fb248]
Event: 24.715 Thread 0x000001e7d91a5f90 3201       3       jdk.internal.org.objectweb.asm.AnnotationWriter::visitEnd (44 bytes)
Event: 24.715 Thread 0x000001e7d91a5f90 nmethod 3201 0x000001e7c67fb510 code [0x000001e7c67fb6a0, 0x000001e7c67fb838]
Event: 24.715 Thread 0x000001e7d91a5f90 3202       1       java.lang.Class::getClassData (5 bytes)
Event: 24.716 Thread 0x000001e7d91a5f90 nmethod 3202 0x000001e7cdddc010 code [0x000001e7cdddc1a0, 0x000001e7cdddc278]
Event: 24.716 Thread 0x000001e7d91a5f90 3203       3       jdk.internal.org.objectweb.asm.AnnotationWriter::<init> (60 bytes)
Event: 24.717 Thread 0x000001e7d91a5f90 nmethod 3203 0x000001e7c67fb990 code [0x000001e7c67fbb60, 0x000001e7c67fbf68]
Event: 24.717 Thread 0x000001e7d91a5f90 3204       3       java.lang.invoke.InvokerBytecodeGenerator::isStaticallyNameable (148 bytes)
Event: 24.719 Thread 0x000001e7d91a5f90 nmethod 3204 0x000001e7c67fc110 code [0x000001e7c67fc440, 0x000001e7c67fd6f8]
Event: 24.741 Thread 0x000001e7d91a5f90 3205       3       jdk.internal.org.objectweb.asm.MethodWriter::visitVarInsn (302 bytes)
Event: 24.742 Thread 0x000001e7d91a5f90 nmethod 3205 0x000001e7c67fdc10 code [0x000001e7c67fde60, 0x000001e7c67fe7e8]
Event: 24.749 Thread 0x000001e7f55dc0c0 3206  s!   4       jdk.internal.loader.URLClassPath::getLoader (194 bytes)

GC Heap History (6 events):
Event: 2.308 GC heap before
{Heap before GC invocations=0 (full 0):
 garbage-first heap   total 262144K, used 26624K [0x00000000e0000000, 0x0000000100000000)
  region size 1024K, 23 young (23552K), 0 survivors (0K)
 Metaspace       used 3226K, committed 3328K, reserved 393216K
  class space    used 405K, committed 448K, reserved 327680K
}
Event: 2.320 GC heap after
{Heap after GC invocations=1 (full 0):
 garbage-first heap   total 262144K, used 10564K [0x00000000e0000000, 0x0000000100000000)
  region size 1024K, 3 young (3072K), 3 survivors (3072K)
 Metaspace       used 3226K, committed 3328K, reserved 393216K
  class space    used 405K, committed 448K, reserved 327680K
}
Event: 3.952 GC heap before
{Heap before GC invocations=1 (full 0):
 garbage-first heap   total 262144K, used 37188K [0x00000000e0000000, 0x0000000100000000)
  region size 1024K, 28 young (28672K), 3 survivors (3072K)
 Metaspace       used 4060K, committed 4224K, reserved 393216K
  class space    used 491K, committed 576K, reserved 327680K
}
Event: 3.957 GC heap after
{Heap after GC invocations=2 (full 0):
 garbage-first heap   total 262144K, used 15404K [0x00000000e0000000, 0x0000000100000000)
  region size 1024K, 4 young (4096K), 4 survivors (4096K)
 Metaspace       used 4060K, committed 4224K, reserved 393216K
  class space    used 491K, committed 576K, reserved 327680K
}
Event: 17.274 GC heap before
{Heap before GC invocations=2 (full 0):
 garbage-first heap   total 262144K, used 120876K [0x00000000e0000000, 0x0000000100000000)
  region size 1024K, 108 young (110592K), 4 survivors (4096K)
 Metaspace       used 21218K, committed 21504K, reserved 393216K
  class space    used 3137K, committed 3264K, reserved 327680K
}
Event: 17.302 GC heap after
{Heap after GC invocations=3 (full 0):
 garbage-first heap   total 262144K, used 22665K [0x00000000e0000000, 0x0000000100000000)
  region size 1024K, 12 young (12288K), 12 survivors (12288K)
 Metaspace       used 21218K, committed 21504K, reserved 393216K
  class space    used 3137K, committed 3264K, reserved 327680K
}

Deoptimization events (20 events):
Event: 24.535 Thread 0x000001e7f4924b10 Uncommon trap: trap_request=0xffffffc6 fr.pc=0x000001e7cddcb8c8 relative=0x0000000000000728
Event: 24.535 Thread 0x000001e7f4924b10 Uncommon trap: reason=bimorphic_or_optimized_type_check action=maybe_recompile pc=0x000001e7cddcb8c8 method=java.io.BufferedInputStream.read([BII)I @ 101 c2
Event: 24.535 Thread 0x000001e7f4924b10 DEOPT PACKING pc=0x000001e7cddcb8c8 sp=0x0000008d3a8f8150
Event: 24.535 Thread 0x000001e7f4924b10 DEOPT UNPACKING pc=0x000001e7cd6d5ba3 sp=0x0000008d3a8f8108 mode 2
Event: 24.536 Thread 0x000001e7f4924b10 Uncommon trap: trap_request=0xffffffc6 fr.pc=0x000001e7cddcb8c8 relative=0x0000000000000728
Event: 24.536 Thread 0x000001e7f4924b10 Uncommon trap: reason=bimorphic_or_optimized_type_check action=maybe_recompile pc=0x000001e7cddcb8c8 method=java.io.BufferedInputStream.read([BII)I @ 101 c2
Event: 24.536 Thread 0x000001e7f4924b10 DEOPT PACKING pc=0x000001e7cddcb8c8 sp=0x0000008d3a8f8150
Event: 24.536 Thread 0x000001e7f4924b10 DEOPT UNPACKING pc=0x000001e7cd6d5ba3 sp=0x0000008d3a8f8108 mode 2
Event: 24.537 Thread 0x000001e7f4924b10 Uncommon trap: trap_request=0xffffffc6 fr.pc=0x000001e7cddcb8c8 relative=0x0000000000000728
Event: 24.537 Thread 0x000001e7f4924b10 Uncommon trap: reason=bimorphic_or_optimized_type_check action=maybe_recompile pc=0x000001e7cddcb8c8 method=java.io.BufferedInputStream.read([BII)I @ 101 c2
Event: 24.537 Thread 0x000001e7f4924b10 DEOPT PACKING pc=0x000001e7cddcb8c8 sp=0x0000008d3a8f8150
Event: 24.537 Thread 0x000001e7f4924b10 DEOPT UNPACKING pc=0x000001e7cd6d5ba3 sp=0x0000008d3a8f8108 mode 2
Event: 24.539 Thread 0x000001e7f4924b10 Uncommon trap: trap_request=0xffffffc6 fr.pc=0x000001e7cddcb8c8 relative=0x0000000000000728
Event: 24.539 Thread 0x000001e7f4924b10 Uncommon trap: reason=bimorphic_or_optimized_type_check action=maybe_recompile pc=0x000001e7cddcb8c8 method=java.io.BufferedInputStream.read([BII)I @ 101 c2
Event: 24.539 Thread 0x000001e7f4924b10 DEOPT PACKING pc=0x000001e7cddcb8c8 sp=0x0000008d3a8f8150
Event: 24.539 Thread 0x000001e7f4924b10 DEOPT UNPACKING pc=0x000001e7cd6d5ba3 sp=0x0000008d3a8f8108 mode 2
Event: 24.664 Thread 0x000001e7f4924b10 Uncommon trap: trap_request=0xffffff45 fr.pc=0x000001e7cddc6e20 relative=0x00000000000005c0
Event: 24.664 Thread 0x000001e7f4924b10 Uncommon trap: reason=unstable_if action=reinterpret pc=0x000001e7cddc6e20 method=jdk.internal.org.objectweb.asm.MethodWriter.visitVarInsn(II)V @ 108 c2
Event: 24.664 Thread 0x000001e7f4924b10 DEOPT PACKING pc=0x000001e7cddc6e20 sp=0x0000008d3a8f1340
Event: 24.664 Thread 0x000001e7f4924b10 DEOPT UNPACKING pc=0x000001e7cd6d5ba3 sp=0x0000008d3a8f1308 mode 2

Classes unloaded (0 events):
No events

Classes redefined (0 events):
No events

Internal exceptions (20 events):
Event: 17.931 Thread 0x000001e7f4924b10 Exception <a 'java/lang/NoSuchMethodError'{0x00000000efa22118}: 'java.lang.Object java.lang.invoke.DirectMethodHandle$Holder.invokeSpecial(java.lang.Object, java.lang.Object, java.lang.Object, java.lang.Object, java.lang.Object, java.lang.Object, java.lang.Object, java.lang.Object, java.lang.Object, java.lang.Object, java.lang.Object, java.lang.Object)'> (0x00000000efa22118) 
thrown [s\open\src\hotspot\share\interpreter\linkResolver.cpp, line 759]
Event: 17.932 Thread 0x000001e7f4924b10 Exception <a 'java/lang/NoSuchMethodError'{0x00000000efa277b0}: 'java.lang.Object java.lang.invoke.Invokers$Holder.linkToTargetMethod(java.lang.Object, java.lang.Object, java.lang.Object, java.lang.Object, java.lang.Object, java.lang.Object, java.lang.Object, java.lang.Object, java.lang.Object, java.lang.Object, java.lang.Object)'> (0x00000000efa277b0) 
thrown [s\open\src\hotspot\share\interpreter\linkResolver.cpp, line 759]
Event: 17.991 Thread 0x000001e7f4924b10 Exception <a 'java/lang/NoSuchMethodError'{0x00000000efa73588}: 'java.lang.Object java.lang.invoke.DirectMethodHandle$Holder.invokeSpecial(java.lang.Object, java.lang.Object, java.lang.Object, java.lang.Object, java.lang.Object, java.lang.Object, java.lang.Object, java.lang.Object, java.lang.Object, java.lang.Object, java.lang.Object, java.lang.Object, java.lang.Object, java.lang.Object)'> (0x00000000efa73588) 
thrown [s\open\src\hotspot\share\interpreter\linkResolver.cpp, line 759]
Event: 17.995 Thread 0x000001e7f4924b10 Exception <a 'java/lang/NoSuchMethodError'{0x00000000efa85b98}: 'java.lang.Object java.lang.invoke.DirectMethodHandle$Holder.newInvokeSpecial(java.lang.Object, java.lang.Object, java.lang.Object, java.lang.Object, java.lang.Object, java.lang.Object, java.lang.Object, java.lang.Object, java.lang.Object, java.lang.Object, java.lang.Object, java.lang.Object)'> (0x00000000efa85b98) 
thrown [s\open\src\hotspot\share\interpreter\linkResolver.cpp, line 759]
Event: 17.995 Thread 0x000001e7f4924b10 Exception <a 'java/lang/NoSuchMethodError'{0x00000000efa8b530}: 'java.lang.Object java.lang.invoke.Invokers$Holder.linkToTargetMethod(java.lang.Object, java.lang.Object, java.lang.Object, java.lang.Object, java.lang.Object, java.lang.Object, java.lang.Object, java.lang.Object, java.lang.Object, java.lang.Object, java.lang.Object, java.lang.Object)'> (0x00000000efa8b530) 
thrown [s\open\src\hotspot\share\interpreter\linkResolver.cpp, line 759]
Event: 18.014 Thread 0x000001e7f4924b10 Exception <a 'java/lang/NoSuchMethodError'{0x00000000efac4898}: 'java.lang.Object java.lang.invoke.DirectMethodHandle$Holder.newInvokeSpecial(java.lang.Object, java.lang.Object, java.lang.Object, java.lang.Object, java.lang.Object, java.lang.Object, java.lang.Object, java.lang.Object, java.lang.Object, java.lang.Object)'> (0x00000000efac4898) 
thrown [s\open\src\hotspot\share\interpreter\linkResolver.cpp, line 759]
Event: 18.021 Thread 0x000001e7f4924b10 Exception <a 'java/lang/NoSuchMethodError'{0x00000000efac9780}: 'java.lang.Object java.lang.invoke.Invokers$Holder.linkToTargetMethod(java.lang.Object, java.lang.Object, java.lang.Object, java.lang.Object, java.lang.Object, java.lang.Object, java.lang.Object, java.lang.Object, java.lang.Object, java.lang.Object)'> (0x00000000efac9780) 
thrown [s\open\src\hotspot\share\interpreter\linkResolver.cpp, line 759]
Event: 18.257 Thread 0x000001e7f4924b10 Exception <a 'java/lang/NoSuchMethodError'{0x00000000ef99b4a8}: 'java.lang.Object java.lang.invoke.DirectMethodHandle$Holder.invokeStaticInit(java.lang.Object, java.lang.Object, java.lang.Object, java.lang.Object)'> (0x00000000ef99b4a8) 
thrown [s\open\src\hotspot\share\interpreter\linkResolver.cpp, line 759]
Event: 19.877 Thread 0x000001e7f4924b10 Exception <a 'java/lang/NoSuchMethodError'{0x00000000eefdb078}: 'java.lang.Object java.lang.invoke.DirectMethodHandle$Holder.newInvokeSpecial(java.lang.Object, java.lang.Object, java.lang.Object, java.lang.Object, java.lang.Object, java.lang.Object, java.lang.Object, java.lang.Object)'> (0x00000000eefdb078) 
thrown [s\open\src\hotspot\share\interpreter\linkResolver.cpp, line 759]
Event: 19.878 Thread 0x000001e7f4924b10 Exception <a 'java/lang/NoSuchMethodError'{0x00000000eefe0af0}: 'java.lang.Object java.lang.invoke.Invokers$Holder.linkToTargetMethod(java.lang.Object, java.lang.Object, java.lang.Object, java.lang.Object, java.lang.Object, java.lang.Object, java.lang.Object, java.lang.Object)'> (0x00000000eefe0af0) 
thrown [s\open\src\hotspot\share\interpreter\linkResolver.cpp, line 759]
Event: 19.903 Thread 0x000001e7f4924b10 Exception <a 'java/lang/IncompatibleClassChangeError'{0x00000000eee4e3d0}: Found class java.lang.Object, but interface was expected> (0x00000000eee4e3d0) 
thrown [s\open\src\hotspot\share\interpreter\linkResolver.cpp, line 826]
Event: 21.354 Thread 0x000001e7f4924b10 Exception <a 'java/lang/NoSuchMethodError'{0x00000000ee7af118}: 'int java.lang.invoke.DirectMethodHandle$Holder.invokeStaticInit(java.lang.Object, java.lang.Object, java.lang.Object)'> (0x00000000ee7af118) 
thrown [s\open\src\hotspot\share\interpreter\linkResolver.cpp, line 759]
Event: 21.358 Thread 0x000001e7f4924b10 Exception <a 'java/lang/NoSuchMethodError'{0x00000000ee7c4cf0}: 'java.lang.Object java.lang.invoke.DirectMethodHandle$Holder.newInvokeSpecial(java.lang.Object, java.lang.Object, long)'> (0x00000000ee7c4cf0) 
thrown [s\open\src\hotspot\share\interpreter\linkResolver.cpp, line 759]
Event: 21.359 Thread 0x000001e7f4924b10 Exception <a 'java/lang/NoSuchMethodError'{0x00000000ee7c9300}: 'java.lang.Object java.lang.invoke.Invokers$Holder.linkToTargetMethod(java.lang.Object, long, java.lang.Object)'> (0x00000000ee7c9300) 
thrown [s\open\src\hotspot\share\interpreter\linkResolver.cpp, line 759]
Event: 21.447 Thread 0x000001e7f4924b10 Exception <a 'java/lang/NoSuchMethodError'{0x00000000ee6eaa58}: 'int java.lang.invoke.DirectMethodHandle$Holder.invokeInterface(java.lang.Object, java.lang.Object)'> (0x00000000ee6eaa58) 
thrown [s\open\src\hotspot\share\interpreter\linkResolver.cpp, line 759]
Event: 21.510 Thread 0x000001e7f4924b10 Exception <a 'java/lang/NoSuchMethodError'{0x00000000ee511f88}: 'java.lang.Object java.lang.invoke.DirectMethodHandle$Holder.invokeStatic(java.lang.Object, java.lang.Object, int, java.lang.Object)'> (0x00000000ee511f88) 
thrown [s\open\src\hotspot\share\interpreter\linkResolver.cpp, line 759]
Event: 21.526 Thread 0x000001e7f4924b10 Exception <a 'java/lang/NoSuchMethodError'{0x00000000ee519b40}: 'java.lang.Object java.lang.invoke.DirectMethodHandle$Holder.newInvokeSpecial(java.lang.Object, java.lang.Object, int, java.lang.Object)'> (0x00000000ee519b40) 
thrown [s\open\src\hotspot\share\interpreter\linkResolver.cpp, line 759]
Event: 21.527 Thread 0x000001e7f4924b10 Exception <a 'java/lang/NoSuchMethodError'{0x00000000ee51e428}: 'java.lang.Object java.lang.invoke.DirectMethodHandle$Holder.invokeSpecial(java.lang.Object, java.lang.Object, java.lang.Object, int, java.lang.Object)'> (0x00000000ee51e428) 
thrown [s\open\src\hotspot\share\interpreter\linkResolver.cpp, line 759]
Event: 24.321 Thread 0x000001e7f4924b10 Exception <a 'java/lang/NoSuchMethodError'{0x00000000ee1c87f8}: 'java.lang.Object java.lang.invoke.DirectMethodHandle$Holder.invokeSpecial(java.lang.Object, java.lang.Object, java.lang.Object, int, java.lang.Object, java.lang.Object)'> (0x00000000ee1c87f8) 
thrown [s\open\src\hotspot\share\interpreter\linkResolver.cpp, line 759]
Event: 24.664 Thread 0x000001e7f4924b10 Implicit null exception at 0x000001e7cddc6919 to 0x000001e7cddc6e14

VM Operations (20 events):
Event: 19.099 Executing VM operation: Cleanup
Event: 19.130 Executing VM operation: Cleanup done
Event: 19.800 Executing VM operation: HandshakeAllThreads
Event: 19.800 Executing VM operation: HandshakeAllThreads done
Event: 20.815 Executing VM operation: Cleanup
Event: 20.816 Executing VM operation: Cleanup done
Event: 21.829 Executing VM operation: Cleanup
Event: 21.829 Executing VM operation: Cleanup done
Event: 22.844 Executing VM operation: Cleanup
Event: 22.844 Executing VM operation: Cleanup done
Event: 24.185 Executing VM operation: HandshakeAllThreads
Event: 24.195 Executing VM operation: HandshakeAllThreads done
Event: 24.195 Executing VM operation: Cleanup
Event: 24.195 Executing VM operation: Cleanup done
Event: 24.199 Executing VM operation: HandshakeAllThreads
Event: 24.199 Executing VM operation: HandshakeAllThreads done
Event: 24.272 Executing VM operation: HandshakeAllThreads
Event: 24.273 Executing VM operation: HandshakeAllThreads done
Event: 24.607 Executing VM operation: HandshakeAllThreads
Event: 24.627 Executing VM operation: HandshakeAllThreads done

Events (20 events):
Event: 24.311 loading class java/util/stream/Nodes$ArrayNode
Event: 24.311 loading class java/util/stream/Nodes$ArrayNode done
Event: 24.311 loading class java/util/stream/Nodes$FixedNodeBuilder done
Event: 24.311 loading class java/util/stream/IntPipeline$1$1
Event: 24.311 loading class java/util/stream/IntPipeline$1$1 done
Event: 24.380 loading class java/lang/IllegalAccessError
Event: 24.380 loading class java/lang/IllegalAccessError done
Event: 24.440 loading class java/lang/InstantiationException
Event: 24.441 loading class java/lang/InstantiationException done
Event: 24.454 loading class java/util/EventListener
Event: 24.454 loading class java/util/EventListener done
Event: 24.484 loading class java/util/BitSet
Event: 24.484 loading class java/util/BitSet done
Event: 24.532 loading class java/util/TimerTask
Event: 24.532 loading class java/util/TimerTask done
Event: 24.532 loading class java/util/Timer
Event: 24.532 loading class java/util/Timer done
Event: 24.606 loading class java/security/AccessControlException
Event: 24.606 loading class java/security/AccessControlException done
Event: 24.636 Thread 0x000001e7f55dc0c0 Thread added: 0x000001e7f55dc0c0


Dynamic libraries:
0x00007ff604150000 - 0x00007ff604160000 	C:\Program Files\Java\jdk-17\bin\java.exe
0x00007ffc8a470000 - 0x00007ffc8a668000 	C:\WINDOWS\SYSTEM32\ntdll.dll
0x00007ffc89bf0000 - 0x00007ffc89cad000 	C:\WINDOWS\System32\KERNEL32.DLL
0x00007ffc87b50000 - 0x00007ffc87e46000 	C:\WINDOWS\System32\KERNELBASE.dll
0x00007ffc88300000 - 0x00007ffc88400000 	C:\WINDOWS\System32\ucrtbase.dll
0x00007ffc60d00000 - 0x00007ffc60d1b000 	C:\Program Files\Java\jdk-17\bin\VCRUNTIME140.dll
0x00007ffc60ce0000 - 0x00007ffc60cf9000 	C:\Program Files\Java\jdk-17\bin\jli.dll
0x00007ffc89cb0000 - 0x00007ffc89d60000 	C:\WINDOWS\System32\ADVAPI32.dll
0x00007ffc88b40000 - 0x00007ffc88bde000 	C:\WINDOWS\System32\msvcrt.dll
0x00007ffc88cb0000 - 0x00007ffc88d50000 	C:\WINDOWS\System32\sechost.dll
0x00007ffc89d60000 - 0x00007ffc89e83000 	C:\WINDOWS\System32\RPCRT4.dll
0x00007ffc87b20000 - 0x00007ffc87b47000 	C:\WINDOWS\System32\bcrypt.dll
0x00007ffc88680000 - 0x00007ffc8881f000 	C:\WINDOWS\System32\USER32.dll
0x00007ffc87ec0000 - 0x00007ffc87ee2000 	C:\WINDOWS\System32\win32u.dll
0x00007ffc89e90000 - 0x00007ffc89ebb000 	C:\WINDOWS\System32\GDI32.dll
0x00007ffc88030000 - 0x00007ffc88147000 	C:\WINDOWS\System32\gdi32full.dll
0x00007ffc88400000 - 0x00007ffc8849d000 	C:\WINDOWS\System32\msvcp_win.dll
0x00007ffc7efc0000 - 0x00007ffc7f25a000 	C:\WINDOWS\WinSxS\amd64_microsoft.windows.common-controls_6595b64144ccf1df_6.0.19041.4355_none_60b8b9eb71f62e16\COMCTL32.dll
0x00007ffc808f0000 - 0x00007ffc808fa000 	C:\WINDOWS\SYSTEM32\VERSION.dll
0x00007ffc89bb0000 - 0x00007ffc89be2000 	C:\WINDOWS\System32\IMM32.DLL
0x00007ffc710b0000 - 0x00007ffc710bc000 	C:\Program Files\Java\jdk-17\bin\vcruntime140_1.dll
0x00007ffc4e720000 - 0x00007ffc4e7ae000 	C:\Program Files\Java\jdk-17\bin\msvcp140.dll
0x00007ffc44750000 - 0x00007ffc4532e000 	C:\Program Files\Java\jdk-17\bin\server\jvm.dll
0x00007ffc89a10000 - 0x00007ffc89a18000 	C:\WINDOWS\System32\PSAPI.DLL
0x00007ffc76f90000 - 0x00007ffc76f99000 	C:\WINDOWS\SYSTEM32\WSOCK32.dll
0x00007ffc82ce0000 - 0x00007ffc82d07000 	C:\WINDOWS\SYSTEM32\WINMM.dll
0x00007ffc88d50000 - 0x00007ffc88dbb000 	C:\WINDOWS\System32\WS2_32.dll
0x00007ffc85b40000 - 0x00007ffc85b52000 	C:\WINDOWS\SYSTEM32\kernel.appcore.dll
0x00007ffc64430000 - 0x00007ffc6443a000 	C:\Program Files\Java\jdk-17\bin\jimage.dll
0x00007ffc85710000 - 0x00007ffc858f4000 	C:\WINDOWS\SYSTEM32\DBGHELP.DLL
0x00007ffc82c60000 - 0x00007ffc82c94000 	C:\WINDOWS\SYSTEM32\dbgcore.DLL
0x00007ffc87fa0000 - 0x00007ffc88022000 	C:\WINDOWS\System32\bcryptPrimitives.dll
0x00007ffc63640000 - 0x00007ffc6364e000 	C:\Program Files\Java\jdk-17\bin\instrument.dll
0x00007ffc60cb0000 - 0x00007ffc60cd5000 	C:\Program Files\Java\jdk-17\bin\java.dll
0x00007ffc4bb90000 - 0x00007ffc4bc67000 	C:\Program Files\Java\jdk-17\bin\jsvml.dll
0x00007ffc892a0000 - 0x00007ffc89a0b000 	C:\WINDOWS\System32\SHELL32.dll
0x00007ffc85b60000 - 0x00007ffc862fd000 	C:\WINDOWS\SYSTEM32\windows.storage.dll
0x00007ffc89ff0000 - 0x00007ffc8a343000 	C:\WINDOWS\System32\combase.dll
0x00007ffc87470000 - 0x00007ffc8749e000 	C:\WINDOWS\SYSTEM32\Wldp.dll
0x00007ffc88be0000 - 0x00007ffc88cad000 	C:\WINDOWS\System32\OLEAUT32.dll
0x00007ffc89aa0000 - 0x00007ffc89b4d000 	C:\WINDOWS\System32\SHCORE.dll
0x00007ffc88ae0000 - 0x00007ffc88b35000 	C:\WINDOWS\System32\shlwapi.dll
0x00007ffc87a50000 - 0x00007ffc87a74000 	C:\WINDOWS\SYSTEM32\profapi.dll
0x00007ffc52b80000 - 0x00007ffc52b98000 	C:\Program Files\Java\jdk-17\bin\zip.dll
0x00007ffc50ef0000 - 0x00007ffc50f09000 	C:\Program Files\Java\jdk-17\bin\net.dll
0x00007ffc81250000 - 0x00007ffc8135a000 	C:\WINDOWS\SYSTEM32\WINHTTP.dll
0x00007ffc87180000 - 0x00007ffc871ea000 	C:\WINDOWS\system32\mswsock.dll
0x00007ffc50c40000 - 0x00007ffc50c56000 	C:\Program Files\Java\jdk-17\bin\nio.dll
0x00007ffc633e0000 - 0x00007ffc633f0000 	C:\Program Files\Java\jdk-17\bin\verify.dll
0x00007ffc4fbe0000 - 0x00007ffc4fc07000 	C:\gradle-8.2.1\native\68d5fa5c4cc2d200863cafc0d521ce42e7d3e7ee720ec0a83991735586a16f82\windows-amd64\native-platform.dll
0x00007ffc01e10000 - 0x00007ffc01f54000 	C:\gradle-8.2.1\native\e376f236ea51e6404a007f0833ffe2c6e607c4080706a723a18a27aeea778392\windows-amd64\native-platform-file-events.dll
0x00007ffc63370000 - 0x00007ffc6337a000 	C:\Program Files\Java\jdk-17\bin\management.dll
0x00007ffc61020000 - 0x00007ffc6102b000 	C:\Program Files\Java\jdk-17\bin\management_ext.dll
0x00007ffc873a0000 - 0x00007ffc873b8000 	C:\WINDOWS\SYSTEM32\CRYPTSP.dll
0x00007ffc86ab0000 - 0x00007ffc86ae4000 	C:\WINDOWS\system32\rsaenh.dll
0x00007ffc87a00000 - 0x00007ffc87a2e000 	C:\WINDOWS\SYSTEM32\USERENV.dll
0x00007ffc873c0000 - 0x00007ffc873cc000 	C:\WINDOWS\SYSTEM32\CRYPTBASE.dll
0x00007ffc86e80000 - 0x00007ffc86ebb000 	C:\WINDOWS\SYSTEM32\IPHLPAPI.DLL
0x00007ffc89ec0000 - 0x00007ffc89ec8000 	C:\WINDOWS\System32\NSI.dll
0x00007ffc808d0000 - 0x00007ffc808e7000 	C:\WINDOWS\SYSTEM32\dhcpcsvc6.DLL
0x00007ffc808b0000 - 0x00007ffc808cd000 	C:\WINDOWS\SYSTEM32\dhcpcsvc.DLL
0x00007ffc86ec0000 - 0x00007ffc86f8b000 	C:\WINDOWS\SYSTEM32\DNSAPI.dll
0x00007ffc60fd0000 - 0x00007ffc60fde000 	C:\Program Files\Java\jdk-17\bin\sunmscapi.dll
0x00007ffc88150000 - 0x00007ffc882ae000 	C:\WINDOWS\System32\CRYPT32.dll
0x00007ffc874e0000 - 0x00007ffc87509000 	C:\WINDOWS\SYSTEM32\ncrypt.dll
0x00007ffc874a0000 - 0x00007ffc874db000 	C:\WINDOWS\SYSTEM32\NTASN1.dll
0x00007ffc80da0000 - 0x00007ffc80da7000 	C:\WINDOWS\system32\wshunix.dll

dbghelp: loaded successfully - version: 4.0.5 - missing functions: none
symbol engine: initialized successfully - sym options: 0x614 - pdb path: .;C:\Program Files\Java\jdk-17\bin;C:\WINDOWS\SYSTEM32;C:\WINDOWS\WinSxS\amd64_microsoft.windows.common-controls_6595b64144ccf1df_6.0.19041.4355_none_60b8b9eb71f62e16;C:\Program Files\Java\jdk-17\bin\server;C:\gradle-8.2.1\native\68d5fa5c4cc2d200863cafc0d521ce42e7d3e7ee720ec0a83991735586a16f82\windows-amd64;C:\gradle-8.2.1\native\e376f236ea51e6404a007f0833ffe2c6e607c4080706a723a18a27aeea778392\windows-amd64

VM Arguments:
jvm_args: --add-opens=java.base/java.util=ALL-UNNAMED --add-opens=java.base/java.lang=ALL-UNNAMED --add-opens=java.base/java.lang.invoke=ALL-UNNAMED --add-opens=java.prefs/java.util.prefs=ALL-UNNAMED --add-opens=java.base/java.nio.charset=ALL-UNNAMED --add-opens=java.base/java.net=ALL-UNNAMED --add-opens=java.base/java.util.concurrent.atomic=ALL-UNNAMED -XX:MaxMetaspaceSize=384m -XX:+HeapDumpOnOutOfMemoryError -Xms256m -Xmx512m -Dfile.encoding=windows-1252 -Duser.country=US -Duser.language=en -Duser.variant -javaagent:C:\gradle-8.2.1\lib\agents\gradle-instrumentation-agent-8.2.1.jar 
java_command: org.gradle.launcher.daemon.bootstrap.GradleDaemon 8.2.1
java_class_path (initial): C:\gradle-8.2.1\lib\gradle-launcher-8.2.1.jar
Launcher Type: SUN_STANDARD

[Global flags]
     intx CICompilerCount                          = 4                                         {product} {ergonomic}
   size_t CompressedClassSpaceSize                 = 335544320                                 {product} {ergonomic}
     uint ConcGCThreads                            = 2                                         {product} {ergonomic}
     uint G1ConcRefinementThreads                  = 8                                         {product} {ergonomic}
   size_t G1HeapRegionSize                         = 1048576                                   {product} {ergonomic}
    uintx GCDrainStackTargetSize                   = 64                                        {product} {ergonomic}
     bool HeapDumpOnOutOfMemoryError               = true                                   {manageable} {command line}
   size_t InitialHeapSize                          = 268435456                                 {product} {command line}
   size_t MarkStackSize                            = 4194304                                   {product} {ergonomic}
   size_t MaxHeapSize                              = 536870912                                 {product} {command line}
   size_t MaxMetaspaceSize                         = 402653184                                 {product} {command line}
   size_t MaxNewSize                               = 321912832                                 {product} {ergonomic}
   size_t MinHeapDeltaBytes                        = 1048576                                   {product} {ergonomic}
   size_t MinHeapSize                              = 268435456                                 {product} {command line}
    uintx NonNMethodCodeHeapSize                   = 5839372                                {pd product} {ergonomic}
    uintx NonProfiledCodeHeapSize                  = 122909434                              {pd product} {ergonomic}
    uintx ProfiledCodeHeapSize                     = 122909434                              {pd product} {ergonomic}
    uintx ReservedCodeCacheSize                    = 251658240                              {pd product} {ergonomic}
     bool SegmentedCodeCache                       = true                                      {product} {ergonomic}
   size_t SoftMaxHeapSize                          = 536870912                              {manageable} {ergonomic}
     bool UseCompressedClassPointers               = true                           {product lp64_product} {ergonomic}
     bool UseCompressedOops                        = true                           {product lp64_product} {ergonomic}
     bool UseG1GC                                  = true                                      {product} {ergonomic}
     bool UseLargePagesIndividualAllocation        = false                                  {pd product} {ergonomic}

Logging:
Log output configuration:
 #0: stdout all=warning uptime,level,tags
 #1: stderr all=off uptime,level,tags

Environment Variables:
JAVA_HOME=C:\Program Files\Java\jdk-17
PATH=C:\Program Files\Common Files\Oracle\Java\javapath;C:\Program Files\Microsoft MPI\Bin\;C:\WINDOWS\system32;C:\WINDOWS;C:\WINDOWS\System32\Wbem;C:\WINDOWS\System32\WindowsPowerShell\v1.0\;C:\WINDOWS\System32\OpenSSH\;C:\Program Files\Microsoft SQL Server\Client SDK\ODBC\130\Tools\Binn\;C:\Program Files\Azure Data Studio\bin;C:\Program Files\MongoDB\Server\5.0\bin;C:\Program Files\MongoDB\Tools\100\bin;C:\Program Files\Microsoft SQL Server\Client SDK\ODBC\170\Tools\Binn\;C:\Program Files (x86)\Microsoft SQL Server\150\Tools\Binn\;C:\Program Files\Microsoft SQL Server\150\Tools\Binn\;C:\Program Files\Microsoft SQL Server\150\DTS\Binn\;C:\Program Files (x86)\Microsoft SQL Server\150\DTS\Binn\;C:\Program Files\nodejs\;C:\Program Files\Java\jdk-17\bin;C:\Program Files\dotnet\;C:\gradle-8.2.1\bin\;C:\apache-maven-3.9.4\bin\;C:\Program Files\TortoiseGit\bin;C:\Program Files\Docker\Docker\resources\bin;C:\kafka\bin;C:\Program Files\Git\cmd;C:\Users\LENOVO\AppData\Local\Programs\Python\Python311\Scripts\;C:\Users\LENOVO\AppData\Local\Programs\Python\Python311\;C:\Users\LENOVO\AppData\Local\Microsoft\WindowsApps;C:\Program Files\Azure Data Studio\bin;C:\Program Files\Azure Data Studio\bin;C:\Program Files\Azure Data Studio\bin;C:\Program Files\Azure Data Studio\bin;C:\Users\LENOVO\AppData\Local\Programs\mongosh\;C:\Users\LENOVO\AppData\Local\Programs\Microsoft VS Code\bin;C:\Users\LENOVO\AppData\Roaming\npm;C:\Program Files\JetBrains\IntelliJ IDEA 2023.2.1\bin;;C:\Users\LENOVO\.dotnet\tools;C:\Users\LENOVO\AppData\Local\Google\Cloud SDK\google-cloud-sdk\bin
USERNAME=LENOVO
OS=Windows_NT
PROCESSOR_IDENTIFIER=Intel64 Family 6 Model 126 Stepping 5, GenuineIntel



---------------  S Y S T E M  ---------------

OS:
 Windows 10 , 64 bit Build 19041 (10.0.19041.3636)
OS uptime: 3 days 5:26 hours
Hyper-V role detected

CPU: total 8 (initial active 8) (4 cores per cpu, 2 threads per core) family 6 model 126 stepping 5 microcode 0xa0, cx8, cmov, fxsr, ht, mmx, 3dnowpref, sse, sse2, sse3, ssse3, sse4.1, sse4.2, popcnt, lzcnt, tsc, tscinvbit, avx, avx2, aes, erms, clmul, bmi1, bmi2, adx, avx512f, avx512dq, avx512cd, avx512bw, avx512vl, sha, fma, vzeroupper, avx512_vpopcntdq, avx512_vpclmulqdq, avx512_vaes, avx512_vnni, clflush, clflushopt, avx512_vbmi2, avx512_vbmi, hv

Memory: 4k page, system-wide physical 16086M (1746M free)
TotalPageFile size 24086M (AvailPageFile size 7M)
current process WorkingSet (physical memory assigned to process): 250M, peak: 260M
current process commit charge ("private bytes"): 427M, peak: 436M

vm_info: Java HotSpot(TM) 64-Bit Server VM (17.0.8+9-LTS-211) for windows-amd64 JRE (17.0.8+9-LTS-211), built on Jun 14 2023 10:34:31 by "mach5one" with MS VC++ 17.1 (VS2022)

END.
