#
# There is insufficient memory for the Java Runtime Environment to continue.
# Native memory allocation (malloc) failed to allocate 2857552 bytes for Chunk::new
# Possible reasons:
#   The system is out of physical RAM or swap space
#   The process is running with CompressedOops enabled, and the Java Heap may be blocking the growth of the native heap
# Possible solutions:
#   Reduce memory load on the system
#   Increase physical memory or swap space
#   Check if swap backing store is full
#   Decrease Java heap size (-Xmx/-Xms)
#   Decrease number of Java threads
#   Decrease Java thread stack sizes (-Xss)
#   Set larger code cache with -XX:ReservedCodeCacheSize=
#   JVM is running with Unscaled Compressed Oops mode in which the Java heap is
#     placed in the first 4GB address space. The Java Heap base address is the
#     maximum limit for the native heap growth. Please use -XX:HeapBaseMinAddress
#     to set the Java Heap base and to place the Java Heap above 4GB virtual address.
# This output file may be truncated or incomplete.
#
#  Out of Memory Error (arena.cpp:189), pid=14144, tid=19712
#
# JRE version: Java(TM) SE Runtime Environment (17.0.8+9) (build 17.0.8+9-LTS-211)
# Java VM: Java HotSpot(TM) 64-Bit Server VM (17.0.8+9-LTS-211, mixed mode, sharing, tiered, compressed oops, compressed class ptrs, g1 gc, windows-amd64)
# No core dump will be written. Minidumps are not enabled by default on client versions of Windows
#

---------------  S U M M A R Y ------------

Command Line: --add-opens=java.base/java.util=ALL-UNNAMED --add-opens=java.base/java.lang=ALL-UNNAMED --add-opens=java.base/java.lang.invoke=ALL-UNNAMED --add-opens=java.prefs/java.util.prefs=ALL-UNNAMED --add-opens=java.base/java.nio.charset=ALL-UNNAMED --add-opens=java.base/java.net=ALL-UNNAMED --add-opens=java.base/java.util.concurrent.atomic=ALL-UNNAMED -XX:MaxMetaspaceSize=384m -XX:+HeapDumpOnOutOfMemoryError -Xms256m -Xmx512m -Dfile.encoding=windows-1252 -Duser.country=US -Duser.language=en -Duser.variant -javaagent:C:\gradle-8.2.1\lib\agents\gradle-instrumentation-agent-8.2.1.jar org.gradle.launcher.daemon.bootstrap.GradleDaemon 8.2.1

Host: Intel(R) Core(TM) i5-1035G1 CPU @ 1.00GHz, 8 cores, 15G,  Windows 10 , 64 bit Build 19041 (10.0.19041.3636)
Time: Sun May 26 04:33:24 2024 SE Asia Standard Time elapsed time: 18.568329 seconds (0d 0h 0m 18s)

---------------  T H R E A D  ---------------

Current thread (0x0000015dc362c390):  JavaThread "C2 CompilerThread2" daemon [_thread_in_native, id=19712, stack(0x000000163bd00000,0x000000163be00000)]


Current CompileTask:
C2:  18568 5859       4       java.beans.MethodRef::set (58 bytes)

Stack: [0x000000163bd00000,0x000000163be00000]
Native frames: (J=compiled Java code, j=interpreted, Vv=VM code, C=native code)
V  [jvm.dll+0x677d0a]
V  [jvm.dll+0x7d8c54]
V  [jvm.dll+0x7da3fe]
V  [jvm.dll+0x7daa63]
V  [jvm.dll+0x245c5f]
V  [jvm.dll+0xaaa6b]
V  [jvm.dll+0xab00c]
V  [jvm.dll+0x361e8e]
V  [jvm.dll+0x32c551]
V  [jvm.dll+0x32b9ea]
V  [jvm.dll+0x217fff]
V  [jvm.dll+0x217431]
V  [jvm.dll+0x1a3af0]
V  [jvm.dll+0x2270be]
V  [jvm.dll+0x22535b]
V  [jvm.dll+0x78e7bc]
V  [jvm.dll+0x788bba]
V  [jvm.dll+0x676b35]
C  [ucrtbase.dll+0x21bb2]
C  [KERNEL32.DLL+0x17344]
C  [ntdll.dll+0x526b1]


---------------  P R O C E S S  ---------------

Threads class SMR info:
_java_thread_list=0x0000015dc7c0ba80, length=63, elements={
0x0000015d8ea78d60, 0x0000015da938dfc0, 0x0000015da938ea80, 0x0000015da93a9b30,
0x0000015da93cc510, 0x0000015da93ccdd0, 0x0000015da93cd690, 0x0000015da93ce280,
0x0000015da953efc0, 0x0000015da95404e0, 0x0000015da9376940, 0x0000015da9685000,
0x0000015dc42ac7e0, 0x0000015dc51ebbb0, 0x0000015dc4b7c370, 0x0000015dc3ba89e0,
0x0000015dc394eac0, 0x0000015dc47965f0, 0x0000015dc4796ac0, 0x0000015dc3e0bac0,
0x0000015dc4a75540, 0x0000015dc394b2b0, 0x0000015dc394bc50, 0x0000015dc394d460,
0x0000015dc394cac0, 0x0000015dc3949f70, 0x0000015dc394ade0, 0x0000015dc394a440,
0x0000015dc394b780, 0x0000015dc394c5f0, 0x0000015dc5d789d0, 0x0000015dc5d741a0,
0x0000015dc5d79370, 0x0000015dc5d76350, 0x0000015dc5d7a6b0, 0x0000015dc5d771c0,
0x0000015dc5d78030, 0x0000015dc5d73cd0, 0x0000015dc5d754e0, 0x0000015dc5d74670,
0x0000015dc5d76cf0, 0x0000015dc5d75e80, 0x0000015dc7dcaab0, 0x0000015dc6610320,
0x0000015dc66107f0, 0x0000015dc6610cc0, 0x0000015dc6611190, 0x0000015dc6611660,
0x0000015dc54bae60, 0x0000015dc54bb330, 0x0000015dc7dc9770, 0x0000015dc30daa00,
0x0000015dc5d0bb00, 0x0000015dc362c390, 0x0000015dc54bb800, 0x0000015dc30db870,
0x0000015dc30da060, 0x0000015dc30db3a0, 0x0000015dc30daed0, 0x0000015dc843dd20,
0x0000015dc843ceb0, 0x0000015dc843d380, 0x0000015dc54bbcd0
}

Java Threads: ( => current thread )
  0x0000015d8ea78d60 JavaThread "main" [_thread_blocked, id=3908, stack(0x0000001637900000,0x0000001637a00000)]
  0x0000015da938dfc0 JavaThread "Reference Handler" daemon [_thread_blocked, id=24104, stack(0x0000001638000000,0x0000001638100000)]
  0x0000015da938ea80 JavaThread "Finalizer" daemon [_thread_blocked, id=23024, stack(0x0000001638100000,0x0000001638200000)]
  0x0000015da93a9b30 JavaThread "Signal Dispatcher" daemon [_thread_blocked, id=11948, stack(0x0000001638200000,0x0000001638300000)]
  0x0000015da93cc510 JavaThread "Attach Listener" daemon [_thread_blocked, id=12464, stack(0x0000001638300000,0x0000001638400000)]
  0x0000015da93ccdd0 JavaThread "Service Thread" daemon [_thread_blocked, id=21468, stack(0x0000001638400000,0x0000001638500000)]
  0x0000015da93cd690 JavaThread "Monitor Deflation Thread" daemon [_thread_blocked, id=20056, stack(0x0000001638500000,0x0000001638600000)]
  0x0000015da93ce280 JavaThread "C2 CompilerThread0" daemon [_thread_in_native, id=17528, stack(0x0000001638600000,0x0000001638700000)]
  0x0000015da953efc0 JavaThread "C1 CompilerThread0" daemon [_thread_blocked, id=9996, stack(0x0000001638700000,0x0000001638800000)]
  0x0000015da95404e0 JavaThread "Sweeper thread" daemon [_thread_blocked, id=5072, stack(0x0000001638800000,0x0000001638900000)]
  0x0000015da9376940 JavaThread "Common-Cleaner" daemon [_thread_blocked, id=3336, stack(0x0000001638900000,0x0000001638a00000)]
  0x0000015da9685000 JavaThread "Notification Thread" daemon [_thread_blocked, id=13728, stack(0x0000001638a00000,0x0000001638b00000)]
  0x0000015dc42ac7e0 JavaThread "Daemon health stats" [_thread_blocked, id=21344, stack(0x0000001639300000,0x0000001639400000)]
  0x0000015dc51ebbb0 JavaThread "Incoming local TCP Connector on port 54770" [_thread_in_native, id=8128, stack(0x0000001638c00000,0x0000001638d00000)]
  0x0000015dc4b7c370 JavaThread "Daemon periodic checks" [_thread_blocked, id=6880, stack(0x0000001639200000,0x0000001639300000)]
  0x0000015dc3ba89e0 JavaThread "Daemon" [_thread_blocked, id=18628, stack(0x0000001639400000,0x0000001639500000)]
  0x0000015dc394eac0 JavaThread "Handler for socket connection from /127.0.0.1:54770 to /127.0.0.1:54771" [_thread_in_native, id=18172, stack(0x0000001639500000,0x0000001639600000)]
  0x0000015dc47965f0 JavaThread "Cancel handler" [_thread_blocked, id=5352, stack(0x0000001639600000,0x0000001639700000)]
  0x0000015dc4796ac0 JavaThread "Daemon worker" [_thread_blocked, id=13348, stack(0x0000001639700000,0x0000001639800000)]
  0x0000015dc3e0bac0 JavaThread "Asynchronous log dispatcher for DefaultDaemonConnection: socket connection from /127.0.0.1:54770 to /127.0.0.1:54771" [_thread_blocked, id=13328, stack(0x0000001639800000,0x0000001639900000)]
  0x0000015dc4a75540 JavaThread "Stdin handler" [_thread_blocked, id=18716, stack(0x0000001639900000,0x0000001639a00000)]
  0x0000015dc394b2b0 JavaThread "Daemon client event forwarder" [_thread_blocked, id=10588, stack(0x0000001639a00000,0x0000001639b00000)]
  0x0000015dc394bc50 JavaThread "Cache worker for journal cache (C:\gradle-8.2.1\caches\journal-1)" [_thread_blocked, id=17372, stack(0x0000001639b00000,0x0000001639c00000)]
  0x0000015dc394d460 JavaThread "File lock request listener" [_thread_in_native, id=11468, stack(0x0000001639c00000,0x0000001639d00000)]
  0x0000015dc394cac0 JavaThread "Cache worker for file hash cache (C:\gradle-8.2.1\caches\8.2.1\fileHashes)" [_thread_blocked, id=2836, stack(0x0000001639e00000,0x0000001639f00000)]
  0x0000015dc3949f70 JavaThread "File lock release action executor" [_thread_in_vm, id=19996, stack(0x0000001639d00000,0x0000001639e00000)]
  0x0000015dc394ade0 JavaThread "File watcher server" daemon [_thread_in_native, id=1408, stack(0x0000001639f00000,0x000000163a000000)]
  0x0000015dc394a440 JavaThread "File watcher consumer" daemon [_thread_blocked, id=13588, stack(0x000000163a000000,0x000000163a100000)]
  0x0000015dc394b780 JavaThread "Cache worker for checksums cache (C:\Users\LENOVO\OneDrive\Desktop\Nhom19_webSchool\Nhom19-WebSchool_Login\.gradle\8.2.1\checksums)" [_thread_blocked, id=23008, stack(0x000000163a200000,0x000000163a300000)]
  0x0000015dc394c5f0 JavaThread "Cache worker for cache directory md-rule (C:\gradle-8.2.1\caches\8.2.1\md-rule)" [_thread_blocked, id=6444, stack(0x000000163a300000,0x000000163a400000)]
  0x0000015dc5d789d0 JavaThread "Cache worker for file content cache (C:\gradle-8.2.1\caches\8.2.1\fileContent)" [_thread_blocked, id=20984, stack(0x000000163a400000,0x000000163a500000)]
  0x0000015dc5d741a0 JavaThread "Cache worker for file hash cache (C:\Users\LENOVO\OneDrive\Desktop\Nhom19_webSchool\Nhom19-WebSchool_Login\.gradle\8.2.1\fileHashes)" [_thread_blocked, id=152, stack(0x000000163a800000,0x000000163a900000)]
  0x0000015dc5d79370 JavaThread "Cache worker for cache directory md-supplier (C:\gradle-8.2.1\caches\8.2.1\md-supplier)" [_thread_blocked, id=21276, stack(0x000000163a900000,0x000000163aa00000)]
  0x0000015dc5d76350 JavaThread "Cache worker for execution history cache (C:\gradle-8.2.1\caches\8.2.1\executionHistory)" [_thread_blocked, id=3816, stack(0x000000163aa00000,0x000000163ab00000)]
  0x0000015dc5d7a6b0 JavaThread "jar transforms" [_thread_blocked, id=23864, stack(0x000000163ab00000,0x000000163ac00000)]
  0x0000015dc5d771c0 JavaThread "jar transforms Thread 2" [_thread_blocked, id=14256, stack(0x000000163a100000,0x000000163a200000)]
  0x0000015dc5d78030 JavaThread "jar transforms Thread 3" [_thread_blocked, id=12656, stack(0x000000163ae00000,0x000000163af00000)]
  0x0000015dc5d73cd0 JavaThread "jar transforms Thread 4" [_thread_blocked, id=17536, stack(0x000000163af00000,0x000000163b000000)]
  0x0000015dc5d754e0 JavaThread "jar transforms Thread 5" [_thread_blocked, id=6912, stack(0x000000163b000000,0x000000163b100000)]
  0x0000015dc5d74670 JavaThread "jar transforms Thread 6" [_thread_blocked, id=20996, stack(0x000000163b100000,0x000000163b200000)]
  0x0000015dc5d76cf0 JavaThread "Cache worker for dependencies-accessors (C:\Users\LENOVO\OneDrive\Desktop\Nhom19_webSchool\Nhom19-WebSchool_Login\.gradle\8.2.1\dependencies-accessors)" [_thread_blocked, id=10832, stack(0x000000163b200000,0x000000163b300000)]
  0x0000015dc5d75e80 JavaThread "jar transforms Thread 7" [_thread_blocked, id=15540, stack(0x000000163ad00000,0x000000163ae00000)]
  0x0000015dc7dcaab0 JavaThread "Cache worker for Build Output Cleanup Cache (C:\Users\LENOVO\OneDrive\Desktop\Nhom19_webSchool\Nhom19-WebSchool_Login\.gradle\buildOutputCleanup)" [_thread_blocked, id=21624, stack(0x000000163ac00000,0x000000163ad00000)]
  0x0000015dc6610320 JavaThread "Unconstrained build operations" [_thread_blocked, id=22952, stack(0x000000163b400000,0x000000163b500000)]
  0x0000015dc66107f0 JavaThread "Unconstrained build operations Thread 2" [_thread_blocked, id=20900, stack(0x000000163b500000,0x000000163b600000)]
  0x0000015dc6610cc0 JavaThread "Unconstrained build operations Thread 3" [_thread_blocked, id=15624, stack(0x000000163b600000,0x000000163b700000)]
  0x0000015dc6611190 JavaThread "Unconstrained build operations Thread 4" [_thread_blocked, id=18192, stack(0x000000163b700000,0x000000163b800000)]
  0x0000015dc6611660 JavaThread "Unconstrained build operations Thread 5" [_thread_blocked, id=19696, stack(0x000000163b800000,0x000000163b900000)]
  0x0000015dc54bae60 JavaThread "Unconstrained build operations Thread 6" [_thread_blocked, id=13124, stack(0x000000163b900000,0x000000163ba00000)]
  0x0000015dc54bb330 JavaThread "Unconstrained build operations Thread 7" [_thread_blocked, id=21788, stack(0x000000163ba00000,0x000000163bb00000)]
  0x0000015dc7dc9770 JavaThread "jar transforms Thread 8" [_thread_blocked, id=3180, stack(0x000000163bb00000,0x000000163bc00000)]
  0x0000015dc30daa00 JavaThread "Memory manager" [_thread_blocked, id=8608, stack(0x000000163bc00000,0x000000163bd00000)]
  0x0000015dc5d0bb00 JavaThread "C2 CompilerThread1" daemon [_thread_blocked, id=21212, stack(0x000000163b300000,0x000000163b400000)]
=>0x0000015dc362c390 JavaThread "C2 CompilerThread2" daemon [_thread_in_native, id=19712, stack(0x000000163bd00000,0x000000163be00000)]
  0x0000015dc54bb800 JavaThread "included builds" [_thread_blocked, id=7732, stack(0x000000163be00000,0x000000163bf00000)]
  0x0000015dc30db870 JavaThread "Execution worker" [_thread_blocked, id=13532, stack(0x000000163bf00000,0x000000163c000000)]
  0x0000015dc30da060 JavaThread "Execution worker Thread 2" [_thread_blocked, id=10104, stack(0x000000163c000000,0x000000163c100000)]
  0x0000015dc30db3a0 JavaThread "Execution worker Thread 3" [_thread_blocked, id=14380, stack(0x000000163c100000,0x000000163c200000)]
  0x0000015dc30daed0 JavaThread "Execution worker Thread 4" [_thread_blocked, id=2480, stack(0x000000163c200000,0x000000163c300000)]
  0x0000015dc843dd20 JavaThread "Execution worker Thread 5" [_thread_blocked, id=10208, stack(0x000000163c300000,0x000000163c400000)]
  0x0000015dc843ceb0 JavaThread "Execution worker Thread 6" [_thread_blocked, id=2312, stack(0x000000163c400000,0x000000163c500000)]
  0x0000015dc843d380 JavaThread "Execution worker Thread 7" [_thread_blocked, id=6640, stack(0x000000163c500000,0x000000163c600000)]
  0x0000015dc54bbcd0 JavaThread "Cache worker for execution history cache (C:\Users\LENOVO\OneDrive\Desktop\Nhom19_webSchool\Nhom19-WebSchool_Login\.gradle\8.2.1\executionHistory)" [_thread_blocked, id=5264, stack(0x000000163c600000,0x000000163c700000)]

Other Threads:
  0x0000015da9387600 VMThread "VM Thread" [stack: 0x0000001637f00000,0x0000001638000000] [id=17412]
  0x0000015da96854d0 WatcherThread [stack: 0x0000001638b00000,0x0000001638c00000] [id=9480]
  0x0000015d8eaa5b70 GCTaskThread "GC Thread#0" [stack: 0x0000001637a00000,0x0000001637b00000] [id=7768]
  0x0000015dc3bad5d0 GCTaskThread "GC Thread#1" [stack: 0x0000001638d00000,0x0000001638e00000] [id=15476]
  0x0000015dc3bad880 GCTaskThread "GC Thread#2" [stack: 0x0000001638e00000,0x0000001638f00000] [id=9304]
  0x0000015dc3bc3f80 GCTaskThread "GC Thread#3" [stack: 0x0000001638f00000,0x0000001639000000] [id=15596]
  0x0000015dc3bc4230 GCTaskThread "GC Thread#4" [stack: 0x0000001639000000,0x0000001639100000] [id=18336]
  0x0000015dc3bc44e0 GCTaskThread "GC Thread#5" [stack: 0x0000001639100000,0x0000001639200000] [id=13388]
  0x0000015dc52ce8c0 GCTaskThread "GC Thread#6" [stack: 0x000000163a500000,0x000000163a600000] [id=20324]
  0x0000015dc581e080 GCTaskThread "GC Thread#7" [stack: 0x000000163a600000,0x000000163a700000] [id=22636]
  0x0000015d8eaab9d0 ConcurrentGCThread "G1 Main Marker" [stack: 0x0000001637b00000,0x0000001637c00000] [id=10260]
  0x0000015d8eaac2f0 ConcurrentGCThread "G1 Conc#0" [stack: 0x0000001637c00000,0x0000001637d00000] [id=17204]
  0x0000015dc597e5d0 ConcurrentGCThread "G1 Conc#1" [stack: 0x000000163a700000,0x000000163a800000] [id=15960]
  0x0000015d8eb4eb40 ConcurrentGCThread "G1 Refine#0" [stack: 0x0000001637d00000,0x0000001637e00000] [id=9156]
  0x0000015da97796a0 ConcurrentGCThread "G1 Refine#1" [stack: 0x000000163c700000,0x000000163c800000] [id=2140]
  0x0000015da924c700 ConcurrentGCThread "G1 Service" [stack: 0x0000001637e00000,0x0000001637f00000] [id=23404]

Threads with active compile tasks:
C2 CompilerThread0    18620 5853   !   4       com.sun.beans.TypeResolver::resolve (261 bytes)
C2 CompilerThread2    18621 5859       4       java.beans.MethodRef::set (58 bytes)

VM state: not at safepoint (normal execution)

VM Mutex/Monitor currently owned by a thread: None

Heap address: 0x00000000e0000000, size: 512 MB, Compressed Oops mode: 32-bit

CDS archive(s) mapped at: [0x0000015daa000000-0x0000015daabd0000-0x0000015daabd0000), size 12386304, SharedBaseAddress: 0x0000015daa000000, ArchiveRelocationMode: 1.
Compressed class space mapped at: 0x0000015dab000000-0x0000015dbf000000, reserved size: 335544320
Narrow klass base: 0x0000015daa000000, Narrow klass shift: 0, Narrow klass range: 0x100000000

GC Precious Log:
 CPUs: 8 total, 8 available
 Memory: 16086M
 Large Page Support: Disabled
 NUMA Support: Disabled
 Compressed Oops: Enabled (32-bit)
 Heap Region Size: 1M
 Heap Min Capacity: 256M
 Heap Initial Capacity: 256M
 Heap Max Capacity: 512M
 Pre-touch: Disabled
 Parallel Workers: 8
 Concurrent Workers: 2
 Concurrent Refinement Workers: 8
 Periodic GC: Disabled

Heap:
 garbage-first heap   total 262144K, used 46402K [0x00000000e0000000, 0x0000000100000000)
  region size 1024K, 18 young (18432K), 12 survivors (12288K)
 Metaspace       used 49323K, committed 49856K, reserved 393216K
  class space    used 7049K, committed 7296K, reserved 327680K

Heap Regions: E=young(eden), S=young(survivor), O=old, HS=humongous(starts), HC=humongous(continues), CS=collection set, F=free, OA=open archive, CA=closed archive, TAMS=top-at-mark-start (previous, next)
|   0|0x00000000e0000000, 0x00000000e0100000, 0x00000000e0100000|100%|HS|  |TAMS 0x00000000e0100000, 0x00000000e0000000| Complete 
|   1|0x00000000e0100000, 0x00000000e0200000, 0x00000000e0200000|100%|HC|  |TAMS 0x00000000e0200000, 0x00000000e0100000| Complete 
|   2|0x00000000e0200000, 0x00000000e0300000, 0x00000000e0300000|100%|HC|  |TAMS 0x00000000e0300000, 0x00000000e0200000| Complete 
|   3|0x00000000e0300000, 0x00000000e0400000, 0x00000000e0400000|100%|HC|  |TAMS 0x00000000e0400000, 0x00000000e0300000| Complete 
|   4|0x00000000e0400000, 0x00000000e0400000, 0x00000000e0500000|  0%| F|  |TAMS 0x00000000e0400000, 0x00000000e0400000| Untracked 
|   5|0x00000000e0500000, 0x00000000e0600000, 0x00000000e0600000|100%| O|  |TAMS 0x00000000e0600000, 0x00000000e0500000| Untracked 
|   6|0x00000000e0600000, 0x00000000e0700000, 0x00000000e0700000|100%| O|  |TAMS 0x00000000e0700000, 0x00000000e0600000| Untracked 
|   7|0x00000000e0700000, 0x00000000e0800000, 0x00000000e0800000|100%| O|  |TAMS 0x00000000e0800000, 0x00000000e0700000| Untracked 
|   8|0x00000000e0800000, 0x00000000e0900000, 0x00000000e0900000|100%| O|  |TAMS 0x00000000e0900000, 0x00000000e0800000| Untracked 
|   9|0x00000000e0900000, 0x00000000e0a00000, 0x00000000e0a00000|100%| O|  |TAMS 0x00000000e0a00000, 0x00000000e0900000| Untracked 
|  10|0x00000000e0a00000, 0x00000000e0b00000, 0x00000000e0b00000|100%| O|  |TAMS 0x00000000e0b00000, 0x00000000e0a00000| Untracked 
|  11|0x00000000e0b00000, 0x00000000e0c00000, 0x00000000e0c00000|100%| O|  |TAMS 0x00000000e0c00000, 0x00000000e0b00000| Untracked 
|  12|0x00000000e0c00000, 0x00000000e0d00000, 0x00000000e0d00000|100%| O|  |TAMS 0x00000000e0d00000, 0x00000000e0c00000| Untracked 
|  13|0x00000000e0d00000, 0x00000000e0e00000, 0x00000000e0e00000|100%| O|  |TAMS 0x00000000e0e00000, 0x00000000e0d00000| Untracked 
|  14|0x00000000e0e00000, 0x00000000e0f00000, 0x00000000e0f00000|100%| O|  |TAMS 0x00000000e0f00000, 0x00000000e0e00000| Untracked 
|  15|0x00000000e0f00000, 0x00000000e1000000, 0x00000000e1000000|100%| O|  |TAMS 0x00000000e1000000, 0x00000000e0f00000| Untracked 
|  16|0x00000000e1000000, 0x00000000e1100000, 0x00000000e1100000|100%| O|  |TAMS 0x00000000e1100000, 0x00000000e1000000| Untracked 
|  17|0x00000000e1100000, 0x00000000e1200000, 0x00000000e1200000|100%| O|  |TAMS 0x00000000e1200000, 0x00000000e1100000| Untracked 
|  18|0x00000000e1200000, 0x00000000e1300000, 0x00000000e1300000|100%| O|  |TAMS 0x00000000e1300000, 0x00000000e1200000| Untracked 
|  19|0x00000000e1300000, 0x00000000e1400000, 0x00000000e1400000|100%| O|  |TAMS 0x00000000e1400000, 0x00000000e1300000| Untracked 
|  20|0x00000000e1400000, 0x00000000e1500000, 0x00000000e1500000|100%| O|  |TAMS 0x00000000e1500000, 0x00000000e1400000| Untracked 
|  21|0x00000000e1500000, 0x00000000e1600000, 0x00000000e1600000|100%| O|  |TAMS 0x00000000e1600000, 0x00000000e1500000| Untracked 
|  22|0x00000000e1600000, 0x00000000e1700000, 0x00000000e1700000|100%| O|  |TAMS 0x00000000e1700000, 0x00000000e1600000| Untracked 
|  23|0x00000000e1700000, 0x00000000e1800000, 0x00000000e1800000|100%| O|  |TAMS 0x00000000e1800000, 0x00000000e1700000| Untracked 
|  24|0x00000000e1800000, 0x00000000e1900000, 0x00000000e1900000|100%| O|  |TAMS 0x00000000e1900000, 0x00000000e1800000| Untracked 
|  25|0x00000000e1900000, 0x00000000e1a00000, 0x00000000e1a00000|100%| O|  |TAMS 0x00000000e1a00000, 0x00000000e1900000| Untracked 
|  26|0x00000000e1a00000, 0x00000000e1b00000, 0x00000000e1b00000|100%| O|  |TAMS 0x00000000e1b00000, 0x00000000e1a00000| Untracked 
|  27|0x00000000e1b00000, 0x00000000e1c00000, 0x00000000e1c00000|100%| O|  |TAMS 0x00000000e1c00000, 0x00000000e1b00000| Untracked 
|  28|0x00000000e1c00000, 0x00000000e1d00000, 0x00000000e1d00000|100%| O|  |TAMS 0x00000000e1d00000, 0x00000000e1c00000| Untracked 
|  29|0x00000000e1d00000, 0x00000000e1e00000, 0x00000000e1e00000|100%| O|  |TAMS 0x00000000e1e00000, 0x00000000e1d00000| Untracked 
|  30|0x00000000e1e00000, 0x00000000e1e3fe00, 0x00000000e1f00000| 24%| O|  |TAMS 0x00000000e1e3fe00, 0x00000000e1e00000| Untracked 
|  31|0x00000000e1f00000, 0x00000000e1f00000, 0x00000000e2000000|  0%| F|  |TAMS 0x00000000e1f00000, 0x00000000e1f00000| Untracked 
|  32|0x00000000e2000000, 0x00000000e2000000, 0x00000000e2100000|  0%| F|  |TAMS 0x00000000e2000000, 0x00000000e2000000| Untracked 
|  33|0x00000000e2100000, 0x00000000e2100000, 0x00000000e2200000|  0%| F|  |TAMS 0x00000000e2100000, 0x00000000e2100000| Untracked 
|  34|0x00000000e2200000, 0x00000000e2200000, 0x00000000e2300000|  0%| F|  |TAMS 0x00000000e2200000, 0x00000000e2200000| Untracked 
|  35|0x00000000e2300000, 0x00000000e2300000, 0x00000000e2400000|  0%| F|  |TAMS 0x00000000e2300000, 0x00000000e2300000| Untracked 
|  36|0x00000000e2400000, 0x00000000e2400000, 0x00000000e2500000|  0%| F|  |TAMS 0x00000000e2400000, 0x00000000e2400000| Untracked 
|  37|0x00000000e2500000, 0x00000000e2500000, 0x00000000e2600000|  0%| F|  |TAMS 0x00000000e2500000, 0x00000000e2500000| Untracked 
|  38|0x00000000e2600000, 0x00000000e2600000, 0x00000000e2700000|  0%| F|  |TAMS 0x00000000e2600000, 0x00000000e2600000| Untracked 
|  39|0x00000000e2700000, 0x00000000e2700000, 0x00000000e2800000|  0%| F|  |TAMS 0x00000000e2700000, 0x00000000e2700000| Untracked 
|  40|0x00000000e2800000, 0x00000000e2800000, 0x00000000e2900000|  0%| F|  |TAMS 0x00000000e2800000, 0x00000000e2800000| Untracked 
|  41|0x00000000e2900000, 0x00000000e2900000, 0x00000000e2a00000|  0%| F|  |TAMS 0x00000000e2900000, 0x00000000e2900000| Untracked 
|  42|0x00000000e2a00000, 0x00000000e2a00000, 0x00000000e2b00000|  0%| F|  |TAMS 0x00000000e2a00000, 0x00000000e2a00000| Untracked 
|  43|0x00000000e2b00000, 0x00000000e2b00000, 0x00000000e2c00000|  0%| F|  |TAMS 0x00000000e2b00000, 0x00000000e2b00000| Untracked 
|  44|0x00000000e2c00000, 0x00000000e2c00000, 0x00000000e2d00000|  0%| F|  |TAMS 0x00000000e2c00000, 0x00000000e2c00000| Untracked 
|  45|0x00000000e2d00000, 0x00000000e2d00000, 0x00000000e2e00000|  0%| F|  |TAMS 0x00000000e2d00000, 0x00000000e2d00000| Untracked 
|  46|0x00000000e2e00000, 0x00000000e2e00000, 0x00000000e2f00000|  0%| F|  |TAMS 0x00000000e2e00000, 0x00000000e2e00000| Untracked 
|  47|0x00000000e2f00000, 0x00000000e2f00000, 0x00000000e3000000|  0%| F|  |TAMS 0x00000000e2f00000, 0x00000000e2f00000| Untracked 
|  48|0x00000000e3000000, 0x00000000e3000000, 0x00000000e3100000|  0%| F|  |TAMS 0x00000000e3000000, 0x00000000e3000000| Untracked 
|  49|0x00000000e3100000, 0x00000000e3100000, 0x00000000e3200000|  0%| F|  |TAMS 0x00000000e3100000, 0x00000000e3100000| Untracked 
|  50|0x00000000e3200000, 0x00000000e3200000, 0x00000000e3300000|  0%| F|  |TAMS 0x00000000e3200000, 0x00000000e3200000| Untracked 
|  51|0x00000000e3300000, 0x00000000e3300000, 0x00000000e3400000|  0%| F|  |TAMS 0x00000000e3300000, 0x00000000e3300000| Untracked 
|  52|0x00000000e3400000, 0x00000000e3400000, 0x00000000e3500000|  0%| F|  |TAMS 0x00000000e3400000, 0x00000000e3400000| Untracked 
|  53|0x00000000e3500000, 0x00000000e3500000, 0x00000000e3600000|  0%| F|  |TAMS 0x00000000e3500000, 0x00000000e3500000| Untracked 
|  54|0x00000000e3600000, 0x00000000e3600000, 0x00000000e3700000|  0%| F|  |TAMS 0x00000000e3600000, 0x00000000e3600000| Untracked 
|  55|0x00000000e3700000, 0x00000000e3700000, 0x00000000e3800000|  0%| F|  |TAMS 0x00000000e3700000, 0x00000000e3700000| Untracked 
|  56|0x00000000e3800000, 0x00000000e3800000, 0x00000000e3900000|  0%| F|  |TAMS 0x00000000e3800000, 0x00000000e3800000| Untracked 
|  57|0x00000000e3900000, 0x00000000e3900000, 0x00000000e3a00000|  0%| F|  |TAMS 0x00000000e3900000, 0x00000000e3900000| Untracked 
|  58|0x00000000e3a00000, 0x00000000e3a00000, 0x00000000e3b00000|  0%| F|  |TAMS 0x00000000e3a00000, 0x00000000e3a00000| Untracked 
|  59|0x00000000e3b00000, 0x00000000e3b00000, 0x00000000e3c00000|  0%| F|  |TAMS 0x00000000e3b00000, 0x00000000e3b00000| Untracked 
|  60|0x00000000e3c00000, 0x00000000e3c00000, 0x00000000e3d00000|  0%| F|  |TAMS 0x00000000e3c00000, 0x00000000e3c00000| Untracked 
|  61|0x00000000e3d00000, 0x00000000e3d00000, 0x00000000e3e00000|  0%| F|  |TAMS 0x00000000e3d00000, 0x00000000e3d00000| Untracked 
|  62|0x00000000e3e00000, 0x00000000e3e00000, 0x00000000e3f00000|  0%| F|  |TAMS 0x00000000e3e00000, 0x00000000e3e00000| Untracked 
|  63|0x00000000e3f00000, 0x00000000e3f00000, 0x00000000e4000000|  0%| F|  |TAMS 0x00000000e3f00000, 0x00000000e3f00000| Untracked 
|  64|0x00000000e4000000, 0x00000000e4000000, 0x00000000e4100000|  0%| F|  |TAMS 0x00000000e4000000, 0x00000000e4000000| Untracked 
|  65|0x00000000e4100000, 0x00000000e4100000, 0x00000000e4200000|  0%| F|  |TAMS 0x00000000e4100000, 0x00000000e4100000| Untracked 
|  66|0x00000000e4200000, 0x00000000e4200000, 0x00000000e4300000|  0%| F|  |TAMS 0x00000000e4200000, 0x00000000e4200000| Untracked 
|  67|0x00000000e4300000, 0x00000000e4300000, 0x00000000e4400000|  0%| F|  |TAMS 0x00000000e4300000, 0x00000000e4300000| Untracked 
|  68|0x00000000e4400000, 0x00000000e4400000, 0x00000000e4500000|  0%| F|  |TAMS 0x00000000e4400000, 0x00000000e4400000| Untracked 
|  69|0x00000000e4500000, 0x00000000e4500000, 0x00000000e4600000|  0%| F|  |TAMS 0x00000000e4500000, 0x00000000e4500000| Untracked 
|  70|0x00000000e4600000, 0x00000000e4600000, 0x00000000e4700000|  0%| F|  |TAMS 0x00000000e4600000, 0x00000000e4600000| Untracked 
|  71|0x00000000e4700000, 0x00000000e4700000, 0x00000000e4800000|  0%| F|  |TAMS 0x00000000e4700000, 0x00000000e4700000| Untracked 
|  72|0x00000000e4800000, 0x00000000e4800000, 0x00000000e4900000|  0%| F|  |TAMS 0x00000000e4800000, 0x00000000e4800000| Untracked 
|  73|0x00000000e4900000, 0x00000000e4900000, 0x00000000e4a00000|  0%| F|  |TAMS 0x00000000e4900000, 0x00000000e4900000| Untracked 
|  74|0x00000000e4a00000, 0x00000000e4a00000, 0x00000000e4b00000|  0%| F|  |TAMS 0x00000000e4a00000, 0x00000000e4a00000| Untracked 
|  75|0x00000000e4b00000, 0x00000000e4b00000, 0x00000000e4c00000|  0%| F|  |TAMS 0x00000000e4b00000, 0x00000000e4b00000| Untracked 
|  76|0x00000000e4c00000, 0x00000000e4c00000, 0x00000000e4d00000|  0%| F|  |TAMS 0x00000000e4c00000, 0x00000000e4c00000| Untracked 
|  77|0x00000000e4d00000, 0x00000000e4d00000, 0x00000000e4e00000|  0%| F|  |TAMS 0x00000000e4d00000, 0x00000000e4d00000| Untracked 
|  78|0x00000000e4e00000, 0x00000000e4e00000, 0x00000000e4f00000|  0%| F|  |TAMS 0x00000000e4e00000, 0x00000000e4e00000| Untracked 
|  79|0x00000000e4f00000, 0x00000000e4f00000, 0x00000000e5000000|  0%| F|  |TAMS 0x00000000e4f00000, 0x00000000e4f00000| Untracked 
|  80|0x00000000e5000000, 0x00000000e5000000, 0x00000000e5100000|  0%| F|  |TAMS 0x00000000e5000000, 0x00000000e5000000| Untracked 
|  81|0x00000000e5100000, 0x00000000e5100000, 0x00000000e5200000|  0%| F|  |TAMS 0x00000000e5100000, 0x00000000e5100000| Untracked 
|  82|0x00000000e5200000, 0x00000000e5200000, 0x00000000e5300000|  0%| F|  |TAMS 0x00000000e5200000, 0x00000000e5200000| Untracked 
|  83|0x00000000e5300000, 0x00000000e5300000, 0x00000000e5400000|  0%| F|  |TAMS 0x00000000e5300000, 0x00000000e5300000| Untracked 
|  84|0x00000000e5400000, 0x00000000e5400000, 0x00000000e5500000|  0%| F|  |TAMS 0x00000000e5400000, 0x00000000e5400000| Untracked 
|  85|0x00000000e5500000, 0x00000000e5500000, 0x00000000e5600000|  0%| F|  |TAMS 0x00000000e5500000, 0x00000000e5500000| Untracked 
|  86|0x00000000e5600000, 0x00000000e5600000, 0x00000000e5700000|  0%| F|  |TAMS 0x00000000e5600000, 0x00000000e5600000| Untracked 
|  87|0x00000000e5700000, 0x00000000e5700000, 0x00000000e5800000|  0%| F|  |TAMS 0x00000000e5700000, 0x00000000e5700000| Untracked 
|  88|0x00000000e5800000, 0x00000000e5800000, 0x00000000e5900000|  0%| F|  |TAMS 0x00000000e5800000, 0x00000000e5800000| Untracked 
|  89|0x00000000e5900000, 0x00000000e5900000, 0x00000000e5a00000|  0%| F|  |TAMS 0x00000000e5900000, 0x00000000e5900000| Untracked 
|  90|0x00000000e5a00000, 0x00000000e5a00000, 0x00000000e5b00000|  0%| F|  |TAMS 0x00000000e5a00000, 0x00000000e5a00000| Untracked 
|  91|0x00000000e5b00000, 0x00000000e5b10d18, 0x00000000e5c00000|  6%| S|CS|TAMS 0x00000000e5b00000, 0x00000000e5b00000| Complete 
|  92|0x00000000e5c00000, 0x00000000e5d00000, 0x00000000e5d00000|100%| S|CS|TAMS 0x00000000e5c00000, 0x00000000e5c00000| Complete 
|  93|0x00000000e5d00000, 0x00000000e5e00000, 0x00000000e5e00000|100%| S|CS|TAMS 0x00000000e5d00000, 0x00000000e5d00000| Complete 
|  94|0x00000000e5e00000, 0x00000000e5f00000, 0x00000000e5f00000|100%| S|CS|TAMS 0x00000000e5e00000, 0x00000000e5e00000| Complete 
|  95|0x00000000e5f00000, 0x00000000e6000000, 0x00000000e6000000|100%| S|CS|TAMS 0x00000000e5f00000, 0x00000000e5f00000| Complete 
|  96|0x00000000e6000000, 0x00000000e6100000, 0x00000000e6100000|100%| S|CS|TAMS 0x00000000e6000000, 0x00000000e6000000| Complete 
|  97|0x00000000e6100000, 0x00000000e6200000, 0x00000000e6200000|100%| S|CS|TAMS 0x00000000e6100000, 0x00000000e6100000| Complete 
|  98|0x00000000e6200000, 0x00000000e6300000, 0x00000000e6300000|100%| S|CS|TAMS 0x00000000e6200000, 0x00000000e6200000| Complete 
|  99|0x00000000e6300000, 0x00000000e6400000, 0x00000000e6400000|100%| S|CS|TAMS 0x00000000e6300000, 0x00000000e6300000| Complete 
| 100|0x00000000e6400000, 0x00000000e6500000, 0x00000000e6500000|100%| S|CS|TAMS 0x00000000e6400000, 0x00000000e6400000| Complete 
| 101|0x00000000e6500000, 0x00000000e6600000, 0x00000000e6600000|100%| S|CS|TAMS 0x00000000e6500000, 0x00000000e6500000| Complete 
| 102|0x00000000e6600000, 0x00000000e6700000, 0x00000000e6700000|100%| S|CS|TAMS 0x00000000e6600000, 0x00000000e6600000| Complete 
| 103|0x00000000e6700000, 0x00000000e6700000, 0x00000000e6800000|  0%| F|  |TAMS 0x00000000e6700000, 0x00000000e6700000| Untracked 
| 104|0x00000000e6800000, 0x00000000e6800000, 0x00000000e6900000|  0%| F|  |TAMS 0x00000000e6800000, 0x00000000e6800000| Untracked 
| 105|0x00000000e6900000, 0x00000000e6900000, 0x00000000e6a00000|  0%| F|  |TAMS 0x00000000e6900000, 0x00000000e6900000| Untracked 
| 106|0x00000000e6a00000, 0x00000000e6a00000, 0x00000000e6b00000|  0%| F|  |TAMS 0x00000000e6a00000, 0x00000000e6a00000| Untracked 
| 107|0x00000000e6b00000, 0x00000000e6b00000, 0x00000000e6c00000|  0%| F|  |TAMS 0x00000000e6b00000, 0x00000000e6b00000| Untracked 
| 108|0x00000000e6c00000, 0x00000000e6c00000, 0x00000000e6d00000|  0%| F|  |TAMS 0x00000000e6c00000, 0x00000000e6c00000| Untracked 
| 109|0x00000000e6d00000, 0x00000000e6d00000, 0x00000000e6e00000|  0%| F|  |TAMS 0x00000000e6d00000, 0x00000000e6d00000| Untracked 
| 110|0x00000000e6e00000, 0x00000000e6e00000, 0x00000000e6f00000|  0%| F|  |TAMS 0x00000000e6e00000, 0x00000000e6e00000| Untracked 
| 111|0x00000000e6f00000, 0x00000000e6f00000, 0x00000000e7000000|  0%| F|  |TAMS 0x00000000e6f00000, 0x00000000e6f00000| Untracked 
| 112|0x00000000e7000000, 0x00000000e7000000, 0x00000000e7100000|  0%| F|  |TAMS 0x00000000e7000000, 0x00000000e7000000| Untracked 
| 113|0x00000000e7100000, 0x00000000e7100000, 0x00000000e7200000|  0%| F|  |TAMS 0x00000000e7100000, 0x00000000e7100000| Untracked 
| 114|0x00000000e7200000, 0x00000000e7200000, 0x00000000e7300000|  0%| F|  |TAMS 0x00000000e7200000, 0x00000000e7200000| Untracked 
| 115|0x00000000e7300000, 0x00000000e7300000, 0x00000000e7400000|  0%| F|  |TAMS 0x00000000e7300000, 0x00000000e7300000| Untracked 
| 116|0x00000000e7400000, 0x00000000e7400000, 0x00000000e7500000|  0%| F|  |TAMS 0x00000000e7400000, 0x00000000e7400000| Untracked 
| 117|0x00000000e7500000, 0x00000000e7500000, 0x00000000e7600000|  0%| F|  |TAMS 0x00000000e7500000, 0x00000000e7500000| Untracked 
| 118|0x00000000e7600000, 0x00000000e7600000, 0x00000000e7700000|  0%| F|  |TAMS 0x00000000e7600000, 0x00000000e7600000| Untracked 
| 119|0x00000000e7700000, 0x00000000e7700000, 0x00000000e7800000|  0%| F|  |TAMS 0x00000000e7700000, 0x00000000e7700000| Untracked 
| 120|0x00000000e7800000, 0x00000000e7800000, 0x00000000e7900000|  0%| F|  |TAMS 0x00000000e7800000, 0x00000000e7800000| Untracked 
| 121|0x00000000e7900000, 0x00000000e7900000, 0x00000000e7a00000|  0%| F|  |TAMS 0x00000000e7900000, 0x00000000e7900000| Untracked 
| 122|0x00000000e7a00000, 0x00000000e7a00000, 0x00000000e7b00000|  0%| F|  |TAMS 0x00000000e7a00000, 0x00000000e7a00000| Untracked 
| 123|0x00000000e7b00000, 0x00000000e7b00000, 0x00000000e7c00000|  0%| F|  |TAMS 0x00000000e7b00000, 0x00000000e7b00000| Untracked 
| 124|0x00000000e7c00000, 0x00000000e7c00000, 0x00000000e7d00000|  0%| F|  |TAMS 0x00000000e7c00000, 0x00000000e7c00000| Untracked 
| 125|0x00000000e7d00000, 0x00000000e7d00000, 0x00000000e7e00000|  0%| F|  |TAMS 0x00000000e7d00000, 0x00000000e7d00000| Untracked 
| 126|0x00000000e7e00000, 0x00000000e7e00000, 0x00000000e7f00000|  0%| F|  |TAMS 0x00000000e7e00000, 0x00000000e7e00000| Untracked 
| 127|0x00000000e7f00000, 0x00000000e7f00000, 0x00000000e8000000|  0%| F|  |TAMS 0x00000000e7f00000, 0x00000000e7f00000| Untracked 
| 128|0x00000000e8000000, 0x00000000e8000000, 0x00000000e8100000|  0%| F|  |TAMS 0x00000000e8000000, 0x00000000e8000000| Untracked 
| 129|0x00000000e8100000, 0x00000000e8100000, 0x00000000e8200000|  0%| F|  |TAMS 0x00000000e8100000, 0x00000000e8100000| Untracked 
| 130|0x00000000e8200000, 0x00000000e8200000, 0x00000000e8300000|  0%| F|  |TAMS 0x00000000e8200000, 0x00000000e8200000| Untracked 
| 131|0x00000000e8300000, 0x00000000e8300000, 0x00000000e8400000|  0%| F|  |TAMS 0x00000000e8300000, 0x00000000e8300000| Untracked 
| 132|0x00000000e8400000, 0x00000000e8400000, 0x00000000e8500000|  0%| F|  |TAMS 0x00000000e8400000, 0x00000000e8400000| Untracked 
| 133|0x00000000e8500000, 0x00000000e8500000, 0x00000000e8600000|  0%| F|  |TAMS 0x00000000e8500000, 0x00000000e8500000| Untracked 
| 134|0x00000000e8600000, 0x00000000e8600000, 0x00000000e8700000|  0%| F|  |TAMS 0x00000000e8600000, 0x00000000e8600000| Untracked 
| 135|0x00000000e8700000, 0x00000000e8700000, 0x00000000e8800000|  0%| F|  |TAMS 0x00000000e8700000, 0x00000000e8700000| Untracked 
| 136|0x00000000e8800000, 0x00000000e8800000, 0x00000000e8900000|  0%| F|  |TAMS 0x00000000e8800000, 0x00000000e8800000| Untracked 
| 137|0x00000000e8900000, 0x00000000e8900000, 0x00000000e8a00000|  0%| F|  |TAMS 0x00000000e8900000, 0x00000000e8900000| Untracked 
| 138|0x00000000e8a00000, 0x00000000e8a00000, 0x00000000e8b00000|  0%| F|  |TAMS 0x00000000e8a00000, 0x00000000e8a00000| Untracked 
| 139|0x00000000e8b00000, 0x00000000e8b00000, 0x00000000e8c00000|  0%| F|  |TAMS 0x00000000e8b00000, 0x00000000e8b00000| Untracked 
| 140|0x00000000e8c00000, 0x00000000e8c00000, 0x00000000e8d00000|  0%| F|  |TAMS 0x00000000e8c00000, 0x00000000e8c00000| Untracked 
| 141|0x00000000e8d00000, 0x00000000e8d00000, 0x00000000e8e00000|  0%| F|  |TAMS 0x00000000e8d00000, 0x00000000e8d00000| Untracked 
| 142|0x00000000e8e00000, 0x00000000e8e00000, 0x00000000e8f00000|  0%| F|  |TAMS 0x00000000e8e00000, 0x00000000e8e00000| Untracked 
| 143|0x00000000e8f00000, 0x00000000e8f00000, 0x00000000e9000000|  0%| F|  |TAMS 0x00000000e8f00000, 0x00000000e8f00000| Untracked 
| 144|0x00000000e9000000, 0x00000000e9000000, 0x00000000e9100000|  0%| F|  |TAMS 0x00000000e9000000, 0x00000000e9000000| Untracked 
| 145|0x00000000e9100000, 0x00000000e9100000, 0x00000000e9200000|  0%| F|  |TAMS 0x00000000e9100000, 0x00000000e9100000| Untracked 
| 146|0x00000000e9200000, 0x00000000e9200000, 0x00000000e9300000|  0%| F|  |TAMS 0x00000000e9200000, 0x00000000e9200000| Untracked 
| 147|0x00000000e9300000, 0x00000000e9300000, 0x00000000e9400000|  0%| F|  |TAMS 0x00000000e9300000, 0x00000000e9300000| Untracked 
| 148|0x00000000e9400000, 0x00000000e9400000, 0x00000000e9500000|  0%| F|  |TAMS 0x00000000e9400000, 0x00000000e9400000| Untracked 
| 149|0x00000000e9500000, 0x00000000e9500000, 0x00000000e9600000|  0%| F|  |TAMS 0x00000000e9500000, 0x00000000e9500000| Untracked 
| 150|0x00000000e9600000, 0x00000000e9600000, 0x00000000e9700000|  0%| F|  |TAMS 0x00000000e9600000, 0x00000000e9600000| Untracked 
| 151|0x00000000e9700000, 0x00000000e9700000, 0x00000000e9800000|  0%| F|  |TAMS 0x00000000e9700000, 0x00000000e9700000| Untracked 
| 152|0x00000000e9800000, 0x00000000e9800000, 0x00000000e9900000|  0%| F|  |TAMS 0x00000000e9800000, 0x00000000e9800000| Untracked 
| 153|0x00000000e9900000, 0x00000000e9900000, 0x00000000e9a00000|  0%| F|  |TAMS 0x00000000e9900000, 0x00000000e9900000| Untracked 
| 154|0x00000000e9a00000, 0x00000000e9a00000, 0x00000000e9b00000|  0%| F|  |TAMS 0x00000000e9a00000, 0x00000000e9a00000| Untracked 
| 155|0x00000000e9b00000, 0x00000000e9b00000, 0x00000000e9c00000|  0%| F|  |TAMS 0x00000000e9b00000, 0x00000000e9b00000| Untracked 
| 156|0x00000000e9c00000, 0x00000000e9c00000, 0x00000000e9d00000|  0%| F|  |TAMS 0x00000000e9c00000, 0x00000000e9c00000| Untracked 
| 157|0x00000000e9d00000, 0x00000000e9d00000, 0x00000000e9e00000|  0%| F|  |TAMS 0x00000000e9d00000, 0x00000000e9d00000| Untracked 
| 158|0x00000000e9e00000, 0x00000000e9e00000, 0x00000000e9f00000|  0%| F|  |TAMS 0x00000000e9e00000, 0x00000000e9e00000| Untracked 
| 159|0x00000000e9f00000, 0x00000000e9f00000, 0x00000000ea000000|  0%| F|  |TAMS 0x00000000e9f00000, 0x00000000e9f00000| Untracked 
| 160|0x00000000ea000000, 0x00000000ea000000, 0x00000000ea100000|  0%| F|  |TAMS 0x00000000ea000000, 0x00000000ea000000| Untracked 
| 161|0x00000000ea100000, 0x00000000ea100000, 0x00000000ea200000|  0%| F|  |TAMS 0x00000000ea100000, 0x00000000ea100000| Untracked 
| 162|0x00000000ea200000, 0x00000000ea200000, 0x00000000ea300000|  0%| F|  |TAMS 0x00000000ea200000, 0x00000000ea200000| Untracked 
| 163|0x00000000ea300000, 0x00000000ea300000, 0x00000000ea400000|  0%| F|  |TAMS 0x00000000ea300000, 0x00000000ea300000| Untracked 
| 164|0x00000000ea400000, 0x00000000ea400000, 0x00000000ea500000|  0%| F|  |TAMS 0x00000000ea400000, 0x00000000ea400000| Untracked 
| 165|0x00000000ea500000, 0x00000000ea500000, 0x00000000ea600000|  0%| F|  |TAMS 0x00000000ea500000, 0x00000000ea500000| Untracked 
| 166|0x00000000ea600000, 0x00000000ea600000, 0x00000000ea700000|  0%| F|  |TAMS 0x00000000ea600000, 0x00000000ea600000| Untracked 
| 167|0x00000000ea700000, 0x00000000ea700000, 0x00000000ea800000|  0%| F|  |TAMS 0x00000000ea700000, 0x00000000ea700000| Untracked 
| 168|0x00000000ea800000, 0x00000000ea800000, 0x00000000ea900000|  0%| F|  |TAMS 0x00000000ea800000, 0x00000000ea800000| Untracked 
| 169|0x00000000ea900000, 0x00000000ea900000, 0x00000000eaa00000|  0%| F|  |TAMS 0x00000000ea900000, 0x00000000ea900000| Untracked 
| 170|0x00000000eaa00000, 0x00000000eaa00000, 0x00000000eab00000|  0%| F|  |TAMS 0x00000000eaa00000, 0x00000000eaa00000| Untracked 
| 171|0x00000000eab00000, 0x00000000eab00000, 0x00000000eac00000|  0%| F|  |TAMS 0x00000000eab00000, 0x00000000eab00000| Untracked 
| 172|0x00000000eac00000, 0x00000000eac00000, 0x00000000ead00000|  0%| F|  |TAMS 0x00000000eac00000, 0x00000000eac00000| Untracked 
| 173|0x00000000ead00000, 0x00000000ead00000, 0x00000000eae00000|  0%| F|  |TAMS 0x00000000ead00000, 0x00000000ead00000| Untracked 
| 174|0x00000000eae00000, 0x00000000eae00000, 0x00000000eaf00000|  0%| F|  |TAMS 0x00000000eae00000, 0x00000000eae00000| Untracked 
| 175|0x00000000eaf00000, 0x00000000eaf00000, 0x00000000eb000000|  0%| F|  |TAMS 0x00000000eaf00000, 0x00000000eaf00000| Untracked 
| 176|0x00000000eb000000, 0x00000000eb000000, 0x00000000eb100000|  0%| F|  |TAMS 0x00000000eb000000, 0x00000000eb000000| Untracked 
| 177|0x00000000eb100000, 0x00000000eb100000, 0x00000000eb200000|  0%| F|  |TAMS 0x00000000eb100000, 0x00000000eb100000| Untracked 
| 178|0x00000000eb200000, 0x00000000eb200000, 0x00000000eb300000|  0%| F|  |TAMS 0x00000000eb200000, 0x00000000eb200000| Untracked 
| 179|0x00000000eb300000, 0x00000000eb300000, 0x00000000eb400000|  0%| F|  |TAMS 0x00000000eb300000, 0x00000000eb300000| Untracked 
| 180|0x00000000eb400000, 0x00000000eb400000, 0x00000000eb500000|  0%| F|  |TAMS 0x00000000eb400000, 0x00000000eb400000| Untracked 
| 181|0x00000000eb500000, 0x00000000eb500000, 0x00000000eb600000|  0%| F|  |TAMS 0x00000000eb500000, 0x00000000eb500000| Untracked 
| 182|0x00000000eb600000, 0x00000000eb600000, 0x00000000eb700000|  0%| F|  |TAMS 0x00000000eb600000, 0x00000000eb600000| Untracked 
| 183|0x00000000eb700000, 0x00000000eb700000, 0x00000000eb800000|  0%| F|  |TAMS 0x00000000eb700000, 0x00000000eb700000| Untracked 
| 184|0x00000000eb800000, 0x00000000eb800000, 0x00000000eb900000|  0%| F|  |TAMS 0x00000000eb800000, 0x00000000eb800000| Untracked 
| 185|0x00000000eb900000, 0x00000000eb900000, 0x00000000eba00000|  0%| F|  |TAMS 0x00000000eb900000, 0x00000000eb900000| Untracked 
| 186|0x00000000eba00000, 0x00000000eba00000, 0x00000000ebb00000|  0%| F|  |TAMS 0x00000000eba00000, 0x00000000eba00000| Untracked 
| 187|0x00000000ebb00000, 0x00000000ebb00000, 0x00000000ebc00000|  0%| F|  |TAMS 0x00000000ebb00000, 0x00000000ebb00000| Untracked 
| 188|0x00000000ebc00000, 0x00000000ebc00000, 0x00000000ebd00000|  0%| F|  |TAMS 0x00000000ebc00000, 0x00000000ebc00000| Untracked 
| 189|0x00000000ebd00000, 0x00000000ebd00000, 0x00000000ebe00000|  0%| F|  |TAMS 0x00000000ebd00000, 0x00000000ebd00000| Untracked 
| 190|0x00000000ebe00000, 0x00000000ebe00000, 0x00000000ebf00000|  0%| F|  |TAMS 0x00000000ebe00000, 0x00000000ebe00000| Untracked 
| 191|0x00000000ebf00000, 0x00000000ebf00000, 0x00000000ec000000|  0%| F|  |TAMS 0x00000000ebf00000, 0x00000000ebf00000| Untracked 
| 192|0x00000000ec000000, 0x00000000ec000000, 0x00000000ec100000|  0%| F|  |TAMS 0x00000000ec000000, 0x00000000ec000000| Untracked 
| 193|0x00000000ec100000, 0x00000000ec100000, 0x00000000ec200000|  0%| F|  |TAMS 0x00000000ec100000, 0x00000000ec100000| Untracked 
| 194|0x00000000ec200000, 0x00000000ec200000, 0x00000000ec300000|  0%| F|  |TAMS 0x00000000ec200000, 0x00000000ec200000| Untracked 
| 195|0x00000000ec300000, 0x00000000ec300000, 0x00000000ec400000|  0%| F|  |TAMS 0x00000000ec300000, 0x00000000ec300000| Untracked 
| 196|0x00000000ec400000, 0x00000000ec400000, 0x00000000ec500000|  0%| F|  |TAMS 0x00000000ec400000, 0x00000000ec400000| Untracked 
| 197|0x00000000ec500000, 0x00000000ec500000, 0x00000000ec600000|  0%| F|  |TAMS 0x00000000ec500000, 0x00000000ec500000| Untracked 
| 198|0x00000000ec600000, 0x00000000ec600000, 0x00000000ec700000|  0%| F|  |TAMS 0x00000000ec600000, 0x00000000ec600000| Untracked 
| 199|0x00000000ec700000, 0x00000000ec700000, 0x00000000ec800000|  0%| F|  |TAMS 0x00000000ec700000, 0x00000000ec700000| Untracked 
| 200|0x00000000ec800000, 0x00000000ec800000, 0x00000000ec900000|  0%| F|  |TAMS 0x00000000ec800000, 0x00000000ec800000| Untracked 
| 201|0x00000000ec900000, 0x00000000ec900000, 0x00000000eca00000|  0%| F|  |TAMS 0x00000000ec900000, 0x00000000ec900000| Untracked 
| 202|0x00000000eca00000, 0x00000000eca00000, 0x00000000ecb00000|  0%| F|  |TAMS 0x00000000eca00000, 0x00000000eca00000| Untracked 
| 203|0x00000000ecb00000, 0x00000000ecb00000, 0x00000000ecc00000|  0%| F|  |TAMS 0x00000000ecb00000, 0x00000000ecb00000| Untracked 
| 204|0x00000000ecc00000, 0x00000000ecc00000, 0x00000000ecd00000|  0%| F|  |TAMS 0x00000000ecc00000, 0x00000000ecc00000| Untracked 
| 205|0x00000000ecd00000, 0x00000000ecd00000, 0x00000000ece00000|  0%| F|  |TAMS 0x00000000ecd00000, 0x00000000ecd00000| Untracked 
| 206|0x00000000ece00000, 0x00000000ece00000, 0x00000000ecf00000|  0%| F|  |TAMS 0x00000000ece00000, 0x00000000ece00000| Untracked 
| 207|0x00000000ecf00000, 0x00000000ecf00000, 0x00000000ed000000|  0%| F|  |TAMS 0x00000000ecf00000, 0x00000000ecf00000| Untracked 
| 208|0x00000000ed000000, 0x00000000ed000000, 0x00000000ed100000|  0%| F|  |TAMS 0x00000000ed000000, 0x00000000ed000000| Untracked 
| 209|0x00000000ed100000, 0x00000000ed100000, 0x00000000ed200000|  0%| F|  |TAMS 0x00000000ed100000, 0x00000000ed100000| Untracked 
| 210|0x00000000ed200000, 0x00000000ed200000, 0x00000000ed300000|  0%| F|  |TAMS 0x00000000ed200000, 0x00000000ed200000| Untracked 
| 211|0x00000000ed300000, 0x00000000ed300000, 0x00000000ed400000|  0%| F|  |TAMS 0x00000000ed300000, 0x00000000ed300000| Untracked 
| 212|0x00000000ed400000, 0x00000000ed400000, 0x00000000ed500000|  0%| F|  |TAMS 0x00000000ed400000, 0x00000000ed400000| Untracked 
| 213|0x00000000ed500000, 0x00000000ed500000, 0x00000000ed600000|  0%| F|  |TAMS 0x00000000ed500000, 0x00000000ed500000| Untracked 
| 214|0x00000000ed600000, 0x00000000ed600000, 0x00000000ed700000|  0%| F|  |TAMS 0x00000000ed600000, 0x00000000ed600000| Untracked 
| 215|0x00000000ed700000, 0x00000000ed700000, 0x00000000ed800000|  0%| F|  |TAMS 0x00000000ed700000, 0x00000000ed700000| Untracked 
| 216|0x00000000ed800000, 0x00000000ed800000, 0x00000000ed900000|  0%| F|  |TAMS 0x00000000ed800000, 0x00000000ed800000| Untracked 
| 217|0x00000000ed900000, 0x00000000ed900000, 0x00000000eda00000|  0%| F|  |TAMS 0x00000000ed900000, 0x00000000ed900000| Untracked 
| 218|0x00000000eda00000, 0x00000000eda00000, 0x00000000edb00000|  0%| F|  |TAMS 0x00000000eda00000, 0x00000000eda00000| Untracked 
| 219|0x00000000edb00000, 0x00000000edb00000, 0x00000000edc00000|  0%| F|  |TAMS 0x00000000edb00000, 0x00000000edb00000| Untracked 
| 220|0x00000000edc00000, 0x00000000edc00000, 0x00000000edd00000|  0%| F|  |TAMS 0x00000000edc00000, 0x00000000edc00000| Untracked 
| 221|0x00000000edd00000, 0x00000000edd00000, 0x00000000ede00000|  0%| F|  |TAMS 0x00000000edd00000, 0x00000000edd00000| Untracked 
| 222|0x00000000ede00000, 0x00000000ede00000, 0x00000000edf00000|  0%| F|  |TAMS 0x00000000ede00000, 0x00000000ede00000| Untracked 
| 223|0x00000000edf00000, 0x00000000edf00000, 0x00000000ee000000|  0%| F|  |TAMS 0x00000000edf00000, 0x00000000edf00000| Untracked 
| 224|0x00000000ee000000, 0x00000000ee000000, 0x00000000ee100000|  0%| F|  |TAMS 0x00000000ee000000, 0x00000000ee000000| Untracked 
| 225|0x00000000ee100000, 0x00000000ee100000, 0x00000000ee200000|  0%| F|  |TAMS 0x00000000ee100000, 0x00000000ee100000| Untracked 
| 226|0x00000000ee200000, 0x00000000ee200000, 0x00000000ee300000|  0%| F|  |TAMS 0x00000000ee200000, 0x00000000ee200000| Untracked 
| 227|0x00000000ee300000, 0x00000000ee300000, 0x00000000ee400000|  0%| F|  |TAMS 0x00000000ee300000, 0x00000000ee300000| Untracked 
| 228|0x00000000ee400000, 0x00000000ee400000, 0x00000000ee500000|  0%| F|  |TAMS 0x00000000ee400000, 0x00000000ee400000| Untracked 
| 229|0x00000000ee500000, 0x00000000ee500000, 0x00000000ee600000|  0%| F|  |TAMS 0x00000000ee500000, 0x00000000ee500000| Untracked 
| 230|0x00000000ee600000, 0x00000000ee600000, 0x00000000ee700000|  0%| F|  |TAMS 0x00000000ee600000, 0x00000000ee600000| Untracked 
| 231|0x00000000ee700000, 0x00000000ee700000, 0x00000000ee800000|  0%| F|  |TAMS 0x00000000ee700000, 0x00000000ee700000| Untracked 
| 232|0x00000000ee800000, 0x00000000ee800000, 0x00000000ee900000|  0%| F|  |TAMS 0x00000000ee800000, 0x00000000ee800000| Untracked 
| 233|0x00000000ee900000, 0x00000000ee900000, 0x00000000eea00000|  0%| F|  |TAMS 0x00000000ee900000, 0x00000000ee900000| Untracked 
| 234|0x00000000eea00000, 0x00000000eea00000, 0x00000000eeb00000|  0%| F|  |TAMS 0x00000000eea00000, 0x00000000eea00000| Untracked 
| 235|0x00000000eeb00000, 0x00000000eeb00000, 0x00000000eec00000|  0%| F|  |TAMS 0x00000000eeb00000, 0x00000000eeb00000| Untracked 
| 236|0x00000000eec00000, 0x00000000eec00000, 0x00000000eed00000|  0%| F|  |TAMS 0x00000000eec00000, 0x00000000eec00000| Untracked 
| 237|0x00000000eed00000, 0x00000000eed00000, 0x00000000eee00000|  0%| F|  |TAMS 0x00000000eed00000, 0x00000000eed00000| Untracked 
| 238|0x00000000eee00000, 0x00000000eee00000, 0x00000000eef00000|  0%| F|  |TAMS 0x00000000eee00000, 0x00000000eee00000| Untracked 
| 239|0x00000000eef00000, 0x00000000eef00000, 0x00000000ef000000|  0%| F|  |TAMS 0x00000000eef00000, 0x00000000eef00000| Untracked 
| 240|0x00000000ef000000, 0x00000000ef000000, 0x00000000ef100000|  0%| F|  |TAMS 0x00000000ef000000, 0x00000000ef000000| Untracked 
| 241|0x00000000ef100000, 0x00000000ef100000, 0x00000000ef200000|  0%| F|  |TAMS 0x00000000ef100000, 0x00000000ef100000| Untracked 
| 242|0x00000000ef200000, 0x00000000ef200000, 0x00000000ef300000|  0%| F|  |TAMS 0x00000000ef200000, 0x00000000ef200000| Untracked 
| 243|0x00000000ef300000, 0x00000000ef300000, 0x00000000ef400000|  0%| F|  |TAMS 0x00000000ef300000, 0x00000000ef300000| Untracked 
| 244|0x00000000ef400000, 0x00000000ef400000, 0x00000000ef500000|  0%| F|  |TAMS 0x00000000ef400000, 0x00000000ef400000| Untracked 
| 245|0x00000000ef500000, 0x00000000ef500000, 0x00000000ef600000|  0%| F|  |TAMS 0x00000000ef500000, 0x00000000ef500000| Untracked 
| 246|0x00000000ef600000, 0x00000000ef600000, 0x00000000ef700000|  0%| F|  |TAMS 0x00000000ef600000, 0x00000000ef600000| Untracked 
| 247|0x00000000ef700000, 0x00000000ef700000, 0x00000000ef800000|  0%| F|  |TAMS 0x00000000ef700000, 0x00000000ef700000| Untracked 
| 248|0x00000000ef800000, 0x00000000ef800000, 0x00000000ef900000|  0%| F|  |TAMS 0x00000000ef800000, 0x00000000ef800000| Untracked 
| 249|0x00000000ef900000, 0x00000000ef900000, 0x00000000efa00000|  0%| F|  |TAMS 0x00000000ef900000, 0x00000000ef900000| Untracked 
| 250|0x00000000efa00000, 0x00000000efa4d8c0, 0x00000000efb00000| 30%| E|  |TAMS 0x00000000efa00000, 0x00000000efa00000| Complete 
| 251|0x00000000efb00000, 0x00000000efc00000, 0x00000000efc00000|100%| E|CS|TAMS 0x00000000efb00000, 0x00000000efb00000| Complete 
| 252|0x00000000efc00000, 0x00000000efd00000, 0x00000000efd00000|100%| E|CS|TAMS 0x00000000efc00000, 0x00000000efc00000| Complete 
| 253|0x00000000efd00000, 0x00000000efe00000, 0x00000000efe00000|100%| E|CS|TAMS 0x00000000efd00000, 0x00000000efd00000| Complete 
| 254|0x00000000efe00000, 0x00000000eff00000, 0x00000000eff00000|100%| E|CS|TAMS 0x00000000efe00000, 0x00000000efe00000| Complete 
| 255|0x00000000eff00000, 0x00000000f0000000, 0x00000000f0000000|100%| E|CS|TAMS 0x00000000eff00000, 0x00000000eff00000| Complete 

Card table byte_map: [0x0000015da5750000,0x0000015da5850000] _byte_map_base: 0x0000015da5050000

Marking Bits (Prev, Next): (CMBitMap*) 0x0000015d8eaa70e0, (CMBitMap*) 0x0000015d8eaa70a0
 Prev Bits: [0x0000015da6150000, 0x0000015da6950000)
 Next Bits: [0x0000015da5950000, 0x0000015da6150000)

Polling page: 0x0000015d8e250000

Metaspace:

Usage:
  Non-class:     41.28 MB used.
      Class:      6.88 MB used.
       Both:     48.17 MB used.

Virtual space:
  Non-class space:       64.00 MB reserved,      41.56 MB ( 65%) committed,  1 nodes.
      Class space:      320.00 MB reserved,       7.12 MB (  2%) committed,  1 nodes.
             Both:      384.00 MB reserved,      48.69 MB ( 13%) committed. 

Chunk freelists:
   Non-Class:  6.48 MB
       Class:  8.70 MB
        Both:  15.18 MB

MaxMetaspaceSize: 384.00 MB
CompressedClassSpaceSize: 320.00 MB
Initial GC threshold: 21.00 MB
Current GC threshold: 80.88 MB
CDS: on
MetaspaceReclaimPolicy: balanced
 - commit_granule_bytes: 65536.
 - commit_granule_words: 8192.
 - virtual_space_node_default_size: 8388608.
 - enlarge_chunks_in_place: 1.
 - new_chunks_are_fully_committed: 0.
 - uncommit_free_chunks: 1.
 - use_allocation_guard: 0.
 - handle_deallocations: 1.


Internal statistics:

num_allocs_failed_limit: 12.
num_arena_births: 586.
num_arena_deaths: 0.
num_vsnodes_births: 2.
num_vsnodes_deaths: 0.
num_space_committed: 779.
num_space_uncommitted: 0.
num_chunks_returned_to_freelist: 12.
num_chunks_taken_from_freelist: 2507.
num_chunk_merges: 12.
num_chunk_splits: 1644.
num_chunks_enlarged: 1104.
num_purges: 0.
num_inconsistent_stats: 0.

CodeHeap 'non-profiled nmethods': size=120000Kb used=3363Kb max_used=3363Kb free=116636Kb
 bounds [0x0000015d9ddf0000, 0x0000015d9e140000, 0x0000015da5320000]
CodeHeap 'profiled nmethods': size=120000Kb used=10359Kb max_used=10359Kb free=109640Kb
 bounds [0x0000015d96320000, 0x0000015d96d40000, 0x0000015d9d850000]
CodeHeap 'non-nmethods': size=5760Kb used=2341Kb max_used=2432Kb free=3419Kb
 bounds [0x0000015d9d850000, 0x0000015d9dac0000, 0x0000015d9ddf0000]
 total_blobs=6098 nmethods=5253 adapters=757
 compilation: enabled
              stopped_count=0, restarted_count=0
 full_count=0

Compilation events (20 events):
Event: 18.420 Thread 0x0000015dc5d0bb00 6004       4       com.esotericsoftware.kryo.io.Input::readUtf8Length (139 bytes)
Event: 18.422 Thread 0x0000015dc5d0bb00 nmethod 6004 0x0000015d9e136490 code [0x0000015d9e136600, 0x0000015d9e136718]
Event: 18.422 Thread 0x0000015dc5d0bb00 6013       4       org.gradle.internal.serialize.kryo.KryoBackedDecoder::readString (5 bytes)
Event: 18.424 Thread 0x0000015dc5d0bb00 nmethod 6013 0x0000015d9e136810 code [0x0000015d9e1369a0, 0x0000015d9e136a98]
Event: 18.424 Thread 0x0000015dc5d0bb00 6014       4       org.gradle.util.internal.SimpleMapInterner::intern (9 bytes)
Event: 18.454 Thread 0x0000015dc5d0bb00 nmethod 6014 0x0000015d9e136c10 code [0x0000015d9e136de0, 0x0000015d9e137578]
Event: 18.454 Thread 0x0000015dc5d0bb00 6015       4       org.gradle.util.internal.SimpleMapInterner::intern (40 bytes)
Event: 18.482 Thread 0x0000015dc5d0bb00 nmethod 6015 0x0000015d9e137a90 code [0x0000015d9e137c60, 0x0000015d9e1383f8]
Event: 18.507 Thread 0x0000015da953efc0 6022       3       java.util.Spliterators::emptySpliterator (4 bytes)
Event: 18.508 Thread 0x0000015da953efc0 nmethod 6022 0x0000015d96646e10 code [0x0000015d96646fa0, 0x0000015d96647098]
Event: 18.508 Thread 0x0000015da953efc0 6023       3       java.lang.management.ManagementFactory$$Lambda$62/0x0000015dab070ac8::apply (12 bytes)
Event: 18.508 Thread 0x0000015da953efc0 nmethod 6023 0x0000015d96d3b690 code [0x0000015d96d3b860, 0x0000015d96d3bc78]
Event: 18.508 Thread 0x0000015da953efc0 6024       3       java.lang.management.ManagementFactory::lambda$getPlatformMXBeans$3 (13 bytes)
Event: 18.508 Thread 0x0000015da953efc0 nmethod 6024 0x0000015d96d3bd90 code [0x0000015d96d3bf40, 0x0000015d96d3c1b8]
Event: 18.508 Thread 0x0000015da953efc0 6025       3       java.util.Spliterators$EmptySpliterator::forEachRemaining (6 bytes)
Event: 18.508 Thread 0x0000015da953efc0 nmethod 6025 0x0000015d96d3c290 code [0x0000015d96d3c440, 0x0000015d96d3c6a8]
Event: 18.509 Thread 0x0000015da953efc0 6026       3       java.util.Spliterators$EmptySpliterator$OfRef::forEachRemaining (6 bytes)
Event: 18.509 Thread 0x0000015da953efc0 nmethod 6026 0x0000015d96d3c790 code [0x0000015d96d3c940, 0x0000015d96d3cc08]
Event: 18.509 Thread 0x0000015da953efc0 6027       3       sun.management.MemoryPoolImpl::getType (15 bytes)
Event: 18.509 Thread 0x0000015da953efc0 nmethod 6027 0x0000015d96d3cd10 code [0x0000015d96d3cea0, 0x0000015d96d3d038]

GC Heap History (14 events):
Event: 1.501 GC heap before
{Heap before GC invocations=0 (full 0):
 garbage-first heap   total 262144K, used 26624K [0x00000000e0000000, 0x0000000100000000)
  region size 1024K, 23 young (23552K), 0 survivors (0K)
 Metaspace       used 3235K, committed 3328K, reserved 393216K
  class space    used 404K, committed 448K, reserved 327680K
}
Event: 1.532 GC heap after
{Heap after GC invocations=1 (full 0):
 garbage-first heap   total 262144K, used 10543K [0x00000000e0000000, 0x0000000100000000)
  region size 1024K, 3 young (3072K), 3 survivors (3072K)
 Metaspace       used 3235K, committed 3328K, reserved 393216K
  class space    used 404K, committed 448K, reserved 327680K
}
Event: 2.091 GC heap before
{Heap before GC invocations=1 (full 0):
 garbage-first heap   total 262144K, used 38191K [0x00000000e0000000, 0x0000000100000000)
  region size 1024K, 29 young (29696K), 3 survivors (3072K)
 Metaspace       used 4106K, committed 4224K, reserved 393216K
  class space    used 501K, committed 576K, reserved 327680K
}
Event: 2.095 GC heap after
{Heap after GC invocations=2 (full 0):
 garbage-first heap   total 262144K, used 15127K [0x00000000e0000000, 0x0000000100000000)
  region size 1024K, 4 young (4096K), 4 survivors (4096K)
 Metaspace       used 4106K, committed 4224K, reserved 393216K
  class space    used 501K, committed 576K, reserved 327680K
}
Event: 6.258 GC heap before
{Heap before GC invocations=2 (full 0):
 garbage-first heap   total 262144K, used 121623K [0x00000000e0000000, 0x0000000100000000)
  region size 1024K, 109 young (111616K), 4 survivors (4096K)
 Metaspace       used 21260K, committed 21504K, reserved 393216K
  class space    used 3149K, committed 3264K, reserved 327680K
}
Event: 6.271 GC heap after
{Heap after GC invocations=3 (full 0):
 garbage-first heap   total 262144K, used 22460K [0x00000000e0000000, 0x0000000100000000)
  region size 1024K, 12 young (12288K), 12 survivors (12288K)
 Metaspace       used 21260K, committed 21504K, reserved 393216K
  class space    used 3149K, committed 3264K, reserved 327680K
}
Event: 10.939 GC heap before
{Heap before GC invocations=4 (full 0):
 garbage-first heap   total 262144K, used 136124K [0x00000000e0000000, 0x0000000100000000)
  region size 1024K, 120 young (122880K), 12 survivors (12288K)
 Metaspace       used 35624K, committed 35968K, reserved 393216K
  class space    used 4967K, committed 5120K, reserved 327680K
}
Event: 10.955 GC heap after
{Heap after GC invocations=5 (full 0):
 garbage-first heap   total 262144K, used 31332K [0x00000000e0000000, 0x0000000100000000)
  region size 1024K, 16 young (16384K), 16 survivors (16384K)
 Metaspace       used 35624K, committed 35968K, reserved 393216K
  class space    used 4967K, committed 5120K, reserved 327680K
}
Event: 10.973 GC heap before
{Heap before GC invocations=5 (full 0):
 garbage-first heap   total 262144K, used 31332K [0x00000000e0000000, 0x0000000100000000)
  region size 1024K, 17 young (17408K), 16 survivors (16384K)
 Metaspace       used 35796K, committed 36224K, reserved 393216K
  class space    used 4975K, committed 5184K, reserved 327680K
}
Event: 10.985 GC heap after
{Heap after GC invocations=6 (full 0):
 garbage-first heap   total 262144K, used 31285K [0x00000000e0000000, 0x0000000100000000)
  region size 1024K, 2 young (2048K), 2 survivors (2048K)
 Metaspace       used 35796K, committed 36224K, reserved 393216K
  class space    used 4975K, committed 5184K, reserved 327680K
}
Event: 10.996 GC heap before
{Heap before GC invocations=6 (full 0):
 garbage-first heap   total 262144K, used 33333K [0x00000000e0000000, 0x0000000100000000)
  region size 1024K, 4 young (4096K), 2 survivors (2048K)
 Metaspace       used 35900K, committed 36288K, reserved 393216K
  class space    used 4975K, committed 5184K, reserved 327680K
}
Event: 10.997 GC heap after
{Heap after GC invocations=7 (full 0):
 garbage-first heap   total 262144K, used 31445K [0x00000000e0000000, 0x0000000100000000)
  region size 1024K, 1 young (1024K), 1 survivors (1024K)
 Metaspace       used 35900K, committed 36288K, reserved 393216K
  class space    used 4975K, committed 5184K, reserved 327680K
}
Event: 17.903 GC heap before
{Heap before GC invocations=8 (full 0):
 garbage-first heap   total 262144K, used 187093K [0x00000000e0000000, 0x0000000100000000)
  region size 1024K, 153 young (156672K), 1 survivors (1024K)
 Metaspace       used 49069K, committed 49600K, reserved 393216K
  class space    used 6996K, committed 7232K, reserved 327680K
}
Event: 17.924 GC heap after
{Heap after GC invocations=9 (full 0):
 garbage-first heap   total 262144K, used 41282K [0x00000000e0000000, 0x0000000100000000)
  region size 1024K, 12 young (12288K), 12 survivors (12288K)
 Metaspace       used 49069K, committed 49600K, reserved 393216K
  class space    used 6996K, committed 7232K, reserved 327680K
}

Deoptimization events (20 events):
Event: 17.782 Thread 0x0000015dc54bb800 Uncommon trap: trap_request=0xffffffc6 fr.pc=0x0000015d9e089284 relative=0x0000000000000264
Event: 17.782 Thread 0x0000015dc54bb800 Uncommon trap: reason=bimorphic_or_optimized_type_check action=maybe_recompile pc=0x0000015d9e089284 method=java.util.stream.StreamOpFlag.fromCharacteristics(Ljava/util/Spliterator;)I @ 14 c2
Event: 17.782 Thread 0x0000015dc54bb800 DEOPT PACKING pc=0x0000015d9e089284 sp=0x000000163befd6c0
Event: 17.782 Thread 0x0000015dc54bb800 DEOPT UNPACKING pc=0x0000015d9d8a5ba3 sp=0x000000163befd5a8 mode 2
Event: 17.795 Thread 0x0000015dc394b2b0 Uncommon trap: trap_request=0xffffff45 fr.pc=0x0000015d9de347f0 relative=0x00000000000001d0
Event: 17.795 Thread 0x0000015dc394b2b0 Uncommon trap: reason=unstable_if action=reinterpret pc=0x0000015d9de347f0 method=java.io.ObjectOutputStream$BlockDataOutputStream.drain()V @ 12 c2
Event: 17.795 Thread 0x0000015dc394b2b0 DEOPT PACKING pc=0x0000015d9de347f0 sp=0x0000001639afe710
Event: 17.795 Thread 0x0000015dc394b2b0 DEOPT UNPACKING pc=0x0000015d9d8a5ba3 sp=0x0000001639afe6d8 mode 2
Event: 17.866 Thread 0x0000015dc54bbcd0 Uncommon trap: trap_request=0xffffffde fr.pc=0x0000015d9df83e38 relative=0x00000000000008b8
Event: 17.866 Thread 0x0000015dc54bbcd0 Uncommon trap: reason=class_check action=maybe_recompile pc=0x0000015d9df83e38 method=java.io.BufferedInputStream.read1([BII)I @ 39 c2
Event: 17.866 Thread 0x0000015dc54bbcd0 DEOPT PACKING pc=0x0000015d9df83e38 sp=0x000000163c6fe3a0
Event: 17.866 Thread 0x0000015dc54bbcd0 DEOPT UNPACKING pc=0x0000015d9d8a5ba3 sp=0x000000163c6fe2b8 mode 2
Event: 18.000 Thread 0x0000015dc54bb800 Uncommon trap: trap_request=0xffffffdc fr.pc=0x0000015d9e12e578 relative=0x0000000000000258
Event: 18.000 Thread 0x0000015dc54bb800 Uncommon trap: reason=class_check action=make_not_entrant pc=0x0000015d9e12e578 method=java.util.ArrayList.toArray([Ljava/lang/Object;)[Ljava/lang/Object; @ 21 c2
Event: 18.000 Thread 0x0000015dc54bb800 DEOPT PACKING pc=0x0000015d9e12e578 sp=0x000000163befa850
Event: 18.000 Thread 0x0000015dc54bb800 DEOPT UNPACKING pc=0x0000015d9d8a5ba3 sp=0x000000163befa810 mode 2
Event: 18.013 Thread 0x0000015dc54bb800 Uncommon trap: trap_request=0xffffff45 fr.pc=0x0000015d9ded3d68 relative=0x00000000000005a8
Event: 18.013 Thread 0x0000015dc54bb800 Uncommon trap: reason=unstable_if action=reinterpret pc=0x0000015d9ded3d68 method=java.lang.String.regionMatches(ZILjava/lang/String;II)Z @ 1 c2
Event: 18.013 Thread 0x0000015dc54bb800 DEOPT PACKING pc=0x0000015d9ded3d68 sp=0x000000163bef9bc0
Event: 18.013 Thread 0x0000015dc54bb800 DEOPT UNPACKING pc=0x0000015d9d8a5ba3 sp=0x000000163bef9b68 mode 2

Classes unloaded (0 events):
No events

Classes redefined (0 events):
No events

Internal exceptions (20 events):
Event: 17.513 Thread 0x0000015dc4796ac0 Exception <a 'java/lang/ClassNotFoundException'{0x00000000e72c84f0}: org/gradle/api/plugins/internal/NaggingJavaPluginConventionCustomizer> (0x00000000e72c84f0) 
thrown [s\open\src\hotspot\share\classfile\systemDictionary.cpp, line 256]
Event: 17.532 Thread 0x0000015dc4796ac0 Exception <a 'java/lang/ClassNotFoundException'{0x00000000e7025208}: org/gradle/language/jvm/tasks/ProcessResources_DecoratedBeanInfo> (0x00000000e7025208) 
thrown [s\open\src\hotspot\share\classfile\systemDictionary.cpp, line 256]
Event: 17.534 Thread 0x0000015dc4796ac0 Exception <a 'java/lang/ClassNotFoundException'{0x00000000e7031e60}: org/gradle/language/jvm/tasks/ProcessResourcesBeanInfo> (0x00000000e7031e60) 
thrown [s\open\src\hotspot\share\classfile\systemDictionary.cpp, line 256]
Event: 17.535 Thread 0x0000015dc4796ac0 Exception <a 'java/lang/ClassNotFoundException'{0x00000000e703c470}: org/gradle/api/tasks/CopyBeanInfo> (0x00000000e703c470) 
thrown [s\open\src\hotspot\share\classfile\systemDictionary.cpp, line 256]
Event: 17.536 Thread 0x0000015dc4796ac0 Exception <a 'java/lang/ClassNotFoundException'{0x00000000e7046b88}: org/gradle/api/tasks/AbstractCopyTaskBeanInfo> (0x00000000e7046b88) 
thrown [s\open\src\hotspot\share\classfile\systemDictionary.cpp, line 256]
Event: 17.537 Thread 0x0000015dc4796ac0 Exception <a 'java/lang/ClassNotFoundException'{0x00000000e70512f8}: org/gradle/api/tasks/AbstractCopyTaskCustomizer> (0x00000000e70512f8) 
thrown [s\open\src\hotspot\share\classfile\systemDictionary.cpp, line 256]
Event: 17.544 Thread 0x0000015dc4796ac0 Exception <a 'java/lang/ClassNotFoundException'{0x00000000e70ca650}: org/gradle/api/tasks/CopyCustomizer> (0x00000000e70ca650) 
thrown [s\open\src\hotspot\share\classfile\systemDictionary.cpp, line 256]
Event: 17.547 Thread 0x0000015dc4796ac0 Exception <a 'java/lang/ClassNotFoundException'{0x00000000e70ece98}: org/gradle/language/jvm/tasks/ProcessResourcesCustomizer> (0x00000000e70ece98) 
thrown [s\open\src\hotspot\share\classfile\systemDictionary.cpp, line 256]
Event: 17.549 Thread 0x0000015dc4796ac0 Exception <a 'java/lang/ClassNotFoundException'{0x00000000e6f0cba0}: org/gradle/language/jvm/tasks/ProcessResources_DecoratedCustomizer> (0x00000000e6f0cba0) 
thrown [s\open\src\hotspot\share\classfile\systemDictionary.cpp, line 256]
Event: 17.558 Thread 0x0000015dc4796ac0 Exception <a 'java/lang/ClassNotFoundException'{0x00000000e6fa5e28}: org/gradle/api/DefaultTask_DecoratedBeanInfo> (0x00000000e6fa5e28) 
thrown [s\open\src\hotspot\share\classfile\systemDictionary.cpp, line 256]
Event: 17.559 Thread 0x0000015dc4796ac0 Exception <a 'java/lang/ClassNotFoundException'{0x00000000e6fb03d0}: org/gradle/api/DefaultTask_DecoratedCustomizer> (0x00000000e6fb03d0) 
thrown [s\open\src\hotspot\share\classfile\systemDictionary.cpp, line 256]
Event: 17.634 Thread 0x0000015dc30da060 Exception <a 'java/lang/NoSuchMethodError'{0x00000000e6a6b030}: 'java.lang.Object java.lang.invoke.DirectMethodHandle$Holder.newInvokeSpecial(java.lang.Object, java.lang.Object, java.lang.Object, java.lang.Object, int, java.lang.Object)'> (0x00000000e6a6b030) 
thrown [s\open\src\hotspot\share\interpreter\linkResolver.cpp, line 759]
Event: 17.635 Thread 0x0000015dc30da060 Exception <a 'java/lang/NoSuchMethodError'{0x00000000e6a6f0a8}: 'java.lang.Object java.lang.invoke.Invokers$Holder.linkToTargetMethod(java.lang.Object, java.lang.Object, java.lang.Object, int, java.lang.Object, java.lang.Object)'> (0x00000000e6a6f0a8) 
thrown [s\open\src\hotspot\share\interpreter\linkResolver.cpp, line 759]
Event: 17.699 Thread 0x0000015dc54bb800 Exception <a 'java/lang/NoSuchMethodError'{0x00000000e6d5f2c0}: 'void java.lang.invoke.DirectMethodHandle$Holder.invokeInterface(java.lang.Object, java.lang.Object, java.lang.Object, java.lang.Object)'> (0x00000000e6d5f2c0) 
thrown [s\open\src\hotspot\share\interpreter\linkResolver.cpp, line 759]
Event: 17.790 Thread 0x0000015dc394b2b0 Exception <a 'java/lang/NoSuchMethodError'{0x00000000e8c3ada0}: static Lorg/gradle/internal/build/event/types/DefaultTaskStartedProgressEvent;.<clinit>()V> (0x00000000e8c3ada0) 
thrown [s\open\src\hotspot\share\prims\jni.cpp, line 1107]
Event: 17.792 Thread 0x0000015dc394b2b0 Exception <a 'java/lang/NoSuchMethodError'{0x00000000e6705ee8}: static Lorg/gradle/internal/build/event/types/DefaultTaskDescriptor;.<clinit>()V> (0x00000000e6705ee8) 
thrown [s\open\src\hotspot\share\prims\jni.cpp, line 1107]
Event: 17.797 Thread 0x0000015dc394b2b0 Exception <a 'java/lang/NoSuchMethodError'{0x00000000e6723530}: static Lorg/gradle/internal/build/event/types/DefaultBinaryPluginIdentifier;.<clinit>()V> (0x00000000e6723530) 
thrown [s\open\src\hotspot\share\prims\jni.cpp, line 1107]
Event: 17.804 Thread 0x0000015dc54bb800 Exception <a 'java/lang/IncompatibleClassChangeError'{0x00000000e6759bd8}: Found class java.lang.Object, but interface was expected> (0x00000000e6759bd8) 
thrown [s\open\src\hotspot\share\interpreter\linkResolver.cpp, line 826]
Event: 18.255 Thread 0x0000015dc54bb800 Exception <a 'java/lang/IncompatibleClassChangeError'{0x00000000efde8ae8}: Found class java.lang.Object, but interface was expected> (0x00000000efde8ae8) 
thrown [s\open\src\hotspot\share\interpreter\linkResolver.cpp, line 826]
Event: 18.262 Thread 0x0000015dc54bb800 Exception <a 'java/lang/NoSuchMethodError'{0x00000000efc02428}: static Ljava/lang/Object;.<clinit>()V> (0x00000000efc02428) 
thrown [s\open\src\hotspot\share\prims\jni.cpp, line 1107]

VM Operations (20 events):
Event: 15.870 Executing VM operation: HandshakeAllThreads
Event: 15.870 Executing VM operation: HandshakeAllThreads done
Event: 15.933 Executing VM operation: ICBufferFull
Event: 15.934 Executing VM operation: ICBufferFull done
Event: 16.937 Executing VM operation: Cleanup
Event: 16.954 Executing VM operation: Cleanup done
Event: 17.312 Executing VM operation: HandshakeAllThreads
Event: 17.312 Executing VM operation: HandshakeAllThreads done
Event: 17.608 Executing VM operation: ICBufferFull
Event: 17.608 Executing VM operation: ICBufferFull done
Event: 17.761 Executing VM operation: HandshakeAllThreads
Event: 17.761 Executing VM operation: HandshakeAllThreads done
Event: 17.765 Executing VM operation: HandshakeAllThreads
Event: 17.765 Executing VM operation: HandshakeAllThreads done
Event: 17.901 Executing VM operation: G1CollectForAllocation
Event: 17.926 Executing VM operation: G1CollectForAllocation done
Event: 17.982 Executing VM operation: G1Concurrent
Event: 18.024 Executing VM operation: G1Concurrent done
Event: 18.047 Executing VM operation: G1Concurrent
Event: 18.067 Executing VM operation: G1Concurrent done

Events (20 events):
Event: 17.594 Thread 0x0000015dc843dd20 Thread added: 0x0000015dc843dd20
Event: 17.595 Thread 0x0000015dc843ceb0 Thread added: 0x0000015dc843ceb0
Event: 17.595 Thread 0x0000015dc843d380 Thread added: 0x0000015dc843d380
Event: 17.708 Thread 0x0000015dc54bbcd0 Thread added: 0x0000015dc54bbcd0
Event: 17.794 loading class java/io/SerialCallbackContext
Event: 17.795 loading class java/io/SerialCallbackContext done
Event: 17.896 loading class java/util/stream/ReferencePipeline$4
Event: 17.896 loading class java/util/stream/ReferencePipeline$4 done
Event: 17.896 loading class java/util/function/IntBinaryOperator
Event: 17.897 loading class java/util/function/IntBinaryOperator done
Event: 17.897 loading class java/util/stream/ReduceOps$6
Event: 17.897 loading class java/util/stream/ReduceOps$6 done
Event: 17.897 loading class java/util/stream/ReduceOps$5ReducingSink
Event: 17.897 loading class java/util/stream/ReduceOps$5ReducingSink done
Event: 17.898 loading class java/util/stream/ReferencePipeline$4$1
Event: 17.898 loading class java/util/stream/ReferencePipeline$4$1 done
Event: 18.260 loading class java/util/concurrent/ConcurrentSkipListMap$KeySet
Event: 18.260 loading class java/util/concurrent/ConcurrentSkipListMap$KeySet done
Event: 18.260 loading class java/util/concurrent/ConcurrentSkipListMap$KeyIterator
Event: 18.260 loading class java/util/concurrent/ConcurrentSkipListMap$KeyIterator done


Dynamic libraries:
0x00007ff604150000 - 0x00007ff604160000 	C:\Program Files\Java\jdk-17\bin\java.exe
0x00007ffc8a470000 - 0x00007ffc8a668000 	C:\WINDOWS\SYSTEM32\ntdll.dll
0x00007ffc89bf0000 - 0x00007ffc89cad000 	C:\WINDOWS\System32\KERNEL32.DLL
0x00007ffc87b50000 - 0x00007ffc87e46000 	C:\WINDOWS\System32\KERNELBASE.dll
0x00007ffc88300000 - 0x00007ffc88400000 	C:\WINDOWS\System32\ucrtbase.dll
0x00007ffc60ce0000 - 0x00007ffc60cf9000 	C:\Program Files\Java\jdk-17\bin\jli.dll
0x00007ffc89cb0000 - 0x00007ffc89d60000 	C:\WINDOWS\System32\ADVAPI32.dll
0x00007ffc88b40000 - 0x00007ffc88bde000 	C:\WINDOWS\System32\msvcrt.dll
0x00007ffc88cb0000 - 0x00007ffc88d50000 	C:\WINDOWS\System32\sechost.dll
0x00007ffc60d00000 - 0x00007ffc60d1b000 	C:\Program Files\Java\jdk-17\bin\VCRUNTIME140.dll
0x00007ffc89d60000 - 0x00007ffc89e83000 	C:\WINDOWS\System32\RPCRT4.dll
0x00007ffc87b20000 - 0x00007ffc87b47000 	C:\WINDOWS\System32\bcrypt.dll
0x00007ffc88680000 - 0x00007ffc8881f000 	C:\WINDOWS\System32\USER32.dll
0x00007ffc87ec0000 - 0x00007ffc87ee2000 	C:\WINDOWS\System32\win32u.dll
0x00007ffc89e90000 - 0x00007ffc89ebb000 	C:\WINDOWS\System32\GDI32.dll
0x00007ffc88030000 - 0x00007ffc88147000 	C:\WINDOWS\System32\gdi32full.dll
0x00007ffc88400000 - 0x00007ffc8849d000 	C:\WINDOWS\System32\msvcp_win.dll
0x00007ffc7efc0000 - 0x00007ffc7f25a000 	C:\WINDOWS\WinSxS\amd64_microsoft.windows.common-controls_6595b64144ccf1df_6.0.19041.4355_none_60b8b9eb71f62e16\COMCTL32.dll
0x00007ffc808f0000 - 0x00007ffc808fa000 	C:\WINDOWS\SYSTEM32\VERSION.dll
0x00007ffc89bb0000 - 0x00007ffc89be2000 	C:\WINDOWS\System32\IMM32.DLL
0x00007ffc710b0000 - 0x00007ffc710bc000 	C:\Program Files\Java\jdk-17\bin\vcruntime140_1.dll
0x00007ffc4e720000 - 0x00007ffc4e7ae000 	C:\Program Files\Java\jdk-17\bin\msvcp140.dll
0x00007ffc44750000 - 0x00007ffc4532e000 	C:\Program Files\Java\jdk-17\bin\server\jvm.dll
0x00007ffc89a10000 - 0x00007ffc89a18000 	C:\WINDOWS\System32\PSAPI.DLL
0x00007ffc76f90000 - 0x00007ffc76f99000 	C:\WINDOWS\SYSTEM32\WSOCK32.dll
0x00007ffc88d50000 - 0x00007ffc88dbb000 	C:\WINDOWS\System32\WS2_32.dll
0x00007ffc82ce0000 - 0x00007ffc82d07000 	C:\WINDOWS\SYSTEM32\WINMM.dll
0x00007ffc85b40000 - 0x00007ffc85b52000 	C:\WINDOWS\SYSTEM32\kernel.appcore.dll
0x00007ffc64430000 - 0x00007ffc6443a000 	C:\Program Files\Java\jdk-17\bin\jimage.dll
0x00007ffc85710000 - 0x00007ffc858f4000 	C:\WINDOWS\SYSTEM32\DBGHELP.DLL
0x00007ffc82c60000 - 0x00007ffc82c94000 	C:\WINDOWS\SYSTEM32\dbgcore.DLL
0x00007ffc87fa0000 - 0x00007ffc88022000 	C:\WINDOWS\System32\bcryptPrimitives.dll
0x00007ffc63640000 - 0x00007ffc6364e000 	C:\Program Files\Java\jdk-17\bin\instrument.dll
0x00007ffc60cb0000 - 0x00007ffc60cd5000 	C:\Program Files\Java\jdk-17\bin\java.dll
0x00007ffc4bb90000 - 0x00007ffc4bc67000 	C:\Program Files\Java\jdk-17\bin\jsvml.dll
0x00007ffc892a0000 - 0x00007ffc89a0b000 	C:\WINDOWS\System32\SHELL32.dll
0x00007ffc85b60000 - 0x00007ffc862fd000 	C:\WINDOWS\SYSTEM32\windows.storage.dll
0x00007ffc89ff0000 - 0x00007ffc8a343000 	C:\WINDOWS\System32\combase.dll
0x00007ffc87470000 - 0x00007ffc8749e000 	C:\WINDOWS\SYSTEM32\Wldp.dll
0x00007ffc88be0000 - 0x00007ffc88cad000 	C:\WINDOWS\System32\OLEAUT32.dll
0x00007ffc89aa0000 - 0x00007ffc89b4d000 	C:\WINDOWS\System32\SHCORE.dll
0x00007ffc88ae0000 - 0x00007ffc88b35000 	C:\WINDOWS\System32\shlwapi.dll
0x00007ffc87a50000 - 0x00007ffc87a74000 	C:\WINDOWS\SYSTEM32\profapi.dll
0x00007ffc52b80000 - 0x00007ffc52b98000 	C:\Program Files\Java\jdk-17\bin\zip.dll
0x00007ffc50ef0000 - 0x00007ffc50f09000 	C:\Program Files\Java\jdk-17\bin\net.dll
0x00007ffc81250000 - 0x00007ffc8135a000 	C:\WINDOWS\SYSTEM32\WINHTTP.dll
0x00007ffc87180000 - 0x00007ffc871ea000 	C:\WINDOWS\system32\mswsock.dll
0x00007ffc50c40000 - 0x00007ffc50c56000 	C:\Program Files\Java\jdk-17\bin\nio.dll
0x00007ffc633e0000 - 0x00007ffc633f0000 	C:\Program Files\Java\jdk-17\bin\verify.dll
0x00007ffc4fbe0000 - 0x00007ffc4fc07000 	C:\gradle-8.2.1\native\68d5fa5c4cc2d200863cafc0d521ce42e7d3e7ee720ec0a83991735586a16f82\windows-amd64\native-platform.dll
0x00007ffc01e10000 - 0x00007ffc01f54000 	C:\gradle-8.2.1\native\e376f236ea51e6404a007f0833ffe2c6e607c4080706a723a18a27aeea778392\windows-amd64\native-platform-file-events.dll
0x00007ffc63370000 - 0x00007ffc6337a000 	C:\Program Files\Java\jdk-17\bin\management.dll
0x00007ffc61020000 - 0x00007ffc6102b000 	C:\Program Files\Java\jdk-17\bin\management_ext.dll
0x00007ffc873a0000 - 0x00007ffc873b8000 	C:\WINDOWS\SYSTEM32\CRYPTSP.dll
0x00007ffc86ab0000 - 0x00007ffc86ae4000 	C:\WINDOWS\system32\rsaenh.dll
0x00007ffc87a00000 - 0x00007ffc87a2e000 	C:\WINDOWS\SYSTEM32\USERENV.dll
0x00007ffc873c0000 - 0x00007ffc873cc000 	C:\WINDOWS\SYSTEM32\CRYPTBASE.dll
0x00007ffc86e80000 - 0x00007ffc86ebb000 	C:\WINDOWS\SYSTEM32\IPHLPAPI.DLL
0x00007ffc89ec0000 - 0x00007ffc89ec8000 	C:\WINDOWS\System32\NSI.dll
0x00007ffc808d0000 - 0x00007ffc808e7000 	C:\WINDOWS\SYSTEM32\dhcpcsvc6.DLL
0x00007ffc808b0000 - 0x00007ffc808cd000 	C:\WINDOWS\SYSTEM32\dhcpcsvc.DLL
0x00007ffc86ec0000 - 0x00007ffc86f8b000 	C:\WINDOWS\SYSTEM32\DNSAPI.dll
0x00007ffc60fd0000 - 0x00007ffc60fde000 	C:\Program Files\Java\jdk-17\bin\sunmscapi.dll
0x00007ffc88150000 - 0x00007ffc882ae000 	C:\WINDOWS\System32\CRYPT32.dll
0x00007ffc874e0000 - 0x00007ffc87509000 	C:\WINDOWS\SYSTEM32\ncrypt.dll
0x00007ffc874a0000 - 0x00007ffc874db000 	C:\WINDOWS\SYSTEM32\NTASN1.dll
0x00007ffc80da0000 - 0x00007ffc80da7000 	C:\WINDOWS\system32\wshunix.dll

dbghelp: loaded successfully - version: 4.0.5 - missing functions: none
symbol engine: initialized successfully - sym options: 0x614 - pdb path: .;C:\Program Files\Java\jdk-17\bin;C:\WINDOWS\SYSTEM32;C:\WINDOWS\WinSxS\amd64_microsoft.windows.common-controls_6595b64144ccf1df_6.0.19041.4355_none_60b8b9eb71f62e16;C:\Program Files\Java\jdk-17\bin\server;C:\gradle-8.2.1\native\68d5fa5c4cc2d200863cafc0d521ce42e7d3e7ee720ec0a83991735586a16f82\windows-amd64;C:\gradle-8.2.1\native\e376f236ea51e6404a007f0833ffe2c6e607c4080706a723a18a27aeea778392\windows-amd64

VM Arguments:
jvm_args: --add-opens=java.base/java.util=ALL-UNNAMED --add-opens=java.base/java.lang=ALL-UNNAMED --add-opens=java.base/java.lang.invoke=ALL-UNNAMED --add-opens=java.prefs/java.util.prefs=ALL-UNNAMED --add-opens=java.base/java.nio.charset=ALL-UNNAMED --add-opens=java.base/java.net=ALL-UNNAMED --add-opens=java.base/java.util.concurrent.atomic=ALL-UNNAMED -XX:MaxMetaspaceSize=384m -XX:+HeapDumpOnOutOfMemoryError -Xms256m -Xmx512m -Dfile.encoding=windows-1252 -Duser.country=US -Duser.language=en -Duser.variant -javaagent:C:\gradle-8.2.1\lib\agents\gradle-instrumentation-agent-8.2.1.jar 
java_command: org.gradle.launcher.daemon.bootstrap.GradleDaemon 8.2.1
java_class_path (initial): C:\gradle-8.2.1\lib\gradle-launcher-8.2.1.jar
Launcher Type: SUN_STANDARD

[Global flags]
     intx CICompilerCount                          = 4                                         {product} {ergonomic}
   size_t CompressedClassSpaceSize                 = 335544320                                 {product} {ergonomic}
     uint ConcGCThreads                            = 2                                         {product} {ergonomic}
     uint G1ConcRefinementThreads                  = 8                                         {product} {ergonomic}
   size_t G1HeapRegionSize                         = 1048576                                   {product} {ergonomic}
    uintx GCDrainStackTargetSize                   = 64                                        {product} {ergonomic}
     bool HeapDumpOnOutOfMemoryError               = true                                   {manageable} {command line}
   size_t InitialHeapSize                          = 268435456                                 {product} {command line}
   size_t MarkStackSize                            = 4194304                                   {product} {ergonomic}
   size_t MaxHeapSize                              = 536870912                                 {product} {command line}
   size_t MaxMetaspaceSize                         = 402653184                                 {product} {command line}
   size_t MaxNewSize                               = 321912832                                 {product} {ergonomic}
   size_t MinHeapDeltaBytes                        = 1048576                                   {product} {ergonomic}
   size_t MinHeapSize                              = 268435456                                 {product} {command line}
    uintx NonNMethodCodeHeapSize                   = 5839372                                {pd product} {ergonomic}
    uintx NonProfiledCodeHeapSize                  = 122909434                              {pd product} {ergonomic}
    uintx ProfiledCodeHeapSize                     = 122909434                              {pd product} {ergonomic}
    uintx ReservedCodeCacheSize                    = 251658240                              {pd product} {ergonomic}
     bool SegmentedCodeCache                       = true                                      {product} {ergonomic}
   size_t SoftMaxHeapSize                          = 536870912                              {manageable} {ergonomic}
     bool UseCompressedClassPointers               = true                           {product lp64_product} {ergonomic}
     bool UseCompressedOops                        = true                           {product lp64_product} {ergonomic}
     bool UseG1GC                                  = true                                      {product} {ergonomic}
     bool UseLargePagesIndividualAllocation        = false                                  {pd product} {ergonomic}

Logging:
Log output configuration:
 #0: stdout all=warning uptime,level,tags
 #1: stderr all=off uptime,level,tags

Environment Variables:
JAVA_HOME=C:\Program Files\Java\jdk-17
PATH=C:\Program Files\Common Files\Oracle\Java\javapath;C:\Program Files\Microsoft MPI\Bin\;C:\WINDOWS\system32;C:\WINDOWS;C:\WINDOWS\System32\Wbem;C:\WINDOWS\System32\WindowsPowerShell\v1.0\;C:\WINDOWS\System32\OpenSSH\;C:\Program Files\Microsoft SQL Server\Client SDK\ODBC\130\Tools\Binn\;C:\Program Files\Azure Data Studio\bin;C:\Program Files\MongoDB\Server\5.0\bin;C:\Program Files\MongoDB\Tools\100\bin;C:\Program Files\Microsoft SQL Server\Client SDK\ODBC\170\Tools\Binn\;C:\Program Files (x86)\Microsoft SQL Server\150\Tools\Binn\;C:\Program Files\Microsoft SQL Server\150\Tools\Binn\;C:\Program Files\Microsoft SQL Server\150\DTS\Binn\;C:\Program Files (x86)\Microsoft SQL Server\150\DTS\Binn\;C:\Program Files\nodejs\;C:\Program Files\Java\jdk-17\bin;C:\Program Files\dotnet\;C:\gradle-8.2.1\bin\;C:\apache-maven-3.9.4\bin\;C:\Program Files\TortoiseGit\bin;C:\Program Files\Docker\Docker\resources\bin;C:\kafka\bin;C:\Program Files\Git\cmd;C:\Users\LENOVO\AppData\Local\Programs\Python\Python311\Scripts\;C:\Users\LENOVO\AppData\Local\Programs\Python\Python311\;C:\Users\LENOVO\AppData\Local\Microsoft\WindowsApps;C:\Program Files\Azure Data Studio\bin;C:\Program Files\Azure Data Studio\bin;C:\Program Files\Azure Data Studio\bin;C:\Program Files\Azure Data Studio\bin;C:\Users\LENOVO\AppData\Local\Programs\mongosh\;C:\Users\LENOVO\AppData\Local\Programs\Microsoft VS Code\bin;C:\Users\LENOVO\AppData\Roaming\npm;C:\Program Files\JetBrains\IntelliJ IDEA 2023.2.1\bin;;C:\Users\LENOVO\.dotnet\tools;C:\Users\LENOVO\AppData\Local\Google\Cloud SDK\google-cloud-sdk\bin
USERNAME=LENOVO
OS=Windows_NT
PROCESSOR_IDENTIFIER=Intel64 Family 6 Model 126 Stepping 5, GenuineIntel



---------------  S Y S T E M  ---------------

OS:
 Windows 10 , 64 bit Build 19041 (10.0.19041.3636)
OS uptime: 3 days 5:26 hours
Hyper-V role detected

CPU: total 8 (initial active 8) (4 cores per cpu, 2 threads per core) family 6 model 126 stepping 5 microcode 0xa0, cx8, cmov, fxsr, ht, mmx, 3dnowpref, sse, sse2, sse3, ssse3, sse4.1, sse4.2, popcnt, lzcnt, tsc, tscinvbit, avx, avx2, aes, erms, clmul, bmi1, bmi2, adx, avx512f, avx512dq, avx512cd, avx512bw, avx512vl, sha, fma, vzeroupper, avx512_vpopcntdq, avx512_vpclmulqdq, avx512_vaes, avx512_vnni, clflush, clflushopt, avx512_vbmi2, avx512_vbmi, hv

Memory: 4k page, system-wide physical 16086M (1977M free)
TotalPageFile size 24086M (AvailPageFile size 6M)
current process WorkingSet (physical memory assigned to process): 393M, peak: 402M
current process commit charge ("private bytes"): 504M, peak: 508M

vm_info: Java HotSpot(TM) 64-Bit Server VM (17.0.8+9-LTS-211) for windows-amd64 JRE (17.0.8+9-LTS-211), built on Jun 14 2023 10:34:31 by "mach5one" with MS VC++ 17.1 (VS2022)

END.
